#
# There is insufficient memory for the Java Runtime Environment to continue.
# Native memory allocation (malloc) failed to allocate 2211216 bytes for Chunk::new
# Possible reasons:
#   The system is out of physical RAM or swap space
#   The process is running with CompressedOops enabled, and the Java Heap may be blocking the growth of the native heap
# Possible solutions:
#   Reduce memory load on the system
#   Increase physical memory or swap space
#   Check if swap backing store is full
#   Decrease Java heap size (-Xmx/-Xms)
#   Decrease number of Java threads
#   Decrease Java thread stack sizes (-Xss)
#   Set larger code cache with -XX:ReservedCodeCacheSize=
#   JVM is running with Unscaled Compressed Oops mode in which the Java heap is
#     placed in the first 4GB address space. The Java Heap base address is the
#     maximum limit for the native heap growth. Please use -XX:HeapBaseMinAddress
#     to set the Java Heap base and to place the Java Heap above 4GB virtual address.
# This output file may be truncated or incomplete.
#
#  Out of Memory Error (./src/hotspot/share/memory/arena.cpp:197), pid=19132, tid=10156
#
# JRE version: OpenJDK Runtime Environment (11.0.10) (build 11.0.10+0-b96-7249189)
# Java VM: OpenJDK 64-Bit Server VM (11.0.10+0-b96-7249189, mixed mode, tiered, compressed oops, g1 gc, windows-amd64)
# No core dump will be written. Minidumps are not enabled by default on client versions of Windows
#

---------------  S U M M A R Y ------------

Command Line: --add-opens=java.base/java.util=ALL-UNNAMED --add-opens=java.base/java.lang=ALL-UNNAMED --add-opens=java.base/java.lang.invoke=ALL-UNNAMED --add-opens=java.base/java.util=ALL-UNNAMED --add-opens=java.prefs/java.util.prefs=ALL-UNNAMED --add-opens=java.prefs/java.util.prefs=ALL-UNNAMED --add-opens=java.base/java.nio.charset=ALL-UNNAMED --add-opens=java.base/java.net=ALL-UNNAMED --add-opens=java.base/java.util.concurrent.atomic=ALL-UNNAMED -Xmx2048m -Dfile.encoding=UTF-8 -Duser.country=US -Duser.language=en -Duser.variant org.gradle.launcher.daemon.bootstrap.GradleDaemon 7.0.2

Host: Intel(R) Core(TM) i5-9300H CPU @ 2.40GHz, 8 cores, 7G,  Windows 10 , 64 bit Build 19041 (10.0.19041.1348)
Time: Sun Jan  9 22:15:04 2022 SE Asia Standard Time elapsed time: 27.595588 seconds (0d 0h 0m 27s)

---------------  T H R E A D  ---------------

Current thread (0x0000012b4b817800):  JavaThread "C2 CompilerThread0" daemon [_thread_in_native, id=10156, stack(0x0000000db2800000,0x0000000db2900000)]


Current CompileTask:
C2:  27595 6737   !   4       com.sun.beans.TypeResolver::resolve (261 bytes)

Stack: [0x0000000db2800000,0x0000000db2900000]
Native frames: (J=compiled Java code, j=interpreted, Vv=VM code, C=native code)
V  [jvm.dll+0x5ecfaa]
V  [jvm.dll+0x722bd5]
V  [jvm.dll+0x72412d]
V  [jvm.dll+0x7247e3]
V  [jvm.dll+0x242928]
V  [jvm.dll+0xbc4fc]
V  [jvm.dll+0xbca0c]
V  [jvm.dll+0x352d3b]
V  [jvm.dll+0x320ad3]
V  [jvm.dll+0x31ffca]
V  [jvm.dll+0x1fb602]
V  [jvm.dll+0x1fa7f4]
V  [jvm.dll+0x18354c]
V  [jvm.dll+0x208ee7]
V  [jvm.dll+0x207731]
V  [jvm.dll+0x6eb1cf]
V  [jvm.dll+0x6e3d45]
V  [jvm.dll+0x5ebe96]
C  [ucrtbase.dll+0x21bb2]
C  [KERNEL32.DLL+0x17034]
C  [ntdll.dll+0x52651]


---------------  P R O C E S S  ---------------

Threads class SMR info:
_java_thread_list=0x0000012b51c04f00, length=52, elements={
0x0000012b3138f000, 0x0000012b4b7ef800, 0x0000012b4b7f2800, 0x0000012b4b80a000,
0x0000012b4b80c000, 0x0000012b4b80e800, 0x0000012b4b817800, 0x0000012b4b81c000,
0x0000012b4b824000, 0x0000012b4c2be800, 0x0000012b4df28800, 0x0000012b4d5ba800,
0x0000012b4f0d0800, 0x0000012b4d1f9000, 0x0000012b4e2be800, 0x0000012b4db62800,
0x0000012b4d8e5000, 0x0000012b4d0f9800, 0x0000012b4c8e2000, 0x0000012b4e523800,
0x0000012b4e524000, 0x0000012b4e525000, 0x0000012b4e51f800, 0x0000012b4d42e800,
0x0000012b4e522800, 0x0000012b4e526000, 0x0000012b4e521000, 0x0000012b4e520000,
0x0000012b4e522000, 0x0000012b4f2dc800, 0x0000012b51f5c000, 0x0000012b51f5b800,
0x0000012b51f59000, 0x0000012b51f5d000, 0x0000012b51f5e000, 0x0000012b51f58000,
0x0000012b51f62000, 0x0000012b51f61000, 0x0000012b51f5e800, 0x0000012b51f64800,
0x0000012b51f5f800, 0x0000012b51f62800, 0x0000012b51f63800, 0x0000012b51f65000,
0x0000012b51f66000, 0x0000012b51f60800, 0x0000012b5320d000, 0x0000012b53211000,
0x0000012b5320d800, 0x0000012b53210000, 0x0000012b5320e800, 0x0000012b53214000
}

Java Threads: ( => current thread )
  0x0000012b3138f000 JavaThread "main" [_thread_blocked, id=12908, stack(0x0000000db1c00000,0x0000000db1d00000)]
  0x0000012b4b7ef800 JavaThread "Reference Handler" daemon [_thread_blocked, id=1300, stack(0x0000000db2300000,0x0000000db2400000)]
  0x0000012b4b7f2800 JavaThread "Finalizer" daemon [_thread_blocked, id=3400, stack(0x0000000db2400000,0x0000000db2500000)]
  0x0000012b4b80a000 JavaThread "Signal Dispatcher" daemon [_thread_blocked, id=8080, stack(0x0000000db2500000,0x0000000db2600000)]
  0x0000012b4b80c000 JavaThread "Attach Listener" daemon [_thread_blocked, id=5556, stack(0x0000000db2600000,0x0000000db2700000)]
  0x0000012b4b80e800 JavaThread "Service Thread" daemon [_thread_blocked, id=20204, stack(0x0000000db2700000,0x0000000db2800000)]
=>0x0000012b4b817800 JavaThread "C2 CompilerThread0" daemon [_thread_in_native, id=10156, stack(0x0000000db2800000,0x0000000db2900000)]
  0x0000012b4b81c000 JavaThread "C1 CompilerThread0" daemon [_thread_blocked, id=18740, stack(0x0000000db2900000,0x0000000db2a00000)]
  0x0000012b4b824000 JavaThread "Sweeper thread" daemon [_thread_blocked, id=4872, stack(0x0000000db2a00000,0x0000000db2b00000)]
  0x0000012b4c2be800 JavaThread "Common-Cleaner" daemon [_thread_blocked, id=4380, stack(0x0000000db2b00000,0x0000000db2c00000)]
  0x0000012b4df28800 JavaThread "Daemon health stats" [_thread_blocked, id=15480, stack(0x0000000db3100000,0x0000000db3200000)]
  0x0000012b4d5ba800 JavaThread "Incoming local TCP Connector on port 55594" [_thread_in_native, id=3664, stack(0x0000000db2d00000,0x0000000db2e00000)]
  0x0000012b4f0d0800 JavaThread "Daemon periodic checks" [_thread_blocked, id=2024, stack(0x0000000db3000000,0x0000000db3100000)]
  0x0000012b4d1f9000 JavaThread "Daemon" [_thread_blocked, id=2904, stack(0x0000000db3200000,0x0000000db3300000)]
  0x0000012b4e2be800 JavaThread "Handler for socket connection from /127.0.0.1:55594 to /127.0.0.1:55595" [_thread_in_native, id=8348, stack(0x0000000db3300000,0x0000000db3400000)]
  0x0000012b4db62800 JavaThread "Cancel handler" [_thread_blocked, id=8388, stack(0x0000000db3400000,0x0000000db3500000)]
  0x0000012b4d8e5000 JavaThread "Daemon worker" [_thread_in_Java, id=15380, stack(0x0000000db3500000,0x0000000db3600000)]
  0x0000012b4d0f9800 JavaThread "Asynchronous log dispatcher for DefaultDaemonConnection: socket connection from /127.0.0.1:55594 to /127.0.0.1:55595" [_thread_blocked, id=19788, stack(0x0000000db3600000,0x0000000db3700000)]
  0x0000012b4c8e2000 JavaThread "Stdin handler" [_thread_blocked, id=7492, stack(0x0000000db3700000,0x0000000db3800000)]
  0x0000012b4e523800 JavaThread "Daemon client event forwarder" [_thread_blocked, id=7884, stack(0x0000000db3800000,0x0000000db3900000)]
  0x0000012b4e524000 JavaThread "Cache worker for file hash cache (C:\Users\nguye\.gradle\caches\7.0.2\fileHashes)" [_thread_blocked, id=8484, stack(0x0000000db3e00000,0x0000000db3f00000)]
  0x0000012b4e525000 JavaThread "File lock request listener" [_thread_in_native, id=7192, stack(0x0000000db3f00000,0x0000000db4000000)]
  0x0000012b4e51f800 JavaThread "Cache worker for journal cache (C:\Users\nguye\.gradle\caches\journal-1)" [_thread_blocked, id=3028, stack(0x0000000db4100000,0x0000000db4200000)]
  0x0000012b4d42e800 JavaThread "C2 CompilerThread1" daemon [_thread_in_native, id=2584, stack(0x0000000db4200000,0x0000000db4300000)]
  0x0000012b4e522800 JavaThread "Cache worker for file hash cache (E:\Android\Final\TimePlanner\Time-Planner-App\.gradle\7.0.2\fileHashes)" [_thread_blocked, id=17212, stack(0x0000000db4300000,0x0000000db4400000)]
  0x0000012b4e526000 JavaThread "File watcher server" daemon [_thread_in_native, id=8456, stack(0x0000000db4400000,0x0000000db4500000)]
  0x0000012b4e521000 JavaThread "File watcher consumer" daemon [_thread_blocked, id=8312, stack(0x0000000db4500000,0x0000000db4600000)]
  0x0000012b4e520000 JavaThread "Cache worker for checksums cache (E:\Android\Final\TimePlanner\Time-Planner-App\.gradle\checksums)" [_thread_blocked, id=2700, stack(0x0000000db4600000,0x0000000db4700000)]
  0x0000012b4e522000 JavaThread "Cache worker for cache directory md-supplier (C:\Users\nguye\.gradle\caches\7.0.2\md-supplier)" [_thread_blocked, id=152, stack(0x0000000db4700000,0x0000000db4800000)]
  0x0000012b4f2dc800 JavaThread "C2 CompilerThread2" daemon [_thread_in_native, id=5076, stack(0x0000000db4800000,0x0000000db4900000)]
  0x0000012b51f5c000 JavaThread "Cache worker for cache directory md-rule (C:\Users\nguye\.gradle\caches\7.0.2\md-rule)" [_thread_blocked, id=22004, stack(0x0000000db4900000,0x0000000db4a00000)]
  0x0000012b51f5b800 JavaThread "Cache worker for execution history cache (C:\Users\nguye\.gradle\caches\7.0.2\executionHistory)" [_thread_blocked, id=19224, stack(0x0000000db4a00000,0x0000000db4b00000)]
  0x0000012b51f59000 JavaThread "jar transforms" [_thread_blocked, id=2988, stack(0x0000000db4b00000,0x0000000db4c00000)]
  0x0000012b51f5d000 JavaThread "jar transforms Thread 2" [_thread_blocked, id=13556, stack(0x0000000db4c00000,0x0000000db4d00000)]
  0x0000012b51f5e000 JavaThread "Cache worker for file content cache (C:\Users\nguye\.gradle\caches\7.0.2\fileContent)" [_thread_blocked, id=4600, stack(0x0000000db4d00000,0x0000000db4e00000)]
  0x0000012b51f58000 JavaThread "Cache worker for dependencies-accessors (E:\Android\Final\TimePlanner\Time-Planner-App\.gradle\7.0.2\dependencies-accessors)" [_thread_blocked, id=13672, stack(0x0000000db4e00000,0x0000000db4f00000)]
  0x0000012b51f62000 JavaThread "jar transforms Thread 3" [_thread_blocked, id=17372, stack(0x0000000db4f00000,0x0000000db5000000)]
  0x0000012b51f61000 JavaThread "Cache worker for Build Output Cleanup Cache (E:\Android\Final\TimePlanner\Time-Planner-App\.gradle\buildOutputCleanup)" [_thread_blocked, id=2756, stack(0x0000000db5000000,0x0000000db5100000)]
  0x0000012b51f5e800 JavaThread "Build operations" [_thread_blocked, id=18352, stack(0x0000000db5100000,0x0000000db5200000)]
  0x0000012b51f64800 JavaThread "Build operations Thread 2" [_thread_blocked, id=12976, stack(0x0000000db5200000,0x0000000db5300000)]
  0x0000012b51f5f800 JavaThread "Build operations Thread 3" [_thread_blocked, id=8268, stack(0x0000000db5300000,0x0000000db5400000)]
  0x0000012b51f62800 JavaThread "Build operations Thread 4" [_thread_blocked, id=12220, stack(0x0000000db5400000,0x0000000db5500000)]
  0x0000012b51f63800 JavaThread "Build operations Thread 5" [_thread_blocked, id=16080, stack(0x0000000db5500000,0x0000000db5600000)]
  0x0000012b51f65000 JavaThread "Build operations Thread 6" [_thread_blocked, id=8652, stack(0x0000000db5600000,0x0000000db5700000)]
  0x0000012b51f66000 JavaThread "Build operations Thread 7" [_thread_blocked, id=10236, stack(0x0000000db5700000,0x0000000db5800000)]
  0x0000012b51f60800 JavaThread "Build operations Thread 8" [_thread_blocked, id=18544, stack(0x0000000db5800000,0x0000000db5900000)]
  0x0000012b5320d000 JavaThread "jar transforms Thread 4" [_thread_blocked, id=18872, stack(0x0000000db5900000,0x0000000db5a00000)]
  0x0000012b53211000 JavaThread "jar transforms Thread 5" [_thread_blocked, id=20848, stack(0x0000000db5a00000,0x0000000db5b00000)]
  0x0000012b5320d800 JavaThread "jar transforms Thread 6" [_thread_blocked, id=10360, stack(0x0000000db5b00000,0x0000000db5c00000)]
  0x0000012b53210000 JavaThread "jar transforms Thread 7" [_thread_blocked, id=13224, stack(0x0000000db5c00000,0x0000000db5d00000)]
  0x0000012b5320e800 JavaThread "jar transforms Thread 8" [_thread_blocked, id=21436, stack(0x0000000db5d00000,0x0000000db5e00000)]
  0x0000012b53214000 JavaThread "Memory manager" [_thread_blocked, id=16800, stack(0x0000000db5e00000,0x0000000db5f00000)]

Other Threads:
  0x0000012b4b7ed000 VMThread "VM Thread" [stack: 0x0000000db2200000,0x0000000db2300000] [id=17888]
  0x0000012b4c2cd800 WatcherThread [stack: 0x0000000db2c00000,0x0000000db2d00000] [id=20080]
  0x0000012b313a5800 GCTaskThread "GC Thread#0" [stack: 0x0000000db1d00000,0x0000000db1e00000] [id=15804]
  0x0000012b4c9c9800 GCTaskThread "GC Thread#1" [stack: 0x0000000db2e00000,0x0000000db2f00000] [id=6132]
  0x0000012b4cfdb800 GCTaskThread "GC Thread#2" [stack: 0x0000000db2f00000,0x0000000db3000000] [id=21108]
  0x0000012b4d8e5800 GCTaskThread "GC Thread#3" [stack: 0x0000000db3900000,0x0000000db3a00000] [id=8892]
  0x0000012b4d0fa800 GCTaskThread "GC Thread#4" [stack: 0x0000000db3a00000,0x0000000db3b00000] [id=16604]
  0x0000012b4c8e1000 GCTaskThread "GC Thread#5" [stack: 0x0000000db3b00000,0x0000000db3c00000] [id=14644]
  0x0000012b4d07d800 GCTaskThread "GC Thread#6" [stack: 0x0000000db3c00000,0x0000000db3d00000] [id=7268]
  0x0000012b4d07e000 GCTaskThread "GC Thread#7" [stack: 0x0000000db3d00000,0x0000000db3e00000] [id=8964]
  0x0000012b313da000 ConcurrentGCThread "G1 Main Marker" [stack: 0x0000000db1e00000,0x0000000db1f00000] [id=14980]
  0x0000012b313db000 ConcurrentGCThread "G1 Conc#0" [stack: 0x0000000db1f00000,0x0000000db2000000] [id=12444]
  0x0000012b4cfd7800 ConcurrentGCThread "G1 Conc#1" [stack: 0x0000000db4000000,0x0000000db4100000] [id=15296]
  0x0000012b4b640800 ConcurrentGCThread "G1 Refine#0" [stack: 0x0000000db2000000,0x0000000db2100000] [id=22088]
  0x0000012b4b641800 ConcurrentGCThread "G1 Young RemSet Sampling" [stack: 0x0000000db2100000,0x0000000db2200000] [id=8256]

Threads with active compile tasks:
C2 CompilerThread0  27648 6737   !   4       com.sun.beans.TypeResolver::resolve (261 bytes)
C1 CompilerThread0  27648 6974       3       org.apache.groovy.util.BeanUtils::capitalize (64 bytes)
C2 CompilerThread1  27648 6801 %     4       groovy.lang.MetaClassImpl::inheritInterfaceNewMetaMethods @ 100 (195 bytes)
C2 CompilerThread2  27648 6731       4       java.beans.MethodRef::set (58 bytes)

VM state:not at safepoint (normal execution)

VM Mutex/Monitor currently owned by a thread: None

Heap address: 0x0000000080000000, size: 2048 MB, Compressed Oops mode: 32-bit
Narrow klass base: 0x0000000000000000, Narrow klass shift: 3
Compressed class space size: 1073741824 Address: 0x0000000100000000

Heap:
 garbage-first heap   total 131072K, used 80923K [0x0000000080000000, 0x0000000100000000)
  region size 1024K, 27 young (27648K), 4 survivors (4096K)
 Metaspace       used 70076K, capacity 71833K, committed 71976K, reserved 1112064K
  class space    used 9084K, capacity 9721K, committed 9728K, reserved 1048576K
Heap Regions: E=young(eden), S=young(survivor), O=old, HS=humongous(starts), HC=humongous(continues), CS=collection set, F=free, A=archive, TAMS=top-at-mark-start (previous, next)
|   0|0x0000000080000000, 0x0000000080100000, 0x0000000080100000|100%| O|  |TAMS 0x0000000080100000, 0x0000000080000000| Untracked 
|   1|0x0000000080100000, 0x0000000080200000, 0x0000000080200000|100%| O|  |TAMS 0x0000000080200000, 0x0000000080100000| Untracked 
|   2|0x0000000080200000, 0x0000000080300000, 0x0000000080300000|100%| O|  |TAMS 0x0000000080300000, 0x0000000080200000| Untracked 
|   3|0x0000000080300000, 0x0000000080400000, 0x0000000080400000|100%|HS|  |TAMS 0x0000000080400000, 0x0000000080300000| Complete 
|   4|0x0000000080400000, 0x0000000080500000, 0x0000000080500000|100%|HC|  |TAMS 0x0000000080500000, 0x0000000080400000| Complete 
|   5|0x0000000080500000, 0x0000000080600000, 0x0000000080600000|100%|HC|  |TAMS 0x0000000080600000, 0x0000000080500000| Complete 
|   6|0x0000000080600000, 0x0000000080700000, 0x0000000080700000|100%| O|  |TAMS 0x0000000080700000, 0x0000000080600000| Untracked 
|   7|0x0000000080700000, 0x0000000080800000, 0x0000000080800000|100%| O|  |TAMS 0x0000000080800000, 0x0000000080700000| Untracked 
|   8|0x0000000080800000, 0x0000000080900000, 0x0000000080900000|100%| O|  |TAMS 0x0000000080900000, 0x0000000080800000| Untracked 
|   9|0x0000000080900000, 0x0000000080a00000, 0x0000000080a00000|100%| O|  |TAMS 0x0000000080a00000, 0x0000000080900000| Untracked 
|  10|0x0000000080a00000, 0x0000000080b00000, 0x0000000080b00000|100%| O|  |TAMS 0x0000000080b00000, 0x0000000080a00000| Untracked 
|  11|0x0000000080b00000, 0x0000000080c00000, 0x0000000080c00000|100%| O|  |TAMS 0x0000000080c00000, 0x0000000080b00000| Untracked 
|  12|0x0000000080c00000, 0x0000000080d00000, 0x0000000080d00000|100%| O|  |TAMS 0x0000000080d00000, 0x0000000080c00000| Untracked 
|  13|0x0000000080d00000, 0x0000000080e00000, 0x0000000080e00000|100%| O|  |TAMS 0x0000000080e00000, 0x0000000080d00000| Untracked 
|  14|0x0000000080e00000, 0x0000000080f00000, 0x0000000080f00000|100%| O|  |TAMS 0x0000000080f00000, 0x0000000080e00000| Untracked 
|  15|0x0000000080f00000, 0x0000000081000000, 0x0000000081000000|100%| O|  |TAMS 0x0000000081000000, 0x0000000080f00000| Untracked 
|  16|0x0000000081000000, 0x0000000081100000, 0x0000000081100000|100%| O|  |TAMS 0x0000000081100000, 0x0000000081000000| Untracked 
|  17|0x0000000081100000, 0x0000000081200000, 0x0000000081200000|100%| O|  |TAMS 0x0000000081200000, 0x0000000081100000| Untracked 
|  18|0x0000000081200000, 0x0000000081300000, 0x0000000081300000|100%| O|  |TAMS 0x0000000081300000, 0x0000000081200000| Untracked 
|  19|0x0000000081300000, 0x0000000081400000, 0x0000000081400000|100%|HS|  |TAMS 0x0000000081400000, 0x0000000081300000| Complete 
|  20|0x0000000081400000, 0x0000000081500000, 0x0000000081500000|100%| O|  |TAMS 0x0000000081500000, 0x0000000081400000| Untracked 
|  21|0x0000000081500000, 0x0000000081600000, 0x0000000081600000|100%| O|  |TAMS 0x0000000081600000, 0x0000000081500000| Untracked 
|  22|0x0000000081600000, 0x0000000081700000, 0x0000000081700000|100%| O|  |TAMS 0x0000000081700000, 0x0000000081600000| Untracked 
|  23|0x0000000081700000, 0x0000000081800000, 0x0000000081800000|100%| O|  |TAMS 0x0000000081800000, 0x0000000081700000| Untracked 
|  24|0x0000000081800000, 0x0000000081900000, 0x0000000081900000|100%|HS|  |TAMS 0x0000000081900000, 0x0000000081800000| Complete 
|  25|0x0000000081900000, 0x0000000081a00000, 0x0000000081a00000|100%|HS|  |TAMS 0x0000000081a00000, 0x0000000081900000| Complete 
|  26|0x0000000081a00000, 0x0000000081b00000, 0x0000000081b00000|100%|HC|  |TAMS 0x0000000081b00000, 0x0000000081a00000| Complete 
|  27|0x0000000081b00000, 0x0000000081c00000, 0x0000000081c00000|100%| O|  |TAMS 0x0000000081c00000, 0x0000000081b00000| Untracked 
|  28|0x0000000081c00000, 0x0000000081d00000, 0x0000000081d00000|100%| O|  |TAMS 0x0000000081d00000, 0x0000000081c00000| Untracked 
|  29|0x0000000081d00000, 0x0000000081e00000, 0x0000000081e00000|100%| O|  |TAMS 0x0000000081e00000, 0x0000000081d00000| Untracked 
|  30|0x0000000081e00000, 0x0000000081f00000, 0x0000000081f00000|100%| O|  |TAMS 0x0000000081f00000, 0x0000000081e00000| Untracked 
|  31|0x0000000081f00000, 0x0000000082000000, 0x0000000082000000|100%| O|  |TAMS 0x0000000082000000, 0x0000000081f00000| Untracked 
|  32|0x0000000082000000, 0x0000000082100000, 0x0000000082100000|100%| O|  |TAMS 0x0000000082100000, 0x0000000082000000| Untracked 
|  33|0x0000000082100000, 0x0000000082200000, 0x0000000082200000|100%| O|  |TAMS 0x0000000082200000, 0x0000000082100000| Untracked 
|  34|0x0000000082200000, 0x0000000082300000, 0x0000000082300000|100%| O|  |TAMS 0x0000000082300000, 0x0000000082200000| Untracked 
|  35|0x0000000082300000, 0x0000000082400000, 0x0000000082400000|100%| O|  |TAMS 0x0000000082400000, 0x0000000082300000| Untracked 
|  36|0x0000000082400000, 0x0000000082500000, 0x0000000082500000|100%| O|  |TAMS 0x0000000082500000, 0x0000000082400000| Untracked 
|  37|0x0000000082500000, 0x0000000082600000, 0x0000000082600000|100%| O|  |TAMS 0x0000000082600000, 0x0000000082500000| Untracked 
|  38|0x0000000082600000, 0x0000000082700000, 0x0000000082700000|100%| O|  |TAMS 0x0000000082700000, 0x0000000082600000| Untracked 
|  39|0x0000000082700000, 0x0000000082800000, 0x0000000082800000|100%| O|  |TAMS 0x0000000082800000, 0x0000000082700000| Untracked 
|  40|0x0000000082800000, 0x0000000082900000, 0x0000000082900000|100%| O|  |TAMS 0x0000000082900000, 0x0000000082800000| Untracked 
|  41|0x0000000082900000, 0x0000000082a00000, 0x0000000082a00000|100%| O|  |TAMS 0x0000000082a00000, 0x0000000082900000| Untracked 
|  42|0x0000000082a00000, 0x0000000082b00000, 0x0000000082b00000|100%| O|  |TAMS 0x0000000082b00000, 0x0000000082a00000| Untracked 
|  43|0x0000000082b00000, 0x0000000082c00000, 0x0000000082c00000|100%| O|  |TAMS 0x0000000082b00000, 0x0000000082b00000| Untracked 
|  44|0x0000000082c00000, 0x0000000082d00000, 0x0000000082d00000|100%| O|  |TAMS 0x0000000082d00000, 0x0000000082c00000| Untracked 
|  45|0x0000000082d00000, 0x0000000082e00000, 0x0000000082e00000|100%| O|  |TAMS 0x0000000082d1be00, 0x0000000082d00000| Untracked 
|  46|0x0000000082e00000, 0x0000000082f00000, 0x0000000082f00000|100%| O|  |TAMS 0x0000000082e00000, 0x0000000082e00000| Untracked 
|  47|0x0000000082f00000, 0x0000000083000000, 0x0000000083000000|100%| O|  |TAMS 0x0000000082f00000, 0x0000000082f00000| Untracked 
|  48|0x0000000083000000, 0x0000000083100000, 0x0000000083100000|100%| O|  |TAMS 0x0000000083000000, 0x0000000083000000| Untracked 
|  49|0x0000000083100000, 0x0000000083200000, 0x0000000083200000|100%| O|  |TAMS 0x0000000083100000, 0x0000000083100000| Untracked 
|  50|0x0000000083200000, 0x0000000083300000, 0x0000000083300000|100%| O|  |TAMS 0x0000000083200000, 0x0000000083200000| Untracked 
|  51|0x0000000083300000, 0x0000000083400000, 0x0000000083400000|100%| O|  |TAMS 0x0000000083300000, 0x0000000083300000| Untracked 
|  52|0x0000000083400000, 0x0000000083500000, 0x0000000083500000|100%| O|  |TAMS 0x0000000083400000, 0x0000000083400000| Untracked 
|  53|0x0000000083500000, 0x00000000835d1000, 0x0000000083600000| 81%| O|  |TAMS 0x0000000083500000, 0x0000000083500000| Untracked 
|  54|0x0000000083600000, 0x0000000083600000, 0x0000000083700000|  0%| F|  |TAMS 0x0000000083600000, 0x0000000083600000| Untracked 
|  55|0x0000000083700000, 0x0000000083700000, 0x0000000083800000|  0%| F|  |TAMS 0x0000000083700000, 0x0000000083700000| Untracked 
|  56|0x0000000083800000, 0x0000000083800000, 0x0000000083900000|  0%| F|  |TAMS 0x0000000083800000, 0x0000000083800000| Untracked 
|  57|0x0000000083900000, 0x0000000083900000, 0x0000000083a00000|  0%| F|  |TAMS 0x0000000083900000, 0x0000000083900000| Untracked 
|  58|0x0000000083a00000, 0x0000000083a00000, 0x0000000083b00000|  0%| F|  |TAMS 0x0000000083a00000, 0x0000000083a00000| Untracked 
|  59|0x0000000083b00000, 0x0000000083b00000, 0x0000000083c00000|  0%| F|  |TAMS 0x0000000083b00000, 0x0000000083b00000| Untracked 
|  60|0x0000000083c00000, 0x0000000083c00000, 0x0000000083d00000|  0%| F|  |TAMS 0x0000000083c00000, 0x0000000083c00000| Untracked 
|  61|0x0000000083d00000, 0x0000000083d00000, 0x0000000083e00000|  0%| F|  |TAMS 0x0000000083d00000, 0x0000000083d00000| Untracked 
|  62|0x0000000083e00000, 0x0000000083e00000, 0x0000000083f00000|  0%| F|  |TAMS 0x0000000083e00000, 0x0000000083e00000| Untracked 
|  63|0x0000000083f00000, 0x0000000083f00000, 0x0000000084000000|  0%| F|  |TAMS 0x0000000083f00000, 0x0000000083f00000| Untracked 
|  64|0x0000000084000000, 0x0000000084000000, 0x0000000084100000|  0%| F|  |TAMS 0x0000000084000000, 0x0000000084000000| Untracked 
|  65|0x0000000084100000, 0x0000000084100000, 0x0000000084200000|  0%| F|  |TAMS 0x0000000084100000, 0x0000000084100000| Untracked 
|  66|0x0000000084200000, 0x0000000084200000, 0x0000000084300000|  0%| F|  |TAMS 0x0000000084200000, 0x0000000084200000| Untracked 
|  67|0x0000000084300000, 0x0000000084300000, 0x0000000084400000|  0%| F|  |TAMS 0x0000000084300000, 0x0000000084300000| Untracked 
|  68|0x0000000084400000, 0x0000000084400000, 0x0000000084500000|  0%| F|  |TAMS 0x0000000084400000, 0x0000000084400000| Untracked 
|  69|0x0000000084500000, 0x0000000084500000, 0x0000000084600000|  0%| F|  |TAMS 0x0000000084500000, 0x0000000084500000| Untracked 
|  70|0x0000000084600000, 0x0000000084600000, 0x0000000084700000|  0%| F|  |TAMS 0x0000000084600000, 0x0000000084600000| Untracked 
|  71|0x0000000084700000, 0x0000000084700000, 0x0000000084800000|  0%| F|  |TAMS 0x0000000084700000, 0x0000000084700000| Untracked 
|  72|0x0000000084800000, 0x0000000084800000, 0x0000000084900000|  0%| F|  |TAMS 0x0000000084800000, 0x0000000084800000| Untracked 
|  73|0x0000000084900000, 0x0000000084935fd0, 0x0000000084a00000| 21%| S|CS|TAMS 0x0000000084900000, 0x0000000084900000| Complete 
|  74|0x0000000084a00000, 0x0000000084a00000, 0x0000000084b00000|  0%| F|  |TAMS 0x0000000084a00000, 0x0000000084a00000| Untracked 
|  75|0x0000000084b00000, 0x0000000084b00000, 0x0000000084c00000|  0%| F|  |TAMS 0x0000000084b00000, 0x0000000084b00000| Untracked 
|  76|0x0000000084c00000, 0x0000000084c00000, 0x0000000084d00000|  0%| F|  |TAMS 0x0000000084c00000, 0x0000000084c00000| Untracked 
|  77|0x0000000084d00000, 0x0000000084d00000, 0x0000000084e00000|  0%| F|  |TAMS 0x0000000084d00000, 0x0000000084d00000| Untracked 
|  78|0x0000000084e00000, 0x0000000084e00000, 0x0000000084f00000|  0%| F|  |TAMS 0x0000000084e00000, 0x0000000084e00000| Untracked 
|  79|0x0000000084f00000, 0x0000000085000000, 0x0000000085000000|100%| S|CS|TAMS 0x0000000084f00000, 0x0000000084f00000| Complete 
|  80|0x0000000085000000, 0x0000000085100000, 0x0000000085100000|100%| S|CS|TAMS 0x0000000085000000, 0x0000000085000000| Complete 
|  81|0x0000000085100000, 0x0000000085200000, 0x0000000085200000|100%| S|CS|TAMS 0x0000000085100000, 0x0000000085100000| Complete 
|  82|0x0000000085200000, 0x0000000085200000, 0x0000000085300000|  0%| F|  |TAMS 0x0000000085200000, 0x0000000085200000| Untracked 
|  83|0x0000000085300000, 0x0000000085300000, 0x0000000085400000|  0%| F|  |TAMS 0x0000000085300000, 0x0000000085300000| Untracked 
|  84|0x0000000085400000, 0x0000000085400000, 0x0000000085500000|  0%| F|  |TAMS 0x0000000085400000, 0x0000000085400000| Untracked 
|  85|0x0000000085500000, 0x0000000085500000, 0x0000000085600000|  0%| F|  |TAMS 0x0000000085500000, 0x0000000085500000| Untracked 
|  86|0x0000000085600000, 0x0000000085600000, 0x0000000085700000|  0%| F|  |TAMS 0x0000000085600000, 0x0000000085600000| Untracked 
|  87|0x0000000085700000, 0x0000000085700000, 0x0000000085800000|  0%| F|  |TAMS 0x0000000085700000, 0x0000000085700000| Untracked 
|  88|0x0000000085800000, 0x0000000085800000, 0x0000000085900000|  0%| F|  |TAMS 0x0000000085800000, 0x0000000085800000| Untracked 
|  89|0x0000000085900000, 0x0000000085900000, 0x0000000085a00000|  0%| F|  |TAMS 0x0000000085900000, 0x0000000085900000| Untracked 
|  90|0x0000000085a00000, 0x0000000085a00000, 0x0000000085b00000|  0%| F|  |TAMS 0x0000000085a00000, 0x0000000085a00000| Untracked 
|  91|0x0000000085b00000, 0x0000000085b00000, 0x0000000085c00000|  0%| F|  |TAMS 0x0000000085b00000, 0x0000000085b00000| Untracked 
|  92|0x0000000085c00000, 0x0000000085c00000, 0x0000000085d00000|  0%| F|  |TAMS 0x0000000085c00000, 0x0000000085c00000| Untracked 
|  93|0x0000000085d00000, 0x0000000085d00000, 0x0000000085e00000|  0%| F|  |TAMS 0x0000000085d00000, 0x0000000085d00000| Untracked 
|  94|0x0000000085e00000, 0x0000000085e00000, 0x0000000085f00000|  0%| F|  |TAMS 0x0000000085e00000, 0x0000000085e00000| Untracked 
|  95|0x0000000085f00000, 0x0000000085f00000, 0x0000000086000000|  0%| F|  |TAMS 0x0000000085f00000, 0x0000000085f00000| Untracked 
|  96|0x0000000086000000, 0x0000000086000000, 0x0000000086100000|  0%| F|  |TAMS 0x0000000086000000, 0x0000000086000000| Untracked 
|  97|0x0000000086100000, 0x0000000086100000, 0x0000000086200000|  0%| F|  |TAMS 0x0000000086100000, 0x0000000086100000| Untracked 
|  98|0x0000000086200000, 0x0000000086200000, 0x0000000086300000|  0%| F|  |TAMS 0x0000000086200000, 0x0000000086200000| Untracked 
|  99|0x0000000086300000, 0x0000000086300000, 0x0000000086400000|  0%| F|  |TAMS 0x0000000086300000, 0x0000000086300000| Untracked 
| 100|0x0000000086400000, 0x0000000086400000, 0x0000000086500000|  0%| F|  |TAMS 0x0000000086400000, 0x0000000086400000| Untracked 
| 101|0x0000000086500000, 0x0000000086500000, 0x0000000086600000|  0%| F|  |TAMS 0x0000000086500000, 0x0000000086500000| Untracked 
| 102|0x0000000086600000, 0x0000000086600000, 0x0000000086700000|  0%| F|  |TAMS 0x0000000086600000, 0x0000000086600000| Untracked 
| 103|0x0000000086700000, 0x0000000086700000, 0x0000000086800000|  0%| F|  |TAMS 0x0000000086700000, 0x0000000086700000| Untracked 
| 104|0x0000000086800000, 0x0000000086800000, 0x0000000086900000|  0%| F|  |TAMS 0x0000000086800000, 0x0000000086800000| Untracked 
| 105|0x0000000086900000, 0x0000000086984a58, 0x0000000086a00000| 51%| E|  |TAMS 0x0000000086900000, 0x0000000086900000| Complete 
| 106|0x0000000086a00000, 0x0000000086b00000, 0x0000000086b00000|100%| E|CS|TAMS 0x0000000086a00000, 0x0000000086a00000| Complete 
| 107|0x0000000086b00000, 0x0000000086c00000, 0x0000000086c00000|100%| E|CS|TAMS 0x0000000086b00000, 0x0000000086b00000| Complete 
| 108|0x0000000086c00000, 0x0000000086d00000, 0x0000000086d00000|100%| E|CS|TAMS 0x0000000086c00000, 0x0000000086c00000| Complete 
| 109|0x0000000086d00000, 0x0000000086e00000, 0x0000000086e00000|100%| E|CS|TAMS 0x0000000086d00000, 0x0000000086d00000| Complete 
| 110|0x0000000086e00000, 0x0000000086f00000, 0x0000000086f00000|100%| E|CS|TAMS 0x0000000086e00000, 0x0000000086e00000| Complete 
| 111|0x0000000086f00000, 0x0000000087000000, 0x0000000087000000|100%| E|CS|TAMS 0x0000000086f00000, 0x0000000086f00000| Complete 
| 112|0x0000000087000000, 0x0000000087100000, 0x0000000087100000|100%| E|CS|TAMS 0x0000000087000000, 0x0000000087000000| Complete 
| 113|0x0000000087100000, 0x0000000087200000, 0x0000000087200000|100%| E|CS|TAMS 0x0000000087100000, 0x0000000087100000| Complete 
| 114|0x0000000087200000, 0x0000000087300000, 0x0000000087300000|100%| E|CS|TAMS 0x0000000087200000, 0x0000000087200000| Complete 
| 115|0x0000000087300000, 0x0000000087400000, 0x0000000087400000|100%| E|CS|TAMS 0x0000000087300000, 0x0000000087300000| Complete 
| 116|0x0000000087400000, 0x0000000087500000, 0x0000000087500000|100%| E|CS|TAMS 0x0000000087400000, 0x0000000087400000| Complete 
| 117|0x0000000087500000, 0x0000000087600000, 0x0000000087600000|100%| E|CS|TAMS 0x0000000087500000, 0x0000000087500000| Complete 
| 118|0x0000000087600000, 0x0000000087700000, 0x0000000087700000|100%| E|CS|TAMS 0x0000000087600000, 0x0000000087600000| Complete 
| 119|0x0000000087700000, 0x0000000087800000, 0x0000000087800000|100%| E|CS|TAMS 0x0000000087700000, 0x0000000087700000| Complete 
| 120|0x0000000087800000, 0x0000000087900000, 0x0000000087900000|100%| E|CS|TAMS 0x0000000087800000, 0x0000000087800000| Complete 
| 121|0x0000000087900000, 0x0000000087a00000, 0x0000000087a00000|100%| E|CS|TAMS 0x0000000087900000, 0x0000000087900000| Complete 
| 122|0x0000000087a00000, 0x0000000087b00000, 0x0000000087b00000|100%| E|CS|TAMS 0x0000000087a00000, 0x0000000087a00000| Complete 
| 123|0x0000000087b00000, 0x0000000087c00000, 0x0000000087c00000|100%| E|CS|TAMS 0x0000000087b00000, 0x0000000087b00000| Complete 
| 124|0x0000000087c00000, 0x0000000087d00000, 0x0000000087d00000|100%| E|CS|TAMS 0x0000000087c00000, 0x0000000087c00000| Complete 
| 125|0x0000000087d00000, 0x0000000087e00000, 0x0000000087e00000|100%| E|CS|TAMS 0x0000000087d00000, 0x0000000087d00000| Complete 
| 126|0x0000000087e00000, 0x0000000087f00000, 0x0000000087f00000|100%| E|CS|TAMS 0x0000000087e00000, 0x0000000087e00000| Complete 
| 127|0x0000000087f00000, 0x0000000088000000, 0x0000000088000000|100%| E|CS|TAMS 0x0000000087f00000, 0x0000000087f00000| Complete 

Card table byte_map: [0x0000012b445b0000,0x0000012b449b0000] _byte_map_base: 0x0000012b441b0000

Marking Bits (Prev, Next): (CMBitMap*) 0x0000012b313d15d8, (CMBitMap*) 0x0000012b313d1610
 Prev Bits: [0x0000012b44db0000, 0x0000012b46db0000)
 Next Bits: [0x0000012b46db0000, 0x0000012b48db0000)

Polling page: 0x0000012b30b70000

Metaspace:

Usage:
  Non-class:     60.66 MB capacity,    59.57 MB ( 98%) used,   936.80 KB (  2%) free+waste,   175.13 KB ( <1%) overhead. 
      Class:      9.49 MB capacity,     8.87 MB ( 93%) used,   554.38 KB (  6%) free+waste,    81.94 KB ( <1%) overhead. 
       Both:     70.15 MB capacity,    68.44 MB ( 98%) used,     1.46 MB (  2%) free+waste,   257.06 KB ( <1%) overhead. 

Virtual space:
  Non-class space:       62.00 MB reserved,      60.79 MB ( 98%) committed 
      Class space:        1.00 GB reserved,       9.50 MB ( <1%) committed 
             Both:        1.06 GB reserved,      70.29 MB (  6%) committed 

Chunk freelists:
   Non-Class:  8.00 KB
       Class:  7.00 KB
        Both:  15.00 KB

MaxMetaspaceSize: 17179869184.00 GB
CompressedClassSpaceSize: 1.00 GB

CodeHeap 'non-profiled nmethods': size=120000Kb used=4390Kb max_used=4390Kb free=115609Kb
 bounds [0x0000012b3c950000, 0x0000012b3cda0000, 0x0000012b43e80000]
CodeHeap 'profiled nmethods': size=120000Kb used=14940Kb max_used=14940Kb free=105059Kb
 bounds [0x0000012b35420000, 0x0000012b362c0000, 0x0000012b3c950000]
CodeHeap 'non-nmethods': size=5760Kb used=2264Kb max_used=2315Kb free=3496Kb
 bounds [0x0000012b34e80000, 0x0000012b350f0000, 0x0000012b35420000]
 total_blobs=7809 nmethods=6952 adapters=768
 compilation: enabled
              stopped_count=0, restarted_count=0
 full_count=0

Compilation events (20 events):
Event: 27.590 Thread 0x0000012b4b81c000 6932       3       com.google.common.collect.AbstractSetMultimap::put (7 bytes)
Event: 27.591 Thread 0x0000012b4b81c000 nmethod 6932 0x0000012b36291290 code [0x0000012b36291440, 0x0000012b36291568]
Event: 27.591 Thread 0x0000012b4b81c000 6933       3       com.google.common.collect.HashMultimap::create (8 bytes)
Event: 27.591 Thread 0x0000012b4b81c000 nmethod 6933 0x0000012b36291610 code [0x0000012b362918a0, 0x0000012b36292398]
Event: 27.591 Thread 0x0000012b4b81c000 6935       3       com.google.common.collect.AbstractMapBasedMultimap::createCollection (5 bytes)
Event: 27.591 Thread 0x0000012b4b81c000 nmethod 6935 0x0000012b36292790 code [0x0000012b36292940, 0x0000012b36292ae8]
Event: 27.591 Thread 0x0000012b4b81c000 6936       3       com.google.common.collect.ComparatorOrdering::compare (12 bytes)
Event: 27.592 Thread 0x0000012b4b81c000 nmethod 6936 0x0000012b36292b90 code [0x0000012b36292d40, 0x0000012b36292f08]
Event: 27.592 Thread 0x0000012b4b81c000 6934       3       com.google.common.collect.HashMultimap::<init> (8 bytes)
Event: 27.592 Thread 0x0000012b4b81c000 nmethod 6934 0x0000012b36293010 code [0x0000012b36293280, 0x0000012b36293cd8]
Event: 27.592 Thread 0x0000012b4b81c000 6938       3       com.google.common.collect.CompactHashSet::isEmpty (13 bytes)
Event: 27.592 Thread 0x0000012b4b81c000 nmethod 6938 0x0000012b36294090 code [0x0000012b36294240, 0x0000012b36294398]
Event: 27.592 Thread 0x0000012b4b81c000 6939       3       com.google.common.collect.CompactHashMap$EntrySetView::iterator (8 bytes)
Event: 27.592 Thread 0x0000012b4b81c000 nmethod 6939 0x0000012b36294410 code [0x0000012b362945e0, 0x0000012b36294988]
Event: 27.592 Thread 0x0000012b4b81c000 6940       3       com.google.common.collect.CompactHashMap::entrySetIterator (9 bytes)
Event: 27.592 Thread 0x0000012b4b81c000 nmethod 6940 0x0000012b36294b10 code [0x0000012b36294ce0, 0x0000012b36294f88]
Event: 27.593 Thread 0x0000012b4b81c000 6941       3       com.google.common.collect.CompactHashMap$2::<init> (12 bytes)
Event: 27.593 Thread 0x0000012b4b81c000 nmethod 6941 0x0000012b36295090 code [0x0000012b36295260, 0x0000012b36295448]
Event: 27.593 Thread 0x0000012b4b81c000 6942       3       com.google.common.collect.CompactHashMap$Itr::<init> (6 bytes)
Event: 27.593 Thread 0x0000012b4b81c000 nmethod 6942 0x0000012b36295510 code [0x0000012b362956c0, 0x0000012b362957e8]

GC Heap History (20 events):
Event: 22.362 GC heap before
{Heap before GC invocations=5 (full 0):
 garbage-first heap   total 131072K, used 73201K [0x0000000080000000, 0x0000000100000000)
  region size 1024K, 56 young (57344K), 3 survivors (3072K)
 Metaspace       used 32407K, capacity 33238K, committed 33536K, reserved 1079296K
  class space    used 4221K, capacity 4508K, committed 4608K, reserved 1048576K
}
Event: 22.367 GC heap after
{Heap after GC invocations=6 (full 0):
 garbage-first heap   total 131072K, used 21692K [0x0000000080000000, 0x0000000100000000)
  region size 1024K, 6 young (6144K), 6 survivors (6144K)
 Metaspace       used 32407K, capacity 33238K, committed 33536K, reserved 1079296K
  class space    used 4221K, capacity 4508K, committed 4608K, reserved 1048576K
}
Event: 22.534 GC heap before
{Heap before GC invocations=6 (full 0):
 garbage-first heap   total 131072K, used 27836K [0x0000000080000000, 0x0000000100000000)
  region size 1024K, 14 young (14336K), 6 survivors (6144K)
 Metaspace       used 35190K, capacity 36024K, committed 36048K, reserved 1081344K
  class space    used 4545K, capacity 4864K, committed 4864K, reserved 1048576K
}
Event: 22.544 GC heap after
{Heap after GC invocations=7 (full 0):
 garbage-first heap   total 131072K, used 22738K [0x0000000080000000, 0x0000000100000000)
  region size 1024K, 4 young (4096K), 4 survivors (4096K)
 Metaspace       used 35190K, capacity 36024K, committed 36048K, reserved 1081344K
  class space    used 4545K, capacity 4864K, committed 4864K, reserved 1048576K
}
Event: 23.237 GC heap before
{Heap before GC invocations=8 (full 0):
 garbage-first heap   total 131072K, used 86226K [0x0000000080000000, 0x0000000100000000)
  region size 1024K, 64 young (65536K), 4 survivors (4096K)
 Metaspace       used 39561K, capacity 40497K, committed 40732K, reserved 1085440K
  class space    used 5045K, capacity 5391K, committed 5504K, reserved 1048576K
}
Event: 23.244 GC heap after
{Heap after GC invocations=9 (full 0):
 garbage-first heap   total 131072K, used 27500K [0x0000000080000000, 0x0000000100000000)
  region size 1024K, 8 young (8192K), 8 survivors (8192K)
 Metaspace       used 39561K, capacity 40497K, committed 40732K, reserved 1085440K
  class space    used 5045K, capacity 5391K, committed 5504K, reserved 1048576K
}
Event: 23.948 GC heap before
{Heap before GC invocations=9 (full 0):
 garbage-first heap   total 131072K, used 88940K [0x0000000080000000, 0x0000000100000000)
  region size 1024K, 68 young (69632K), 8 survivors (8192K)
 Metaspace       used 44745K, capacity 45940K, committed 46108K, reserved 1089536K
  class space    used 5737K, capacity 6178K, committed 6272K, reserved 1048576K
}
Event: 23.956 GC heap after
{Heap after GC invocations=10 (full 0):
 garbage-first heap   total 131072K, used 30166K [0x0000000080000000, 0x0000000100000000)
  region size 1024K, 8 young (8192K), 8 survivors (8192K)
 Metaspace       used 44745K, capacity 45940K, committed 46108K, reserved 1089536K
  class space    used 5737K, capacity 6178K, committed 6272K, reserved 1048576K
}
Event: 25.000 GC heap before
{Heap before GC invocations=10 (full 0):
 garbage-first heap   total 131072K, used 94678K [0x0000000080000000, 0x0000000100000000)
  region size 1024K, 68 young (69632K), 8 survivors (8192K)
 Metaspace       used 47878K, capacity 49277K, committed 49564K, reserved 1091584K
  class space    used 6117K, capacity 6584K, committed 6656K, reserved 1048576K
}
Event: 25.009 GC heap after
{Heap after GC invocations=11 (full 0):
 garbage-first heap   total 131072K, used 42773K [0x0000000080000000, 0x0000000100000000)
  region size 1024K, 9 young (9216K), 9 survivors (9216K)
 Metaspace       used 47878K, capacity 49277K, committed 49564K, reserved 1091584K
  class space    used 6117K, capacity 6584K, committed 6656K, reserved 1048576K
}
Event: 25.628 GC heap before
{Heap before GC invocations=11 (full 0):
 garbage-first heap   total 131072K, used 96021K [0x0000000080000000, 0x0000000100000000)
  region size 1024K, 61 young (62464K), 9 survivors (9216K)
 Metaspace       used 55778K, capacity 57297K, committed 57500K, reserved 1099776K
  class space    used 7060K, capacity 7612K, committed 7680K, reserved 1048576K
}
Event: 25.636 GC heap after
{Heap after GC invocations=12 (full 0):
 garbage-first heap   total 131072K, used 45785K [0x0000000080000000, 0x0000000100000000)
  region size 1024K, 3 young (3072K), 3 survivors (3072K)
 Metaspace       used 55778K, capacity 57297K, committed 57500K, reserved 1099776K
  class space    used 7060K, capacity 7612K, committed 7680K, reserved 1048576K
}
Event: 25.958 GC heap before
{Heap before GC invocations=12 (full 0):
 garbage-first heap   total 131072K, used 64217K [0x0000000080000000, 0x0000000100000000)
  region size 1024K, 22 young (22528K), 3 survivors (3072K)
 Metaspace       used 59032K, capacity 60621K, committed 60636K, reserved 1101824K
  class space    used 7482K, capacity 8061K, committed 8064K, reserved 1048576K
}
Event: 25.963 GC heap after
{Heap after GC invocations=13 (full 0):
 garbage-first heap   total 131072K, used 47286K [0x0000000080000000, 0x0000000100000000)
  region size 1024K, 4 young (4096K), 4 survivors (4096K)
 Metaspace       used 59032K, capacity 60621K, committed 60636K, reserved 1101824K
  class space    used 7482K, capacity 8061K, committed 8064K, reserved 1048576K
}
Event: 26.563 GC heap before
{Heap before GC invocations=14 (full 0):
 garbage-first heap   total 131072K, used 99510K [0x0000000080000000, 0x0000000100000000)
  region size 1024K, 55 young (56320K), 4 survivors (4096K)
 Metaspace       used 63141K, capacity 64693K, committed 64808K, reserved 1105920K
  class space    used 8009K, capacity 8593K, committed 8704K, reserved 1048576K
}
Event: 26.572 GC heap after
{Heap after GC invocations=15 (full 0):
 garbage-first heap   total 131072K, used 50688K [0x0000000080000000, 0x0000000100000000)
  region size 1024K, 6 young (6144K), 6 survivors (6144K)
 Metaspace       used 63141K, capacity 64693K, committed 64808K, reserved 1105920K
  class space    used 8009K, capacity 8593K, committed 8704K, reserved 1048576K
}
Event: 27.044 GC heap before
{Heap before GC invocations=16 (full 0):
 garbage-first heap   total 131072K, used 100864K [0x0000000080000000, 0x0000000100000000)
  region size 1024K, 55 young (56320K), 6 survivors (6144K)
 Metaspace       used 65865K, capacity 67534K, committed 67752K, reserved 1107968K
  class space    used 8436K, capacity 9069K, committed 9088K, reserved 1048576K
}
Event: 27.051 GC heap after
{Heap after GC invocations=17 (full 0):
 garbage-first heap   total 131072K, used 55285K [0x0000000080000000, 0x0000000100000000)
  region size 1024K, 5 young (5120K), 5 survivors (5120K)
 Metaspace       used 65865K, capacity 67534K, committed 67752K, reserved 1107968K
  class space    used 8436K, capacity 9069K, committed 9088K, reserved 1048576K
}
Event: 27.450 GC heap before
{Heap before GC invocations=17 (full 0):
 garbage-first heap   total 131072K, used 102389K [0x0000000080000000, 0x0000000100000000)
  region size 1024K, 51 young (52224K), 5 survivors (5120K)
 Metaspace       used 68949K, capacity 70697K, committed 70824K, reserved 1110016K
  class space    used 8920K, capacity 9581K, committed 9600K, reserved 1048576K
}
Event: 27.455 GC heap after
{Heap after GC invocations=18 (full 0):
 garbage-first heap   total 131072K, used 58395K [0x0000000080000000, 0x0000000100000000)
  region size 1024K, 4 young (4096K), 4 survivors (4096K)
 Metaspace       used 68949K, capacity 70697K, committed 70824K, reserved 1110016K
  class space    used 8920K, capacity 9581K, committed 9600K, reserved 1048576K
}

Deoptimization events (20 events):
Event: 27.507 Thread 0x0000012b4d8e5000 Uncommon trap: trap_request=0xffffff4d fr.pc=0x0000012b3cbc2b9c relative=0x0000000000000bfc
Event: 27.507 Thread 0x0000012b4d8e5000 Uncommon trap: reason=unstable_if action=reinterpret pc=0x0000012b3cbc2b9c method=com.esotericsoftware.kryo.io.Input.readString()Ljava/lang/String; @ 28 c2
Event: 27.507 Thread 0x0000012b4d8e5000 DEOPT PACKING pc=0x0000012b3cbc2b9c sp=0x0000000db35f8d50
Event: 27.507 Thread 0x0000012b4d8e5000 DEOPT UNPACKING pc=0x0000012b34ea78af sp=0x0000000db35f8d28 mode 2
Event: 27.511 Thread 0x0000012b4d8e5000 Uncommon trap: trap_request=0xffffff4d fr.pc=0x0000012b3cb9a474 relative=0x00000000000001b4
Event: 27.511 Thread 0x0000012b4d8e5000 Uncommon trap: reason=unstable_if action=reinterpret pc=0x0000012b3cb9a474 method=com.esotericsoftware.kryo.io.Input.require(I)I @ 65 c2
Event: 27.511 Thread 0x0000012b4d8e5000 DEOPT PACKING pc=0x0000012b3cb9a474 sp=0x0000000db35f8aa0
Event: 27.511 Thread 0x0000012b4d8e5000 DEOPT UNPACKING pc=0x0000012b34ea78af sp=0x0000000db35f8a50 mode 2
Event: 27.553 Thread 0x0000012b4d8e5000 Uncommon trap: trap_request=0xffffff4d fr.pc=0x0000012b3cb9c9a8 relative=0x00000000000000c8
Event: 27.553 Thread 0x0000012b4d8e5000 Uncommon trap: reason=unstable_if action=reinterpret pc=0x0000012b3cb9c9a8 method=java.io.WinNTFileSystem.normalize(Ljava/lang/String;)Ljava/lang/String; @ 74 c2
Event: 27.553 Thread 0x0000012b4d8e5000 DEOPT PACKING pc=0x0000012b3cb9c9a8 sp=0x0000000db35f9c00
Event: 27.553 Thread 0x0000012b4d8e5000 DEOPT UNPACKING pc=0x0000012b34ea78af sp=0x0000000db35f9b78 mode 2
Event: 27.553 Thread 0x0000012b4d8e5000 Uncommon trap: trap_request=0xffffff4d fr.pc=0x0000012b3cb3e0a4 relative=0x00000000000015c4
Event: 27.553 Thread 0x0000012b4d8e5000 Uncommon trap: reason=unstable_if action=reinterpret pc=0x0000012b3cb3e0a4 method=java.io.WinNTFileSystem.normalize(Ljava/lang/String;II)Ljava/lang/String; @ 100 c2
Event: 27.553 Thread 0x0000012b4d8e5000 DEOPT PACKING pc=0x0000012b3cb3e0a4 sp=0x0000000db35f9ad0
Event: 27.553 Thread 0x0000012b4d8e5000 DEOPT UNPACKING pc=0x0000012b34ea78af sp=0x0000000db35f9ad8 mode 2
Event: 27.574 Thread 0x0000012b4d8e5000 Uncommon trap: trap_request=0xffffff4d fr.pc=0x0000012b3c976e80 relative=0x0000000000000060
Event: 27.574 Thread 0x0000012b4d8e5000 Uncommon trap: reason=unstable_if action=reinterpret pc=0x0000012b3c976e80 method=java.io.WinNTFileSystem.isSlash(C)Z @ 9 c2
Event: 27.574 Thread 0x0000012b4d8e5000 DEOPT PACKING pc=0x0000012b3c976e80 sp=0x0000000db35f95b0
Event: 27.574 Thread 0x0000012b4d8e5000 DEOPT UNPACKING pc=0x0000012b34ea78af sp=0x0000000db35f9538 mode 2

Classes redefined (0 events):
No events

Internal exceptions (20 events):
Event: 27.442 Thread 0x0000012b4d8e5000 Exception <a 'java/lang/ClassNotFoundException'{0x000000008546a050}: com/google/android/gms/dependencies/DependencyInspectorBeanInfo> (0x000000008546a050) thrown at [./src/hotspot/share/classfile/systemDictionary.cpp, line 231]
Event: 27.443 Thread 0x0000012b4d8e5000 Exception <a 'java/lang/ClassNotFoundException'{0x0000000085483698}: com/google/android/gms/dependencies/DependencyInspectorCustomizer> (0x0000000085483698) thrown at [./src/hotspot/share/classfile/systemDictionary.cpp, line 231]
Event: 27.456 Thread 0x0000012b4d8e5000 Exception <a 'java/lang/ClassNotFoundException'{0x0000000087f1b700}: org/gradle/api/internal/artifacts/configurations/DefaultConfigurationContainer_DecoratedBeanInfo> (0x0000000087f1b700) thrown at [./src/hotspot/share/classfile/systemDictionary.cpp, line 231]
Event: 27.457 Thread 0x0000012b4d8e5000 Exception <a 'java/lang/ClassNotFoundException'{0x0000000087f45d80}: org/gradle/api/internal/artifacts/configurations/DefaultConfigurationContainerBeanInfo> (0x0000000087f45d80) thrown at [./src/hotspot/share/classfile/systemDictionary.cpp, line 231]
Event: 27.458 Thread 0x0000012b4d8e5000 Exception <a 'java/lang/ClassNotFoundException'{0x0000000087f604a0}: org/gradle/api/internal/AbstractValidatingNamedDomainObjectContainerBeanInfo> (0x0000000087f604a0) thrown at [./src/hotspot/share/classfile/systemDictionary.cpp, line 231]
Event: 27.458 Thread 0x0000012b4d8e5000 Exception <a 'java/lang/ClassNotFoundException'{0x0000000087f7ad60}: org/gradle/api/internal/AbstractValidatingNamedDomainObjectContainerCustomizer> (0x0000000087f7ad60) thrown at [./src/hotspot/share/classfile/systemDictionary.cpp, line 231]
Event: 27.459 Thread 0x0000012b4d8e5000 Exception <a 'java/lang/ClassNotFoundException'{0x0000000087fb0450}: org/gradle/api/internal/artifacts/configurations/DefaultConfigurationContainerCustomizer> (0x0000000087fb0450) thrown at [./src/hotspot/share/classfile/systemDictionary.cpp, line 231]
Event: 27.460 Thread 0x0000012b4d8e5000 Exception <a 'java/lang/ClassNotFoundException'{0x0000000087ff0c88}: org/gradle/api/internal/artifacts/configurations/DefaultConfigurationContainer_DecoratedCustomizer> (0x0000000087ff0c88) thrown at [./src/hotspot/share/classfile/systemDictionary.cpp, line 231]
Event: 27.470 Thread 0x0000012b4d8e5000 Exception <a 'java/lang/ClassNotFoundException'{0x0000000087c707a0}: org/gradle/api/internal/artifacts/configurations/DefaultConfiguration_DecoratedBeanInfo> (0x0000000087c707a0) thrown at [./src/hotspot/share/classfile/systemDictionary.cpp, line 231]
Event: 27.470 Thread 0x0000012b4d8e5000 Exception <a 'java/lang/ClassNotFoundException'{0x0000000087c9a368}: org/gradle/api/internal/artifacts/configurations/DefaultConfigurationBeanInfo> (0x0000000087c9a368) thrown at [./src/hotspot/share/classfile/systemDictionary.cpp, line 231]
Event: 27.471 Thread 0x0000012b4d8e5000 Exception <a 'java/lang/ClassNotFoundException'{0x0000000087cb3948}: org/gradle/api/internal/file/AbstractFileCollectionBeanInfo> (0x0000000087cb3948) thrown at [./src/hotspot/share/classfile/systemDictionary.cpp, line 231]
Event: 27.471 Thread 0x0000012b4d8e5000 Exception <a 'java/lang/ClassNotFoundException'{0x0000000087cccf78}: org/gradle/api/internal/file/AbstractFileCollectionCustomizer> (0x0000000087cccf78) thrown at [./src/hotspot/share/classfile/systemDictionary.cpp, line 231]
Event: 27.472 Thread 0x0000012b4d8e5000 Exception <a 'java/lang/ClassNotFoundException'{0x0000000087b08d88}: org/gradle/api/internal/artifacts/configurations/DefaultConfigurationCustomizer> (0x0000000087b08d88) thrown at [./src/hotspot/share/classfile/systemDictionary.cpp, line 231]
Event: 27.475 Thread 0x0000012b4d8e5000 Exception <a 'java/lang/ClassNotFoundException'{0x0000000087b83e80}: org/gradle/api/internal/artifacts/configurations/DefaultConfiguration_DecoratedCustomizer> (0x0000000087b83e80) thrown at [./src/hotspot/share/classfile/systemDictionary.cpp, line 231]
Event: 27.485 Thread 0x0000012b4d8e5000 Exception <a 'java/lang/ClassNotFoundException'{0x0000000087811540}: org/codehaus/groovy/runtime/MethodClosureBeanInfo> (0x0000000087811540) thrown at [./src/hotspot/share/classfile/systemDictionary.cpp, line 231]
Event: 27.486 Thread 0x0000012b4d8e5000 Exception <a 'java/lang/ClassNotFoundException'{0x00000000877e9898}: org/codehaus/groovy/runtime/MethodClosureCustomizer> (0x00000000877e9898) thrown at [./src/hotspot/share/classfile/systemDictionary.cpp, line 231]
Event: 27.488 Thread 0x0000012b4d8e5000 Exception <a 'java/lang/ClassNotFoundException'{0x0000000087652808}: org/gradle/api/internal/artifacts/configurations/DefaultConfiguration$ConfigurationResolvableDependencies_DecoratedBeanInfo> (0x0000000087652808) thrown at [./src/hotspot/share/classfile/systemDictionary.cpp, line 231]
Event: 27.489 Thread 0x0000012b4d8e5000 Exception <a 'java/lang/ClassNotFoundException'{0x00000000876846c0}: org/gradle/api/internal/artifacts/configurations/DefaultConfiguration$ConfigurationResolvableDependenciesBeanInfo> (0x00000000876846c0) thrown at [./src/hotspot/share/classfile/systemDictionary.cpp, line 231]
Event: 27.489 Thread 0x0000012b4d8e5000 Exception <a 'java/lang/ClassNotFoundException'{0x00000000876b7c38}: org/gradle/api/internal/artifacts/configurations/DefaultConfiguration$ConfigurationResolvableDependenciesCustomizer> (0x00000000876b7c38) thrown at [./src/hotspot/share/classfile/systemDictionary.cpp, line 231]
Event: 27.490 Thread 0x0000012b4d8e5000 Exception <a 'java/lang/ClassNotFoundException'{0x00000000876fc710}: org/gradle/api/internal/artifacts/configurations/DefaultConfiguration$ConfigurationResolvableDependencies_DecoratedCustomizer> (0x00000000876fc710) thrown at [./src/hotspot/share/classfile/systemDictionary.cpp, line 231]

Events (20 events):
Event: 27.584 loading class org/gradle/api/internal/AbstractTask$12
Event: 27.584 loading class org/gradle/api/internal/AbstractTask$12 done
Event: 27.584 loading class org/gradle/api/internal/AbstractTask$TaskActionWrapper
Event: 27.584 loading class org/gradle/api/internal/AbstractTask$TaskActionWrapper done
Event: 27.585 loading class org/gradle/api/internal/tasks/WorkDependencyResolver$1
Event: 27.585 loading class org/gradle/api/internal/tasks/WorkDependencyResolver$1 done
Event: 27.585 loading class org/gradle/api/Action
Event: 27.585 loading class org/gradle/api/Action done
Event: 27.586 loading class org/gradle/api/Task
Event: 27.586 loading class org/gradle/api/Task done
Event: 27.586 loading class org/gradle/execution/plan/TaskNodeDependencyResolver
Event: 27.586 loading class org/gradle/execution/plan/TaskNodeDependencyResolver done
Event: 27.587 loading class com/google/common/collect/AbstractMultimap$Values
Event: 27.587 loading class com/google/common/collect/AbstractMultimap$Values done
Event: 27.593 loading class org/gradle/api/internal/tasks/properties/bean/AbstractNestedRuntimeBeanNode$BeanPropertyValue
Event: 27.593 loading class org/gradle/api/internal/tasks/properties/bean/AbstractNestedRuntimeBeanNode$BeanPropertyValue done
Event: 27.593 loading class org/gradle/api/internal/tasks/properties/bean/AbstractNestedRuntimeBeanNode$BeanPropertyValue$1
Event: 27.593 loading class org/gradle/api/internal/tasks/properties/bean/AbstractNestedRuntimeBeanNode$BeanPropertyValue$1 done
Event: 27.593 loading class org/gradle/api/internal/tasks/properties/bean/AbstractNestedRuntimeBeanNode$1
Event: 27.593 loading class org/gradle/api/internal/tasks/properties/bean/AbstractNestedRuntimeBeanNode$1 done


Dynamic libraries:
0x00007ff607e20000 - 0x00007ff607e2a000 	C:\Program Files\Android\Android Studio\jre\bin\java.exe
0x00007fffffdf0000 - 0x00007ffffffe5000 	C:\WINDOWS\SYSTEM32\ntdll.dll
0x00007fffff280000 - 0x00007fffff33e000 	C:\WINDOWS\System32\KERNEL32.DLL
0x00007ffffdaf0000 - 0x00007ffffddb8000 	C:\WINDOWS\System32\KERNELBASE.dll
0x00007ffffddc0000 - 0x00007ffffdec0000 	C:\WINDOWS\System32\ucrtbase.dll
0x00007fffe8140000 - 0x00007fffe8159000 	C:\Program Files\Android\Android Studio\jre\bin\jli.dll
0x00007fffe8160000 - 0x00007fffe8177000 	C:\Program Files\Android\Android Studio\jre\bin\VCRUNTIME140.dll
0x00007ffffecc0000 - 0x00007ffffee61000 	C:\WINDOWS\System32\USER32.dll
0x00007ffffda60000 - 0x00007ffffda82000 	C:\WINDOWS\System32\win32u.dll
0x00007ff800010000 - 0x00007ff80003b000 	C:\WINDOWS\System32\GDI32.dll
0x00007ffffd950000 - 0x00007ffffda5d000 	C:\WINDOWS\System32\gdi32full.dll
0x00007fffe5ff0000 - 0x00007fffe628a000 	C:\WINDOWS\WinSxS\amd64_microsoft.windows.common-controls_6595b64144ccf1df_6.0.19041.1110_none_60b5254171f9507e\COMCTL32.dll
0x00007ffffd6f0000 - 0x00007ffffd78d000 	C:\WINDOWS\System32\msvcp_win.dll
0x00007fffff130000 - 0x00007fffff1ce000 	C:\WINDOWS\System32\msvcrt.dll
0x00007ffffe390000 - 0x00007ffffe3c0000 	C:\WINDOWS\System32\IMM32.DLL
0x00007fffb24a0000 - 0x00007fffb253d000 	C:\Program Files\Android\Android Studio\jre\bin\msvcp140.dll
0x00007fff92f90000 - 0x00007fff93a5f000 	C:\Program Files\Android\Android Studio\jre\bin\server\jvm.dll
0x00007ffffe3c0000 - 0x00007ffffe46c000 	C:\WINDOWS\System32\ADVAPI32.dll
0x00007ffffefb0000 - 0x00007fffff04b000 	C:\WINDOWS\System32\sechost.dll
0x00007ffffee80000 - 0x00007ffffefaa000 	C:\WINDOWS\System32\RPCRT4.dll
0x00007ffffe320000 - 0x00007ffffe328000 	C:\WINDOWS\System32\PSAPI.DLL
0x00007ffff9320000 - 0x00007ffff9329000 	C:\WINDOWS\SYSTEM32\WSOCK32.dll
0x00007ffffe640000 - 0x00007ffffe6ab000 	C:\WINDOWS\System32\WS2_32.dll
0x00007ffff71b0000 - 0x00007ffff71ba000 	C:\WINDOWS\SYSTEM32\VERSION.dll
0x00007fffde170000 - 0x00007fffde197000 	C:\WINDOWS\SYSTEM32\WINMM.dll
0x00007ffffbf30000 - 0x00007ffffbf42000 	C:\WINDOWS\SYSTEM32\kernel.appcore.dll
0x00007ffff78b0000 - 0x00007ffff78c1000 	C:\Program Files\Android\Android Studio\jre\bin\verify.dll
0x00007ffffb350000 - 0x00007ffffb534000 	C:\WINDOWS\SYSTEM32\DBGHELP.DLL
0x00007fffce230000 - 0x00007fffce25c000 	C:\WINDOWS\SYSTEM32\dbgcore.DLL
0x00007ffffd790000 - 0x00007ffffd812000 	C:\WINDOWS\System32\bcryptPrimitives.dll
0x00007fffee550000 - 0x00007fffee579000 	C:\Program Files\Android\Android Studio\jre\bin\java.dll
0x00007ffff7ae0000 - 0x00007ffff7aeb000 	C:\Program Files\Android\Android Studio\jre\bin\jimage.dll
0x00007fffec3b0000 - 0x00007fffec3c8000 	C:\Program Files\Android\Android Studio\jre\bin\zip.dll
0x00007fffff6a0000 - 0x00007fffffde4000 	C:\WINDOWS\System32\SHELL32.dll
0x00007ffffb780000 - 0x00007ffffbf14000 	C:\WINDOWS\SYSTEM32\windows.storage.dll
0x00007fffff340000 - 0x00007fffff695000 	C:\WINDOWS\System32\combase.dll
0x00007ffffcff0000 - 0x00007ffffd01e000 	C:\WINDOWS\SYSTEM32\Wldp.dll
0x00007ffffe150000 - 0x00007ffffe1fd000 	C:\WINDOWS\System32\SHCORE.dll
0x00007ffffe020000 - 0x00007ffffe075000 	C:\WINDOWS\System32\shlwapi.dll
0x00007ffffd630000 - 0x00007ffffd64f000 	C:\WINDOWS\SYSTEM32\profapi.dll
0x00007fffec2a0000 - 0x00007fffec2ba000 	C:\Program Files\Android\Android Studio\jre\bin\net.dll
0x00007fffeef20000 - 0x00007fffef02c000 	C:\WINDOWS\SYSTEM32\WINHTTP.dll
0x00007ffffcd70000 - 0x00007ffffcdda000 	C:\WINDOWS\system32\mswsock.dll
0x00007fffe7230000 - 0x00007fffe7244000 	C:\Program Files\Android\Android Studio\jre\bin\nio.dll
0x00007fffe9fb0000 - 0x00007fffe9fd7000 	C:\Users\nguye\.gradle\native\8bec1ad78214c89d9ad589b4d07fe93259594b29d510b10fafb7a158f7737e5d\windows-amd64\native-platform.dll
0x00007fffaf020000 - 0x00007fffaf15d000 	C:\Users\nguye\.gradle\native\53dbd7edfb1c66fb8903c78663c9afc45aea4f116125fa6feffd364cf09443e8\windows-amd64\native-platform-file-events.dll
0x00007ffff7540000 - 0x00007ffff754a000 	C:\Program Files\Android\Android Studio\jre\bin\management.dll
0x00007ffff6fe0000 - 0x00007ffff6fec000 	C:\Program Files\Android\Android Studio\jre\bin\management_ext.dll
0x00007ffffd0a0000 - 0x00007ffffd0b8000 	C:\WINDOWS\SYSTEM32\CRYPTSP.dll
0x00007ffffc710000 - 0x00007ffffc744000 	C:\WINDOWS\system32\rsaenh.dll
0x00007ffffd920000 - 0x00007ffffd947000 	C:\WINDOWS\System32\bcrypt.dll
0x00007ffffd5f0000 - 0x00007ffffd61e000 	C:\WINDOWS\SYSTEM32\USERENV.dll
0x00007ffffcf60000 - 0x00007ffffcf6c000 	C:\WINDOWS\SYSTEM32\CRYPTBASE.dll
0x00007ffffca80000 - 0x00007ffffcabb000 	C:\WINDOWS\SYSTEM32\IPHLPAPI.DLL
0x00007ffffee70000 - 0x00007ffffee78000 	C:\WINDOWS\System32\NSI.dll
0x00007ffff5670000 - 0x00007ffff5687000 	C:\WINDOWS\SYSTEM32\dhcpcsvc6.DLL
0x00007ffff5580000 - 0x00007ffff559d000 	C:\WINDOWS\SYSTEM32\dhcpcsvc.DLL
0x00007ffffcac0000 - 0x00007ffffcb8b000 	C:\WINDOWS\SYSTEM32\DNSAPI.dll

dbghelp: loaded successfully - version: 4.0.5 - missing functions: none
symbol engine: initialized successfully - sym options: 0x614 - pdb path: .;C:\Program Files\Android\Android Studio\jre\bin;C:\WINDOWS\SYSTEM32;C:\WINDOWS\WinSxS\amd64_microsoft.windows.common-controls_6595b64144ccf1df_6.0.19041.1110_none_60b5254171f9507e;C:\Program Files\Android\Android Studio\jre\bin\server;C:\Users\nguye\.gradle\native\8bec1ad78214c89d9ad589b4d07fe93259594b29d510b10fafb7a158f7737e5d\windows-amd64;C:\Users\nguye\.gradle\native\53dbd7edfb1c66fb8903c78663c9afc45aea4f116125fa6feffd364cf09443e8\windows-amd64

VM Arguments:
jvm_args: --add-opens=java.base/java.util=ALL-UNNAMED --add-opens=java.base/java.lang=ALL-UNNAMED --add-opens=java.base/java.lang.invoke=ALL-UNNAMED --add-opens=java.base/java.util=ALL-UNNAMED --add-opens=java.prefs/java.util.prefs=ALL-UNNAMED --add-opens=java.prefs/java.util.prefs=ALL-UNNAMED --add-opens=java.base/java.nio.charset=ALL-UNNAMED --add-opens=java.base/java.net=ALL-UNNAMED --add-opens=java.base/java.util.concurrent.atomic=ALL-UNNAMED -Xmx2048m -Dfile.encoding=UTF-8 -Duser.country=US -Duser.language=en -Duser.variant 
java_command: org.gradle.launcher.daemon.bootstrap.GradleDaemon 7.0.2
java_class_path (initial): C:\Users\nguye\.gradle\wrapper\dists\gradle-7.0.2-bin\857tjihv64xamwrf0h14cai3r\gradle-7.0.2\lib\gradle-launcher-7.0.2.jar
Launcher Type: SUN_STANDARD

[Global flags]
     intx CICompilerCount                          = 4                                         {product} {ergonomic}
     uint ConcGCThreads                            = 2                                         {product} {ergonomic}
     uint G1ConcRefinementThreads                  = 8                                         {product} {ergonomic}
   size_t G1HeapRegionSize                         = 1048576                                   {product} {ergonomic}
    uintx GCDrainStackTargetSize                   = 64                                        {product} {ergonomic}
   size_t InitialHeapSize                          = 134217728                                 {product} {ergonomic}
   size_t MarkStackSize                            = 4194304                                   {product} {ergonomic}
   size_t MaxHeapSize                              = 2147483648                                {product} {command line}
   size_t MaxNewSize                               = 1287651328                                {product} {ergonomic}
   size_t MinHeapDeltaBytes                        = 1048576                                   {product} {ergonomic}
    uintx NonNMethodCodeHeapSize                   = 5836300                                {pd product} {ergonomic}
    uintx NonProfiledCodeHeapSize                  = 122910970                              {pd product} {ergonomic}
    uintx ProfiledCodeHeapSize                     = 122910970                              {pd product} {ergonomic}
    uintx ReservedCodeCacheSize                    = 251658240                              {pd product} {ergonomic}
     bool SegmentedCodeCache                       = true                                      {product} {ergonomic}
     bool UseCompressedClassPointers               = true                                 {lp64_product} {ergonomic}
     bool UseCompressedOops                        = true                                 {lp64_product} {ergonomic}
     bool UseG1GC                                  = true                                      {product} {ergonomic}
     bool UseLargePagesIndividualAllocation        = false                                  {pd product} {ergonomic}

Logging:
Log output configuration:
 #0: stdout all=warning uptime,level,tags
 #1: stderr all=off uptime,level,tags

Environment Variables:
JAVA_HOME=C:\Program Files\Java\jdk-17\bin
PATH=C:\Program Files\Common Files\Oracle\Java\javapath;C:\WINDOWS\system32;C:\WINDOWS;C:\WINDOWS\System32\Wbem;C:\WINDOWS\System32\WindowsPowerShell\v1.0\;C:\WINDOWS\System32\OpenSSH\;C:\Program Files\dotnet\;C:\Program Files\NVIDIA Corporation\NVIDIA NvDLISR;C:\Program Files\Microsoft SQL Server\Client SDK\ODBC\170\Tools\Binn\;C:\Program Files (x86)\Microsoft SQL Server\150\Tools\Binn\;C:\Program Files\Microsoft SQL Server\150\Tools\Binn\;C:\Program Files\Microsoft SQL Server\150\DTS\Binn\;C:\Program Files (x86)\Microsoft SQL Server\150\DTS\Binn\;C:\Program Files\Azure Data Studio\bin;C:\Program Files\Microsoft SQL Server\130\Tools\Binn\;C:\Program Files (x86)\dotnet\;C:\Program Files\MiKTeX\miktex\bin\x64\;C:\Strawberry\c\bin;C:\Strawberry\perl\site\bin;C:\Strawberry\perl\bin;C:\Program Files\Git\cmd;C:\xampp\php;C:\ProgramData\ComposerSetup\bin;C:\Program Files\nodejs\;C:\Program Files\Docker\Docker\resources\bin;C:\ProgramData\DockerDesktop\version-bin;C:\Users\nguye\AppData\Local\Microsoft\WindowsApps;C:\Users\nguye\AppData\Local\GitHubDesktop\bin;C:\Users\nguye\AppData\Local\Programs\Microsoft VS Code\bin;;C:\Program Files\Azure Data Studio\bin;C:\Users\nguye\.dotnet\tools;C:\Users\nguye\AppData\Roaming\Composer\vendor\bin;C:\Users\nguye\AppData\Roaming\npm
USERNAME=nguye
OS=Windows_NT
PROCESSOR_IDENTIFIER=Intel64 Family 6 Model 158 Stepping 10, GenuineIntel



---------------  S Y S T E M  ---------------

OS: Windows 10 , 64 bit Build 19041 (10.0.19041.1348)
OS uptime: 3 days 13:57 hours
Hyper-V role detected

CPU:total 8 (initial active 8) (4 cores per cpu, 2 threads per core) family 6 model 158 stepping 10 microcode 0xea, cmov, cx8, fxsr, mmx, sse, sse2, sse3, ssse3, sse4.1, sse4.2, popcnt, avx, avx2, aes, clmul, erms, 3dnowpref, lzcnt, ht, tsc, tscinvbit, bmi1, bmi2, adx, fma

Memory: 4k page, system-wide physical 8072M (518M free)
TotalPageFile size 16264M (AvailPageFile size 6M)
current process WorkingSet (physical memory assigned to process): 357M, peak: 357M
current process commit charge ("private bytes"): 392M, peak: 394M

vm_info: OpenJDK 64-Bit Server VM (11.0.10+0-b96-7249189) for windows-amd64 JRE (11.0.10+0-b96-7249189), built on Mar 31 2021 21:44:00 by "builder" with MS VC++ 14.0 (VS2015)

END.
