#
# There is insufficient memory for the Java Runtime Environment to continue.
# Native memory allocation (mmap) failed to map 47185920 bytes for Failed to commit area from 0x000000008de00000 to 0x0000000090b00000 of length 47185920.
# Possible reasons:
#   The system is out of physical RAM or swap space
#   The process is running with CompressedOops enabled, and the Java Heap may be blocking the growth of the native heap
# Possible solutions:
#   Reduce memory load on the system
#   Increase physical memory or swap space
#   Check if swap backing store is full
#   Decrease Java heap size (-Xmx/-Xms)
#   Decrease number of Java threads
#   Decrease Java thread stack sizes (-Xss)
#   Set larger code cache with -XX:ReservedCodeCacheSize=
#   JVM is running with Unscaled Compressed Oops mode in which the Java heap is
#     placed in the first 4GB address space. The Java Heap base address is the
#     maximum limit for the native heap growth. Please use -XX:HeapBaseMinAddress
#     to set the Java Heap base and to place the Java Heap above 4GB virtual address.
# This output file may be truncated or incomplete.
#
#  Out of Memory Error (./src/hotspot/os/windows/os_windows.cpp:3301), pid=21952, tid=10832
#
# JRE version: OpenJDK Runtime Environment (11.0.10) (build 11.0.10+0-b96-7249189)
# Java VM: OpenJDK 64-Bit Server VM (11.0.10+0-b96-7249189, mixed mode, tiered, compressed oops, g1 gc, windows-amd64)
# No core dump will be written. Minidumps are not enabled by default on client versions of Windows
#

---------------  S U M M A R Y ------------

Command Line: --add-opens=java.base/java.util=ALL-UNNAMED --add-opens=java.base/java.lang=ALL-UNNAMED --add-opens=java.base/java.lang.invoke=ALL-UNNAMED --add-opens=java.base/java.util=ALL-UNNAMED --add-opens=java.prefs/java.util.prefs=ALL-UNNAMED --add-opens=java.prefs/java.util.prefs=ALL-UNNAMED --add-opens=java.base/java.nio.charset=ALL-UNNAMED --add-opens=java.base/java.net=ALL-UNNAMED --add-opens=java.base/java.util.concurrent.atomic=ALL-UNNAMED -Xmx2048m -Dfile.encoding=UTF-8 -Duser.country=US -Duser.language=en -Duser.variant org.gradle.launcher.daemon.bootstrap.GradleDaemon 7.0.2

Host: Intel(R) Core(TM) i5-9300H CPU @ 2.40GHz, 8 cores, 7G,  Windows 10 , 64 bit Build 19041 (10.0.19041.1348)
Time: Sun Jan  9 22:11:27 2022 SE Asia Standard Time elapsed time: 35.297340 seconds (0d 0h 0m 35s)

---------------  T H R E A D  ---------------

Current thread (0x00000172a3c71800):  VMThread "VM Thread" [stack: 0x0000004e06400000,0x0000004e06500000] [id=10832]

Stack: [0x0000004e06400000,0x0000004e06500000]
[error occurred during error reporting (printing stack bounds), id 0xc0000005, EXCEPTION_ACCESS_VIOLATION (0xc0000005) at pc=0x000001728d2f0f2d]

Native frames: (J=compiled Java code, j=interpreted, Vv=VM code, C=native code)
V  [jvm.dll+0x5ecfaa]
V  [jvm.dll+0x722bd5]
V  [jvm.dll+0x72412d]
V  [jvm.dll+0x724745]
V  [jvm.dll+0x7246fb]
V  [jvm.dll+0x5ec348]
V  [jvm.dll+0x5ecad8]
C  [ntdll.dll+0xa20cf]
C  [ntdll.dll+0x51454]
C  [ntdll.dll+0xa0bfe]
C  0x000001728d2f0f2d

VM_Operation (0x0000004e0aefcd60): G1CollectForAllocation, mode: safepoint, requested by thread 0x00000172adc54800


---------------  P R O C E S S  ---------------

Threads class SMR info:
_java_thread_list=0x00000172ada85950, length=72, elements={
0x00000172897fd800, 0x00000172a3c73800, 0x00000172a3c78800, 0x00000172a45f4800,
0x00000172a45f7000, 0x00000172a45f9000, 0x00000172a45fa000, 0x00000172a4603800,
0x00000172a3c93000, 0x00000172a473f800, 0x00000172a68b4800, 0x00000172a68cf800,
0x00000172a51a8800, 0x00000172a5c3d800, 0x00000172a7b9e800, 0x00000172a6864800,
0x00000172a6883800, 0x00000172a4d56000, 0x00000172a5e3a800, 0x00000172a5e3b800,
0x00000172a5e3c000, 0x00000172a5e3d000, 0x00000172a4d04000, 0x00000172a5807000,
0x00000172a4cfe800, 0x00000172a4d00000, 0x00000172a4d01000, 0x00000172a4d01800,
0x00000172a4d02800, 0x00000172a4d05000, 0x00000172a4d03800, 0x00000172a4d06000,
0x00000172a4d0a800, 0x00000172a4d07800, 0x00000172a4d0b800, 0x00000172a4d06800,
0x00000172a4d09000, 0x00000172a4d08800, 0x00000172a4d0d000, 0x00000172a4d0c800,
0x00000172aa73e000, 0x00000172aa739800, 0x00000172aa73b800, 0x00000172aa73c800,
0x00000172aa73a000, 0x00000172aa73b000, 0x00000172aa743000, 0x00000172aa73d800,
0x00000172aa744800, 0x00000172aa740000, 0x00000172aa744000, 0x00000172aa73f000,
0x00000172aa745800, 0x00000172aa746800, 0x00000172aa740800, 0x00000172aa747000,
0x00000172aa741800, 0x00000172aa748000, 0x00000172adc59000, 0x00000172adc57000,
0x00000172adc56000, 0x00000172adc53800, 0x00000172adc58800, 0x00000172adc5a000,
0x00000172adc54800, 0x00000172ad494000, 0x00000172ad496800, 0x00000172ad49a800,
0x00000172ad497000, 0x00000172ad495800, 0x00000172ad498000, 0x00000172ad494800
}

Java Threads: ( => current thread )
  0x00000172897fd800 JavaThread "main" [_thread_blocked, id=6640, stack(0x0000004e05e00000,0x0000004e05f00000)]
  0x00000172a3c73800 JavaThread "Reference Handler" daemon [_thread_blocked, id=5500, stack(0x0000004e06500000,0x0000004e06600000)]
  0x00000172a3c78800 JavaThread "Finalizer" daemon [_thread_blocked, id=17820, stack(0x0000004e06600000,0x0000004e06700000)]
  0x00000172a45f4800 JavaThread "Signal Dispatcher" daemon [_thread_blocked, id=2784, stack(0x0000004e06700000,0x0000004e06800000)]
  0x00000172a45f7000 JavaThread "Attach Listener" daemon [_thread_blocked, id=2136, stack(0x0000004e06800000,0x0000004e06900000)]
  0x00000172a45f9000 JavaThread "Service Thread" daemon [_thread_blocked, id=13076, stack(0x0000004e06900000,0x0000004e06a00000)]
  0x00000172a45fa000 JavaThread "C2 CompilerThread0" daemon [_thread_in_native, id=11924, stack(0x0000004e06a00000,0x0000004e06b00000)]
  0x00000172a4603800 JavaThread "C1 CompilerThread0" daemon [_thread_blocked, id=9176, stack(0x0000004e06b00000,0x0000004e06c00000)]
  0x00000172a3c93000 JavaThread "Sweeper thread" daemon [_thread_blocked, id=9108, stack(0x0000004e06c00000,0x0000004e06d00000)]
  0x00000172a473f800 JavaThread "Common-Cleaner" daemon [_thread_blocked, id=13884, stack(0x0000004e06d00000,0x0000004e06e00000)]
  0x00000172a68b4800 JavaThread "Daemon health stats" [_thread_blocked, id=9568, stack(0x0000004e07300000,0x0000004e07400000)]
  0x00000172a68cf800 JavaThread "Incoming local TCP Connector on port 55385" [_thread_in_native, id=10592, stack(0x0000004e06f00000,0x0000004e07000000)]
  0x00000172a51a8800 JavaThread "Daemon periodic checks" [_thread_blocked, id=15592, stack(0x0000004e07200000,0x0000004e07300000)]
  0x00000172a5c3d800 JavaThread "Daemon" [_thread_blocked, id=3244, stack(0x0000004e07400000,0x0000004e07500000)]
  0x00000172a7b9e800 JavaThread "Handler for socket connection from /127.0.0.1:55385 to /127.0.0.1:55386" [_thread_in_native, id=576, stack(0x0000004e07500000,0x0000004e07600000)]
  0x00000172a6864800 JavaThread "Cancel handler" [_thread_blocked, id=15000, stack(0x0000004e07600000,0x0000004e07700000)]
  0x00000172a6883800 JavaThread "Daemon worker" [_thread_blocked, id=8872, stack(0x0000004e07700000,0x0000004e07800000)]
  0x00000172a4d56000 JavaThread "Asynchronous log dispatcher for DefaultDaemonConnection: socket connection from /127.0.0.1:55385 to /127.0.0.1:55386" [_thread_blocked, id=19600, stack(0x0000004e07800000,0x0000004e07900000)]
  0x00000172a5e3a800 JavaThread "Stdin handler" [_thread_blocked, id=21852, stack(0x0000004e07900000,0x0000004e07a00000)]
  0x00000172a5e3b800 JavaThread "Daemon client event forwarder" [_thread_blocked, id=18644, stack(0x0000004e07a00000,0x0000004e07b00000)]
  0x00000172a5e3c000 JavaThread "Cache worker for file hash cache (C:\Users\nguye\.gradle\caches\7.0.2\fileHashes)" [_thread_blocked, id=10140, stack(0x0000004e08000000,0x0000004e08100000)]
  0x00000172a5e3d000 JavaThread "File lock request listener" [_thread_in_native, id=22224, stack(0x0000004e08100000,0x0000004e08200000)]
  0x00000172a4d04000 JavaThread "Cache worker for journal cache (C:\Users\nguye\.gradle\caches\journal-1)" [_thread_blocked, id=8800, stack(0x0000004e08300000,0x0000004e08400000)]
  0x00000172a5807000 JavaThread "C2 CompilerThread1" daemon [_thread_blocked, id=2316, stack(0x0000004e08400000,0x0000004e08500000)]
  0x00000172a4cfe800 JavaThread "Cache worker for file hash cache (E:\Android\Final\TimePlanner\Time-Planner-App\.gradle\7.0.2\fileHashes)" [_thread_blocked, id=18972, stack(0x0000004e08500000,0x0000004e08600000)]
  0x00000172a4d00000 JavaThread "File watcher server" daemon [_thread_blocked, id=20096, stack(0x0000004e08600000,0x0000004e08700000)]
  0x00000172a4d01000 JavaThread "File watcher consumer" daemon [_thread_blocked, id=11176, stack(0x0000004e08700000,0x0000004e08800000)]
  0x00000172a4d01800 JavaThread "Cache worker for checksums cache (E:\Android\Final\TimePlanner\Time-Planner-App\.gradle\checksums)" [_thread_blocked, id=16860, stack(0x0000004e08800000,0x0000004e08900000)]
  0x00000172a4d02800 JavaThread "Cache worker for cache directory md-supplier (C:\Users\nguye\.gradle\caches\7.0.2\md-supplier)" [_thread_blocked, id=12196, stack(0x0000004e08900000,0x0000004e08a00000)]
  0x00000172a4d05000 JavaThread "Cache worker for cache directory md-rule (C:\Users\nguye\.gradle\caches\7.0.2\md-rule)" [_thread_blocked, id=18536, stack(0x0000004e08b00000,0x0000004e08c00000)]
  0x00000172a4d03800 JavaThread "Cache worker for execution history cache (C:\Users\nguye\.gradle\caches\7.0.2\executionHistory)" [_thread_blocked, id=1764, stack(0x0000004e08c00000,0x0000004e08d00000)]
  0x00000172a4d06000 JavaThread "jar transforms" [_thread_blocked, id=408, stack(0x0000004e08d00000,0x0000004e08e00000)]
  0x00000172a4d0a800 JavaThread "jar transforms Thread 2" [_thread_blocked, id=15524, stack(0x0000004e08e00000,0x0000004e08f00000)]
  0x00000172a4d07800 JavaThread "Cache worker for file content cache (C:\Users\nguye\.gradle\caches\7.0.2\fileContent)" [_thread_blocked, id=16264, stack(0x0000004e08f00000,0x0000004e09000000)]
  0x00000172a4d0b800 JavaThread "Cache worker for dependencies-accessors (E:\Android\Final\TimePlanner\Time-Planner-App\.gradle\7.0.2\dependencies-accessors)" [_thread_blocked, id=712, stack(0x0000004e09000000,0x0000004e09100000)]
  0x00000172a4d06800 JavaThread "jar transforms Thread 3" [_thread_blocked, id=13796, stack(0x0000004e09100000,0x0000004e09200000)]
  0x00000172a4d09000 JavaThread "Cache worker for Build Output Cleanup Cache (E:\Android\Final\TimePlanner\Time-Planner-App\.gradle\buildOutputCleanup)" [_thread_blocked, id=20064, stack(0x0000004e09200000,0x0000004e09300000)]
  0x00000172a4d08800 JavaThread "Build operations" [_thread_blocked, id=9332, stack(0x0000004e09300000,0x0000004e09400000)]
  0x00000172a4d0d000 JavaThread "Build operations Thread 2" [_thread_blocked, id=3688, stack(0x0000004e09400000,0x0000004e09500000)]
  0x00000172a4d0c800 JavaThread "Build operations Thread 3" [_thread_blocked, id=8452, stack(0x0000004e09500000,0x0000004e09600000)]
  0x00000172aa73e000 JavaThread "Build operations Thread 4" [_thread_blocked, id=21204, stack(0x0000004e09600000,0x0000004e09700000)]
  0x00000172aa739800 JavaThread "Build operations Thread 5" [_thread_blocked, id=19172, stack(0x0000004e09700000,0x0000004e09800000)]
  0x00000172aa73b800 JavaThread "Build operations Thread 6" [_thread_blocked, id=16240, stack(0x0000004e09800000,0x0000004e09900000)]
  0x00000172aa73c800 JavaThread "Build operations Thread 7" [_thread_blocked, id=20056, stack(0x0000004e09900000,0x0000004e09a00000)]
  0x00000172aa73a000 JavaThread "Build operations Thread 8" [_thread_blocked, id=11464, stack(0x0000004e09a00000,0x0000004e09b00000)]
  0x00000172aa73b000 JavaThread "jar transforms Thread 4" [_thread_blocked, id=3012, stack(0x0000004e09b00000,0x0000004e09c00000)]
  0x00000172aa743000 JavaThread "jar transforms Thread 5" [_thread_blocked, id=14848, stack(0x0000004e09c00000,0x0000004e09d00000)]
  0x00000172aa73d800 JavaThread "jar transforms Thread 6" [_thread_blocked, id=15428, stack(0x0000004e09d00000,0x0000004e09e00000)]
  0x00000172aa744800 JavaThread "jar transforms Thread 7" [_thread_blocked, id=17108, stack(0x0000004e09e00000,0x0000004e09f00000)]
  0x00000172aa740000 JavaThread "jar transforms Thread 8" [_thread_blocked, id=5568, stack(0x0000004e09f00000,0x0000004e0a000000)]
  0x00000172aa744000 JavaThread "Memory manager" [_thread_blocked, id=10676, stack(0x0000004e0a000000,0x0000004e0a100000)]
  0x00000172aa73f000 JavaThread "build event listener" [_thread_blocked, id=21004, stack(0x0000004e0a100000,0x0000004e0a200000)]
  0x00000172aa745800 JavaThread "Execution worker for ':'" [_thread_blocked, id=13600, stack(0x0000004e0a200000,0x0000004e0a300000)]
  0x00000172aa746800 JavaThread "Execution worker for ':' Thread 2" [_thread_blocked, id=22312, stack(0x0000004e0a300000,0x0000004e0a400000)]
  0x00000172aa740800 JavaThread "Execution worker for ':' Thread 3" [_thread_blocked, id=9724, stack(0x0000004e0a400000,0x0000004e0a500000)]
  0x00000172aa747000 JavaThread "Execution worker for ':' Thread 4" [_thread_blocked, id=13036, stack(0x0000004e0a500000,0x0000004e0a600000)]
  0x00000172aa741800 JavaThread "Execution worker for ':' Thread 5" [_thread_blocked, id=17736, stack(0x0000004e0a600000,0x0000004e0a700000)]
  0x00000172aa748000 JavaThread "Execution worker for ':' Thread 6" [_thread_blocked, id=16688, stack(0x0000004e0a700000,0x0000004e0a800000)]
  0x00000172adc59000 JavaThread "Execution worker for ':' Thread 7" [_thread_blocked, id=2512, stack(0x0000004e0a800000,0x0000004e0a900000)]
  0x00000172adc57000 JavaThread "Cache worker for execution history cache (E:\Android\Final\TimePlanner\Time-Planner-App\.gradle\7.0.2\executionHistory)" [_thread_blocked, id=11236, stack(0x0000004e0a900000,0x0000004e0aa00000)]
  0x00000172adc56000 JavaThread "Cache worker for Java compile cache (C:\Users\nguye\.gradle\caches\7.0.2\javaCompile)" [_thread_blocked, id=12300, stack(0x0000004e0aa00000,0x0000004e0ab00000)]
  0x00000172adc53800 JavaThread "Cache worker for Java compile cache (E:\Android\Final\TimePlanner\Time-Planner-App\.gradle\7.0.2\javaCompile)" [_thread_blocked, id=15060, stack(0x0000004e0ab00000,0x0000004e0ac00000)]
  0x00000172adc58800 JavaThread "C2 CompilerThread2" daemon [_thread_blocked, id=16640, stack(0x0000004e08a00000,0x0000004e08b00000)]
  0x00000172adc5a000 JavaThread "WorkerExecutor Queue" [_thread_blocked, id=15996, stack(0x0000004e0ad00000,0x0000004e0ae00000)]
  0x00000172adc54800 JavaThread "WorkerExecutor Queue Thread 2" [_thread_blocked, id=13272, stack(0x0000004e0ae00000,0x0000004e0af00000)]
  0x00000172ad494000 JavaThread "WorkerExecutor Queue Thread 3" [_thread_blocked, id=21072, stack(0x0000004e0af00000,0x0000004e0b000000)]
  0x00000172ad496800 JavaThread "WorkerExecutor Queue Thread 4" [_thread_blocked, id=16896, stack(0x0000004e0b000000,0x0000004e0b100000)]
  0x00000172ad49a800 JavaThread "WorkerExecutor Queue Thread 5" [_thread_blocked, id=15688, stack(0x0000004e0b100000,0x0000004e0b200000)]
  0x00000172ad497000 JavaThread "WorkerExecutor Queue Thread 6" [_thread_blocked, id=11480, stack(0x0000004e0b200000,0x0000004e0b300000)]
  0x00000172ad495800 JavaThread "WorkerExecutor Queue Thread 7" [_thread_blocked, id=16220, stack(0x0000004e0b300000,0x0000004e0b400000)]
  0x00000172ad498000 JavaThread "WorkerExecutor Queue Thread 9" [_thread_blocked, id=14308, stack(0x0000004e0b500000,0x0000004e0b600000)]
  0x00000172ad494800 JavaThread "WorkerExecutor Queue Thread 10" [_thread_blocked, id=18424, stack(0x0000004e0b400000,0x0000004e0b500000)]

Other Threads:
=>0x00000172a3c71800 VMThread "VM Thread" [stack: 0x0000004e06400000,0x0000004e06500000] [id=10832]
  0x00000172a4759000 WatcherThread [stack: 0x0000004e06e00000,0x0000004e06f00000] [id=22424]
  0x0000017289814800 GCTaskThread "GC Thread#0" [stack: 0x0000004e05f00000,0x0000004e06000000] [id=15372]
  0x00000172a5433000 GCTaskThread "GC Thread#1" [stack: 0x0000004e07000000,0x0000004e07100000] [id=21360]
  0x00000172a51a3800 GCTaskThread "GC Thread#2" [stack: 0x0000004e07100000,0x0000004e07200000] [id=13648]
  0x00000172a51a2800 GCTaskThread "GC Thread#3" [stack: 0x0000004e07b00000,0x0000004e07c00000] [id=4996]
  0x00000172a6b08800 GCTaskThread "GC Thread#4" [stack: 0x0000004e07c00000,0x0000004e07d00000] [id=12284]
  0x00000172a4cc0000 GCTaskThread "GC Thread#5" [stack: 0x0000004e07d00000,0x0000004e07e00000] [id=11536]
  0x00000172a4d57000 GCTaskThread "GC Thread#6" [stack: 0x0000004e07e00000,0x0000004e07f00000] [id=17136]
  0x00000172a6956800 GCTaskThread "GC Thread#7" [stack: 0x0000004e07f00000,0x0000004e08000000] [id=3300]
  0x0000017289849800 ConcurrentGCThread "G1 Main Marker" [stack: 0x0000004e06000000,0x0000004e06100000] [id=17332]
  0x000001728984a800 ConcurrentGCThread "G1 Conc#0" [stack: 0x0000004e06100000,0x0000004e06200000] [id=13192]
  0x00000172a80ad800 ConcurrentGCThread "G1 Conc#1" [stack: 0x0000004e08200000,0x0000004e08300000] [id=10396]
  0x00000172a3ac0800 ConcurrentGCThread "G1 Refine#0" [stack: 0x0000004e06200000,0x0000004e06300000] [id=22220]
  0x00000172a63e2000 ConcurrentGCThread "G1 Refine#1" [stack: 0x0000004e0ac00000,0x0000004e0ad00000] [id=18296]
  0x00000172a3ac1800 ConcurrentGCThread "G1 Young RemSet Sampling" [stack: 0x0000004e06300000,0x0000004e06400000] [id=16744]

Threads with active compile tasks:
C2 CompilerThread0  35322 14833 %     4       com.android.tools.r8.ir.regalloc.a::a @ 2121 (3985 bytes)
C1 CompilerThread0  35322 16104       2       com.android.tools.r8.graph.n::a (45 bytes)
C2 CompilerThread1  35322 15880   !   4       java.net.URL::<init> (543 bytes)
C2 CompilerThread2  35322 15930 %     4       com.android.tools.r8.dex.j::m @ 64 (2086 bytes)

VM state:at safepoint (normal execution)

VM Mutex/Monitor currently owned by a thread:  ([mutex/lock_event])
[0x00000172897f8e10] Threads_lock - owner thread: 0x00000172a3c71800
[0x00000172897f9a70] Heap_lock - owner thread: 0x00000172adc54800

Heap address: 0x0000000080000000, size: 2048 MB, Compressed Oops mode: 32-bit
Narrow klass base: 0x0000000000000000, Narrow klass shift: 3
Compressed class space size: 1073741824 Address: 0x0000000100000000

Heap:
 garbage-first heap   total 273408K, used 115530K [0x0000000080000000, 0x0000000100000000)
  region size 1024K, 2 young (2048K), 2 survivors (2048K)
 Metaspace       used 105807K, capacity 108857K, committed 110504K, reserved 1144832K
  class space    used 13648K, capacity 14820K, committed 15488K, reserved 1048576K
Heap Regions: E=young(eden), S=young(survivor), O=old, HS=humongous(starts), HC=humongous(continues), CS=collection set, F=free, A=archive, TAMS=top-at-mark-start (previous, next)
|   0|0x0000000080000000, 0x0000000080100000, 0x0000000080100000|100%| O|  |TAMS 0x0000000080100000, 0x0000000080000000| Untracked 
|   1|0x0000000080100000, 0x0000000080200000, 0x0000000080200000|100%| O|  |TAMS 0x0000000080200000, 0x0000000080100000| Complete 
|   2|0x0000000080200000, 0x0000000080300000, 0x0000000080300000|100%| O|  |TAMS 0x0000000080300000, 0x0000000080200000| Untracked 
|   3|0x0000000080300000, 0x0000000080400000, 0x0000000080400000|100%|HS|  |TAMS 0x0000000080400000, 0x0000000080300000| Complete 
|   4|0x0000000080400000, 0x0000000080500000, 0x0000000080500000|100%|HC|  |TAMS 0x0000000080500000, 0x0000000080400000| Complete 
|   5|0x0000000080500000, 0x0000000080600000, 0x0000000080600000|100%|HC|  |TAMS 0x0000000080600000, 0x0000000080500000| Complete 
|   6|0x0000000080600000, 0x0000000080700000, 0x0000000080700000|100%| O|  |TAMS 0x0000000080700000, 0x0000000080600000| Untracked 
|   7|0x0000000080700000, 0x0000000080800000, 0x0000000080800000|100%| O|  |TAMS 0x0000000080800000, 0x0000000080700000| Untracked 
|   8|0x0000000080800000, 0x0000000080900000, 0x0000000080900000|100%| O|  |TAMS 0x0000000080900000, 0x0000000080800000| Untracked 
|   9|0x0000000080900000, 0x0000000080a00000, 0x0000000080a00000|100%| O|  |TAMS 0x0000000080a00000, 0x0000000080900000| Untracked 
|  10|0x0000000080a00000, 0x0000000080b00000, 0x0000000080b00000|100%| O|  |TAMS 0x0000000080b00000, 0x0000000080a00000| Untracked 
|  11|0x0000000080b00000, 0x0000000080c00000, 0x0000000080c00000|100%| O|  |TAMS 0x0000000080c00000, 0x0000000080b00000| Untracked 
|  12|0x0000000080c00000, 0x0000000080d00000, 0x0000000080d00000|100%| O|  |TAMS 0x0000000080d00000, 0x0000000080c00000| Untracked 
|  13|0x0000000080d00000, 0x0000000080e00000, 0x0000000080e00000|100%| O|  |TAMS 0x0000000080e00000, 0x0000000080d00000| Untracked 
|  14|0x0000000080e00000, 0x0000000080f00000, 0x0000000080f00000|100%| O|  |TAMS 0x0000000080f00000, 0x0000000080e00000| Untracked 
|  15|0x0000000080f00000, 0x0000000081000000, 0x0000000081000000|100%| O|  |TAMS 0x0000000081000000, 0x0000000080f00000| Untracked 
|  16|0x0000000081000000, 0x0000000081100000, 0x0000000081100000|100%|HS|  |TAMS 0x0000000081100000, 0x0000000081000000| Complete 
|  17|0x0000000081100000, 0x0000000081200000, 0x0000000081200000|100%| O|  |TAMS 0x0000000081200000, 0x0000000081100000| Untracked 
|  18|0x0000000081200000, 0x0000000081300000, 0x0000000081300000|100%| O|  |TAMS 0x0000000081300000, 0x0000000081200000| Untracked 
|  19|0x0000000081300000, 0x0000000081400000, 0x0000000081400000|100%| O|  |TAMS 0x0000000081400000, 0x0000000081300000| Untracked 
|  20|0x0000000081400000, 0x0000000081500000, 0x0000000081500000|100%| O|  |TAMS 0x0000000081500000, 0x0000000081400000| Untracked 
|  21|0x0000000081500000, 0x0000000081600000, 0x0000000081600000|100%| O|  |TAMS 0x0000000081600000, 0x0000000081500000| Untracked 
|  22|0x0000000081600000, 0x0000000081700000, 0x0000000081700000|100%| O|  |TAMS 0x0000000081700000, 0x0000000081600000| Untracked 
|  23|0x0000000081700000, 0x0000000081800000, 0x0000000081800000|100%| O|  |TAMS 0x0000000081800000, 0x0000000081700000| Untracked 
|  24|0x0000000081800000, 0x0000000081900000, 0x0000000081900000|100%| O|  |TAMS 0x0000000081900000, 0x0000000081800000| Untracked 
|  25|0x0000000081900000, 0x0000000081a00000, 0x0000000081a00000|100%| O|  |TAMS 0x0000000081a00000, 0x0000000081900000| Untracked 
|  26|0x0000000081a00000, 0x0000000081b00000, 0x0000000081b00000|100%| O|  |TAMS 0x0000000081b00000, 0x0000000081a00000| Complete 
|  27|0x0000000081b00000, 0x0000000081c00000, 0x0000000081c00000|100%|HS|  |TAMS 0x0000000081c00000, 0x0000000081b00000| Complete 
|  28|0x0000000081c00000, 0x0000000081d00000, 0x0000000081d00000|100%|HS|  |TAMS 0x0000000081d00000, 0x0000000081c00000| Complete 
|  29|0x0000000081d00000, 0x0000000081e00000, 0x0000000081e00000|100%|HC|  |TAMS 0x0000000081e00000, 0x0000000081d00000| Complete 
|  30|0x0000000081e00000, 0x0000000081f00000, 0x0000000081f00000|100%| O|  |TAMS 0x0000000081f00000, 0x0000000081e00000| Untracked 
|  31|0x0000000081f00000, 0x0000000081f00000, 0x0000000082000000|  0%| F|  |TAMS 0x0000000081f00000, 0x0000000081f00000| Untracked 
|  32|0x0000000082000000, 0x0000000082100000, 0x0000000082100000|100%| O|  |TAMS 0x0000000082100000, 0x0000000082000000| Complete 
|  33|0x0000000082100000, 0x0000000082200000, 0x0000000082200000|100%| O|  |TAMS 0x0000000082200000, 0x0000000082100000| Untracked 
|  34|0x0000000082200000, 0x0000000082300000, 0x0000000082300000|100%| O|  |TAMS 0x0000000082300000, 0x0000000082200000| Complete 
|  35|0x0000000082300000, 0x0000000082400000, 0x0000000082400000|100%| O|  |TAMS 0x0000000082400000, 0x0000000082300000| Untracked 
|  36|0x0000000082400000, 0x0000000082500000, 0x0000000082500000|100%| O|  |TAMS 0x0000000082500000, 0x0000000082400000| Untracked 
|  37|0x0000000082500000, 0x0000000082600000, 0x0000000082600000|100%| O|  |TAMS 0x0000000082600000, 0x0000000082500000| Untracked 
|  38|0x0000000082600000, 0x0000000082700000, 0x0000000082700000|100%| O|  |TAMS 0x0000000082700000, 0x0000000082600000| Untracked 
|  39|0x0000000082700000, 0x0000000082800000, 0x0000000082800000|100%| O|  |TAMS 0x0000000082800000, 0x0000000082700000| Untracked 
|  40|0x0000000082800000, 0x0000000082900000, 0x0000000082900000|100%| O|  |TAMS 0x0000000082900000, 0x0000000082800000| Untracked 
|  41|0x0000000082900000, 0x0000000082a00000, 0x0000000082a00000|100%| O|  |TAMS 0x0000000082a00000, 0x0000000082900000| Complete 
|  42|0x0000000082a00000, 0x0000000082b00000, 0x0000000082b00000|100%| O|  |TAMS 0x0000000082b00000, 0x0000000082a00000| Untracked 
|  43|0x0000000082b00000, 0x0000000082c00000, 0x0000000082c00000|100%| O|  |TAMS 0x0000000082c00000, 0x0000000082b00000| Untracked 
|  44|0x0000000082c00000, 0x0000000082d00000, 0x0000000082d00000|100%| O|  |TAMS 0x0000000082d00000, 0x0000000082c00000| Untracked 
|  45|0x0000000082d00000, 0x0000000082e00000, 0x0000000082e00000|100%| O|  |TAMS 0x0000000082e00000, 0x0000000082d00000| Untracked 
|  46|0x0000000082e00000, 0x0000000082f00000, 0x0000000082f00000|100%| O|  |TAMS 0x0000000082f00000, 0x0000000082e00000| Untracked 
|  47|0x0000000082f00000, 0x0000000083000000, 0x0000000083000000|100%| O|  |TAMS 0x0000000083000000, 0x0000000082f00000| Untracked 
|  48|0x0000000083000000, 0x0000000083100000, 0x0000000083100000|100%| O|  |TAMS 0x0000000083100000, 0x0000000083000000| Untracked 
|  49|0x0000000083100000, 0x0000000083200000, 0x0000000083200000|100%| O|  |TAMS 0x0000000083200000, 0x0000000083100000| Untracked 
|  50|0x0000000083200000, 0x0000000083300000, 0x0000000083300000|100%| O|  |TAMS 0x0000000083300000, 0x0000000083200000| Untracked 
|  51|0x0000000083300000, 0x0000000083400000, 0x0000000083400000|100%| O|  |TAMS 0x0000000083400000, 0x0000000083300000| Untracked 
|  52|0x0000000083400000, 0x0000000083500000, 0x0000000083500000|100%| O|  |TAMS 0x0000000083500000, 0x0000000083400000| Complete 
|  53|0x0000000083500000, 0x0000000083600000, 0x0000000083600000|100%| O|  |TAMS 0x0000000083600000, 0x0000000083500000| Untracked 
|  54|0x0000000083600000, 0x0000000083700000, 0x0000000083700000|100%| O|  |TAMS 0x0000000083700000, 0x0000000083600000| Untracked 
|  55|0x0000000083700000, 0x0000000083800000, 0x0000000083800000|100%| O|  |TAMS 0x0000000083800000, 0x0000000083700000| Untracked 
|  56|0x0000000083800000, 0x0000000083900000, 0x0000000083900000|100%| O|  |TAMS 0x0000000083900000, 0x0000000083800000| Untracked 
|  57|0x0000000083900000, 0x0000000083a00000, 0x0000000083a00000|100%| O|  |TAMS 0x0000000083a00000, 0x0000000083900000| Untracked 
|  58|0x0000000083a00000, 0x0000000083b00000, 0x0000000083b00000|100%| O|  |TAMS 0x0000000083b00000, 0x0000000083a00000| Untracked 
|  59|0x0000000083b00000, 0x0000000083c00000, 0x0000000083c00000|100%| O|  |TAMS 0x0000000083c00000, 0x0000000083b00000| Untracked 
|  60|0x0000000083c00000, 0x0000000083d00000, 0x0000000083d00000|100%| O|  |TAMS 0x0000000083d00000, 0x0000000083c00000| Untracked 
|  61|0x0000000083d00000, 0x0000000083e00000, 0x0000000083e00000|100%| O|  |TAMS 0x0000000083e00000, 0x0000000083d00000| Untracked 
|  62|0x0000000083e00000, 0x0000000083f00000, 0x0000000083f00000|100%| O|  |TAMS 0x0000000083f00000, 0x0000000083e00000| Complete 
|  63|0x0000000083f00000, 0x0000000084000000, 0x0000000084000000|100%| O|  |TAMS 0x0000000084000000, 0x0000000083f00000| Untracked 
|  64|0x0000000084000000, 0x0000000084100000, 0x0000000084100000|100%| O|  |TAMS 0x0000000084100000, 0x0000000084000000| Untracked 
|  65|0x0000000084100000, 0x0000000084200000, 0x0000000084200000|100%| O|  |TAMS 0x0000000084200000, 0x0000000084100000| Complete 
|  66|0x0000000084200000, 0x0000000084300000, 0x0000000084300000|100%| O|  |TAMS 0x0000000084300000, 0x0000000084200000| Untracked 
|  67|0x0000000084300000, 0x0000000084400000, 0x0000000084400000|100%| O|  |TAMS 0x0000000084400000, 0x0000000084300000| Untracked 
|  68|0x0000000084400000, 0x0000000084500000, 0x0000000084500000|100%| O|  |TAMS 0x0000000084500000, 0x0000000084400000| Complete 
|  69|0x0000000084500000, 0x0000000084600000, 0x0000000084600000|100%| O|  |TAMS 0x0000000084600000, 0x0000000084500000| Untracked 
|  70|0x0000000084600000, 0x0000000084700000, 0x0000000084700000|100%| O|  |TAMS 0x0000000084700000, 0x0000000084600000| Untracked 
|  71|0x0000000084700000, 0x0000000084800000, 0x0000000084800000|100%| O|  |TAMS 0x0000000084800000, 0x0000000084700000| Complete 
|  72|0x0000000084800000, 0x0000000084900000, 0x0000000084900000|100%| O|  |TAMS 0x0000000084900000, 0x0000000084800000| Complete 
|  73|0x0000000084900000, 0x0000000084a00000, 0x0000000084a00000|100%| O|  |TAMS 0x0000000084a00000, 0x0000000084900000| Complete 
|  74|0x0000000084a00000, 0x0000000084b00000, 0x0000000084b00000|100%| O|  |TAMS 0x0000000084b00000, 0x0000000084a00000| Untracked 
|  75|0x0000000084b00000, 0x0000000084c00000, 0x0000000084c00000|100%| O|  |TAMS 0x0000000084c00000, 0x0000000084b00000| Untracked 
|  76|0x0000000084c00000, 0x0000000084c00000, 0x0000000084d00000|  0%| F|  |TAMS 0x0000000084c00000, 0x0000000084c00000| Untracked 
|  77|0x0000000084d00000, 0x0000000084e00000, 0x0000000084e00000|100%| O|  |TAMS 0x0000000084e00000, 0x0000000084d00000| Complete 
|  78|0x0000000084e00000, 0x0000000084f00000, 0x0000000084f00000|100%| O|  |TAMS 0x0000000084f00000, 0x0000000084e00000| Complete 
|  79|0x0000000084f00000, 0x0000000085000000, 0x0000000085000000|100%| O|  |TAMS 0x0000000085000000, 0x0000000084f00000| Complete 
|  80|0x0000000085000000, 0x0000000085100000, 0x0000000085100000|100%| O|  |TAMS 0x0000000085100000, 0x0000000085000000| Complete 
|  81|0x0000000085100000, 0x0000000085200000, 0x0000000085200000|100%| O|  |TAMS 0x0000000085200000, 0x0000000085100000| Untracked 
|  82|0x0000000085200000, 0x0000000085300000, 0x0000000085300000|100%| O|  |TAMS 0x0000000085300000, 0x0000000085200000| Complete 
|  83|0x0000000085300000, 0x0000000085400000, 0x0000000085400000|100%| O|  |TAMS 0x0000000085400000, 0x0000000085300000| Untracked 
|  84|0x0000000085400000, 0x0000000085400000, 0x0000000085500000|  0%| F|  |TAMS 0x0000000085400000, 0x0000000085400000| Untracked 
|  85|0x0000000085500000, 0x0000000085600000, 0x0000000085600000|100%| O|  |TAMS 0x0000000085600000, 0x0000000085500000| Complete 
|  86|0x0000000085600000, 0x0000000085700000, 0x0000000085700000|100%| O|  |TAMS 0x0000000085700000, 0x0000000085600000| Complete 
|  87|0x0000000085700000, 0x0000000085800000, 0x0000000085800000|100%| O|  |TAMS 0x0000000085800000, 0x0000000085700000| Complete 
|  88|0x0000000085800000, 0x0000000085900000, 0x0000000085900000|100%| O|  |TAMS 0x0000000085900000, 0x0000000085800000| Untracked 
|  89|0x0000000085900000, 0x0000000085a00000, 0x0000000085a00000|100%| O|  |TAMS 0x0000000085900000, 0x0000000085900000| Untracked 
|  90|0x0000000085a00000, 0x0000000085a00000, 0x0000000085b00000|  0%| F|  |TAMS 0x0000000085a00000, 0x0000000085a00000| Untracked 
|  91|0x0000000085b00000, 0x0000000085c00000, 0x0000000085c00000|100%| O|  |TAMS 0x0000000085c00000, 0x0000000085b00000| Complete 
|  92|0x0000000085c00000, 0x0000000085c00000, 0x0000000085d00000|  0%| F|  |TAMS 0x0000000085c00000, 0x0000000085c00000| Untracked 
|  93|0x0000000085d00000, 0x0000000085d00000, 0x0000000085e00000|  0%| F|  |TAMS 0x0000000085d00000, 0x0000000085d00000| Untracked 
|  94|0x0000000085e00000, 0x0000000085f00000, 0x0000000085f00000|100%| O|  |TAMS 0x0000000085f00000, 0x0000000085e00000| Complete 
|  95|0x0000000085f00000, 0x0000000086000000, 0x0000000086000000|100%| O|  |TAMS 0x0000000086000000, 0x0000000085f00000| Complete 
|  96|0x0000000086000000, 0x0000000086100000, 0x0000000086100000|100%| O|  |TAMS 0x0000000086100000, 0x0000000086000000| Complete 
|  97|0x0000000086100000, 0x0000000086200000, 0x0000000086200000|100%| O|  |TAMS 0x0000000086200000, 0x0000000086100000| Complete 
|  98|0x0000000086200000, 0x0000000086300000, 0x0000000086300000|100%| O|  |TAMS 0x0000000086300000, 0x0000000086200000| Complete 
|  99|0x0000000086300000, 0x0000000086300000, 0x0000000086400000|  0%| F|  |TAMS 0x0000000086300000, 0x0000000086300000| Untracked 
| 100|0x0000000086400000, 0x0000000086500000, 0x0000000086500000|100%| O|  |TAMS 0x0000000086500000, 0x0000000086400000| Untracked 
| 101|0x0000000086500000, 0x0000000086600000, 0x0000000086600000|100%| O|  |TAMS 0x0000000086600000, 0x0000000086500000| Untracked 
| 102|0x0000000086600000, 0x0000000086700000, 0x0000000086700000|100%| O|  |TAMS 0x0000000086700000, 0x0000000086600000| Complete 
| 103|0x0000000086700000, 0x0000000086800000, 0x0000000086800000|100%| O|  |TAMS 0x0000000086800000, 0x0000000086700000| Untracked 
| 104|0x0000000086800000, 0x0000000086900000, 0x0000000086900000|100%| O|  |TAMS 0x0000000086900000, 0x0000000086800000| Complete 
| 105|0x0000000086900000, 0x0000000086900000, 0x0000000086a00000|  0%| F|  |TAMS 0x0000000086900000, 0x0000000086900000| Untracked 
| 106|0x0000000086a00000, 0x0000000086b00000, 0x0000000086b00000|100%| O|  |TAMS 0x0000000086b00000, 0x0000000086a00000| Complete 
| 107|0x0000000086b00000, 0x0000000086b00000, 0x0000000086c00000|  0%| F|  |TAMS 0x0000000086b00000, 0x0000000086b00000| Untracked 
| 108|0x0000000086c00000, 0x0000000086c00000, 0x0000000086d00000|  0%| F|  |TAMS 0x0000000086c00000, 0x0000000086c00000| Untracked 
| 109|0x0000000086d00000, 0x0000000086d00000, 0x0000000086e00000|  0%| F|  |TAMS 0x0000000086d00000, 0x0000000086d00000| Untracked 
| 110|0x0000000086e00000, 0x0000000086f00000, 0x0000000086f00000|100%| O|  |TAMS 0x0000000086f00000, 0x0000000086e00000| Complete 
| 111|0x0000000086f00000, 0x0000000087000000, 0x0000000087000000|100%| O|  |TAMS 0x0000000086f2b200, 0x0000000086f00000| Untracked 
| 112|0x0000000087000000, 0x0000000087100000, 0x0000000087100000|100%| O|  |TAMS 0x0000000087000000, 0x0000000087000000| Untracked 
| 113|0x0000000087100000, 0x0000000087200000, 0x0000000087200000|100%| O|  |TAMS 0x0000000087100000, 0x0000000087100000| Untracked 
| 114|0x0000000087200000, 0x0000000087300000, 0x0000000087300000|100%| O|  |TAMS 0x0000000087200000, 0x0000000087200000| Untracked 
| 115|0x0000000087300000, 0x0000000087400000, 0x0000000087400000|100%| O|  |TAMS 0x0000000087300000, 0x0000000087300000| Untracked 
| 116|0x0000000087400000, 0x0000000087500000, 0x0000000087500000|100%| O|  |TAMS 0x0000000087400000, 0x0000000087400000| Untracked 
| 117|0x0000000087500000, 0x0000000087600000, 0x0000000087600000|100%| O|  |TAMS 0x0000000087500000, 0x0000000087500000| Untracked 
| 118|0x0000000087600000, 0x0000000087700000, 0x0000000087700000|100%| O|  |TAMS 0x0000000087600000, 0x0000000087600000| Untracked 
| 119|0x0000000087700000, 0x0000000087800000, 0x0000000087800000|100%| O|  |TAMS 0x0000000087700000, 0x0000000087700000| Untracked 
| 120|0x0000000087800000, 0x0000000087900000, 0x0000000087900000|100%| O|  |TAMS 0x0000000087800000, 0x0000000087800000| Untracked 
| 121|0x0000000087900000, 0x0000000087a00000, 0x0000000087a00000|100%| O|  |TAMS 0x0000000087900000, 0x0000000087900000| Untracked 
| 122|0x0000000087a00000, 0x0000000087a94400, 0x0000000087b00000| 57%| O|  |TAMS 0x0000000087a00000, 0x0000000087a00000| Untracked 
| 123|0x0000000087b00000, 0x0000000087b00000, 0x0000000087c00000|  0%| F|  |TAMS 0x0000000087b00000, 0x0000000087b00000| Untracked 
| 124|0x0000000087c00000, 0x0000000087c00000, 0x0000000087d00000|  0%| F|  |TAMS 0x0000000087c00000, 0x0000000087c00000| Untracked 
| 125|0x0000000087d00000, 0x0000000087d00000, 0x0000000087e00000|  0%| F|  |TAMS 0x0000000087d00000, 0x0000000087d00000| Untracked 
| 126|0x0000000087e00000, 0x0000000087e00000, 0x0000000087f00000|  0%| F|  |TAMS 0x0000000087e00000, 0x0000000087e00000| Untracked 
| 127|0x0000000087f00000, 0x0000000087f00000, 0x0000000088000000|  0%| F|  |TAMS 0x0000000087f00000, 0x0000000087f00000| Untracked 
| 128|0x0000000088000000, 0x0000000088000000, 0x0000000088100000|  0%| F|  |TAMS 0x0000000088000000, 0x0000000088000000| Untracked 
| 129|0x0000000088100000, 0x0000000088100000, 0x0000000088200000|  0%| F|  |TAMS 0x0000000088100000, 0x0000000088100000| Untracked 
| 130|0x0000000088200000, 0x0000000088200000, 0x0000000088300000|  0%| F|  |TAMS 0x0000000088200000, 0x0000000088200000| Untracked 
| 131|0x0000000088300000, 0x0000000088300000, 0x0000000088400000|  0%| F|  |TAMS 0x0000000088300000, 0x0000000088300000| Untracked 
| 132|0x0000000088400000, 0x0000000088400000, 0x0000000088500000|  0%| F|  |TAMS 0x0000000088400000, 0x0000000088400000| Untracked 
| 133|0x0000000088500000, 0x0000000088500000, 0x0000000088600000|  0%| F|  |TAMS 0x0000000088500000, 0x0000000088500000| Untracked 
| 134|0x0000000088600000, 0x0000000088600000, 0x0000000088700000|  0%| F|  |TAMS 0x0000000088600000, 0x0000000088600000| Untracked 
| 135|0x0000000088700000, 0x0000000088700000, 0x0000000088800000|  0%| F|  |TAMS 0x0000000088700000, 0x0000000088700000| Untracked 
| 136|0x0000000088800000, 0x0000000088800000, 0x0000000088900000|  0%| F|  |TAMS 0x0000000088800000, 0x0000000088800000| Untracked 
| 137|0x0000000088900000, 0x0000000088900000, 0x0000000088a00000|  0%| F|  |TAMS 0x0000000088900000, 0x0000000088900000| Untracked 
| 138|0x0000000088a00000, 0x0000000088a00000, 0x0000000088b00000|  0%| F|  |TAMS 0x0000000088a00000, 0x0000000088a00000| Untracked 
| 139|0x0000000088b00000, 0x0000000088b00000, 0x0000000088c00000|  0%| F|  |TAMS 0x0000000088b00000, 0x0000000088b00000| Untracked 
| 140|0x0000000088c00000, 0x0000000088c00000, 0x0000000088d00000|  0%| F|  |TAMS 0x0000000088c00000, 0x0000000088c00000| Untracked 
| 141|0x0000000088d00000, 0x0000000088d00000, 0x0000000088e00000|  0%| F|  |TAMS 0x0000000088d00000, 0x0000000088d00000| Untracked 
| 142|0x0000000088e00000, 0x0000000088e00000, 0x0000000088f00000|  0%| F|  |TAMS 0x0000000088e00000, 0x0000000088e00000| Untracked 
| 143|0x0000000088f00000, 0x0000000088f00000, 0x0000000089000000|  0%| F|  |TAMS 0x0000000088f00000, 0x0000000088f00000| Untracked 
| 144|0x0000000089000000, 0x0000000089000000, 0x0000000089100000|  0%| F|  |TAMS 0x0000000089000000, 0x0000000089000000| Untracked 
| 145|0x0000000089100000, 0x0000000089100000, 0x0000000089200000|  0%| F|  |TAMS 0x0000000089100000, 0x0000000089100000| Untracked 
| 146|0x0000000089200000, 0x0000000089200000, 0x0000000089300000|  0%| F|  |TAMS 0x0000000089200000, 0x0000000089200000| Untracked 
| 147|0x0000000089300000, 0x0000000089300000, 0x0000000089400000|  0%| F|  |TAMS 0x0000000089300000, 0x0000000089300000| Untracked 
| 148|0x0000000089400000, 0x0000000089400000, 0x0000000089500000|  0%| F|  |TAMS 0x0000000089400000, 0x0000000089400000| Untracked 
| 149|0x0000000089500000, 0x0000000089500000, 0x0000000089600000|  0%| F|  |TAMS 0x0000000089500000, 0x0000000089500000| Untracked 
| 150|0x0000000089600000, 0x0000000089600000, 0x0000000089700000|  0%| F|  |TAMS 0x0000000089600000, 0x0000000089600000| Untracked 
| 151|0x0000000089700000, 0x0000000089700000, 0x0000000089800000|  0%| F|  |TAMS 0x0000000089700000, 0x0000000089700000| Untracked 
| 152|0x0000000089800000, 0x0000000089800000, 0x0000000089900000|  0%| F|  |TAMS 0x0000000089800000, 0x0000000089800000| Untracked 
| 153|0x0000000089900000, 0x0000000089900000, 0x0000000089a00000|  0%| F|  |TAMS 0x0000000089900000, 0x0000000089900000| Untracked 
| 154|0x0000000089a00000, 0x0000000089a00000, 0x0000000089b00000|  0%| F|  |TAMS 0x0000000089a00000, 0x0000000089a00000| Untracked 
| 155|0x0000000089b00000, 0x0000000089b00000, 0x0000000089c00000|  0%| F|  |TAMS 0x0000000089b00000, 0x0000000089b00000| Untracked 
| 156|0x0000000089c00000, 0x0000000089c00000, 0x0000000089d00000|  0%| F|  |TAMS 0x0000000089c00000, 0x0000000089c00000| Untracked 
| 157|0x0000000089d00000, 0x0000000089d00000, 0x0000000089e00000|  0%| F|  |TAMS 0x0000000089d00000, 0x0000000089d00000| Untracked 
| 158|0x0000000089e00000, 0x0000000089e00000, 0x0000000089f00000|  0%| F|  |TAMS 0x0000000089e00000, 0x0000000089e00000| Untracked 
| 159|0x0000000089f00000, 0x0000000089f00000, 0x000000008a000000|  0%| F|  |TAMS 0x0000000089f00000, 0x0000000089f00000| Untracked 
| 160|0x000000008a000000, 0x000000008a000000, 0x000000008a100000|  0%| F|  |TAMS 0x000000008a000000, 0x000000008a000000| Untracked 
| 161|0x000000008a100000, 0x000000008a100000, 0x000000008a200000|  0%| F|  |TAMS 0x000000008a100000, 0x000000008a100000| Untracked 
| 162|0x000000008a200000, 0x000000008a200000, 0x000000008a300000|  0%| F|  |TAMS 0x000000008a200000, 0x000000008a200000| Untracked 
| 163|0x000000008a300000, 0x000000008a300000, 0x000000008a400000|  0%| F|  |TAMS 0x000000008a300000, 0x000000008a300000| Untracked 
| 164|0x000000008a400000, 0x000000008a400000, 0x000000008a500000|  0%| F|  |TAMS 0x000000008a400000, 0x000000008a400000| Untracked 
| 165|0x000000008a500000, 0x000000008a500000, 0x000000008a600000|  0%| F|  |TAMS 0x000000008a500000, 0x000000008a500000| Untracked 
| 166|0x000000008a600000, 0x000000008a600000, 0x000000008a700000|  0%| F|  |TAMS 0x000000008a600000, 0x000000008a600000| Untracked 
| 167|0x000000008a700000, 0x000000008a700000, 0x000000008a800000|  0%| F|  |TAMS 0x000000008a700000, 0x000000008a700000| Untracked 
| 168|0x000000008a800000, 0x000000008a800000, 0x000000008a900000|  0%| F|  |TAMS 0x000000008a800000, 0x000000008a800000| Untracked 
| 169|0x000000008a900000, 0x000000008a900000, 0x000000008aa00000|  0%| F|  |TAMS 0x000000008a900000, 0x000000008a900000| Untracked 
| 170|0x000000008aa00000, 0x000000008aa00000, 0x000000008ab00000|  0%| F|  |TAMS 0x000000008aa00000, 0x000000008aa00000| Untracked 
| 171|0x000000008ab00000, 0x000000008ab00000, 0x000000008ac00000|  0%| F|  |TAMS 0x000000008ab00000, 0x000000008ab00000| Untracked 
| 172|0x000000008ac00000, 0x000000008ac00000, 0x000000008ad00000|  0%| F|  |TAMS 0x000000008ac00000, 0x000000008ac00000| Untracked 
| 173|0x000000008ad00000, 0x000000008ad00000, 0x000000008ae00000|  0%| F|  |TAMS 0x000000008ad00000, 0x000000008ad00000| Untracked 
| 174|0x000000008ae00000, 0x000000008ae00000, 0x000000008af00000|  0%| F|  |TAMS 0x000000008ae00000, 0x000000008ae00000| Untracked 
| 175|0x000000008af00000, 0x000000008af00000, 0x000000008b000000|  0%| F|  |TAMS 0x000000008af00000, 0x000000008af00000| Untracked 
| 176|0x000000008b000000, 0x000000008b000000, 0x000000008b100000|  0%| F|  |TAMS 0x000000008b000000, 0x000000008b000000| Untracked 
| 177|0x000000008b100000, 0x000000008b100000, 0x000000008b200000|  0%| F|  |TAMS 0x000000008b100000, 0x000000008b100000| Untracked 
| 178|0x000000008b200000, 0x000000008b200000, 0x000000008b300000|  0%| F|  |TAMS 0x000000008b200000, 0x000000008b200000| Untracked 
| 179|0x000000008b300000, 0x000000008b300000, 0x000000008b400000|  0%| F|  |TAMS 0x000000008b300000, 0x000000008b300000| Untracked 
| 180|0x000000008b400000, 0x000000008b400000, 0x000000008b500000|  0%| F|  |TAMS 0x000000008b400000, 0x000000008b400000| Untracked 
| 181|0x000000008b500000, 0x000000008b500000, 0x000000008b600000|  0%| F|  |TAMS 0x000000008b500000, 0x000000008b500000| Untracked 
| 182|0x000000008b600000, 0x000000008b600000, 0x000000008b700000|  0%| F|  |TAMS 0x000000008b600000, 0x000000008b600000| Untracked 
| 183|0x000000008b700000, 0x000000008b700000, 0x000000008b800000|  0%| F|  |TAMS 0x000000008b700000, 0x000000008b700000| Untracked 
| 184|0x000000008b800000, 0x000000008b800000, 0x000000008b900000|  0%| F|  |TAMS 0x000000008b800000, 0x000000008b800000| Untracked 
| 185|0x000000008b900000, 0x000000008b900000, 0x000000008ba00000|  0%| F|  |TAMS 0x000000008b900000, 0x000000008b900000| Untracked 
| 186|0x000000008ba00000, 0x000000008ba00000, 0x000000008bb00000|  0%| F|  |TAMS 0x000000008ba00000, 0x000000008ba00000| Untracked 
| 187|0x000000008bb00000, 0x000000008bb00000, 0x000000008bc00000|  0%| F|  |TAMS 0x000000008bb00000, 0x000000008bb00000| Untracked 
| 188|0x000000008bc00000, 0x000000008bc00000, 0x000000008bd00000|  0%| F|  |TAMS 0x000000008bc00000, 0x000000008bc00000| Untracked 
| 189|0x000000008bd00000, 0x000000008bd00000, 0x000000008be00000|  0%| F|  |TAMS 0x000000008bd00000, 0x000000008bd00000| Untracked 
| 190|0x000000008be00000, 0x000000008be00000, 0x000000008bf00000|  0%| F|  |TAMS 0x000000008be00000, 0x000000008be00000| Untracked 
| 191|0x000000008bf00000, 0x000000008bf00000, 0x000000008c000000|  0%| F|  |TAMS 0x000000008bf00000, 0x000000008bf00000| Untracked 
| 192|0x000000008c000000, 0x000000008c000000, 0x000000008c100000|  0%| F|  |TAMS 0x000000008c000000, 0x000000008c000000| Untracked 
| 193|0x000000008c100000, 0x000000008c100000, 0x000000008c200000|  0%| F|  |TAMS 0x000000008c100000, 0x000000008c100000| Untracked 
| 194|0x000000008c200000, 0x000000008c200000, 0x000000008c300000|  0%| F|  |TAMS 0x000000008c200000, 0x000000008c200000| Untracked 
| 195|0x000000008c300000, 0x000000008c300000, 0x000000008c400000|  0%| F|  |TAMS 0x000000008c300000, 0x000000008c300000| Untracked 
| 196|0x000000008c400000, 0x000000008c400000, 0x000000008c500000|  0%| F|  |TAMS 0x000000008c400000, 0x000000008c400000| Untracked 
| 197|0x000000008c500000, 0x000000008c500000, 0x000000008c600000|  0%| F|  |TAMS 0x000000008c500000, 0x000000008c500000| Untracked 
| 198|0x000000008c600000, 0x000000008c600000, 0x000000008c700000|  0%| F|  |TAMS 0x000000008c600000, 0x000000008c600000| Untracked 
| 199|0x000000008c700000, 0x000000008c700000, 0x000000008c800000|  0%| F|  |TAMS 0x000000008c700000, 0x000000008c700000| Untracked 
| 200|0x000000008c800000, 0x000000008c800000, 0x000000008c900000|  0%| F|  |TAMS 0x000000008c800000, 0x000000008c800000| Untracked 
| 201|0x000000008c900000, 0x000000008c900000, 0x000000008ca00000|  0%| F|  |TAMS 0x000000008c900000, 0x000000008c900000| Untracked 
| 202|0x000000008ca00000, 0x000000008ca00000, 0x000000008cb00000|  0%| F|  |TAMS 0x000000008ca00000, 0x000000008ca00000| Untracked 
| 203|0x000000008cb00000, 0x000000008cb00000, 0x000000008cc00000|  0%| F|  |TAMS 0x000000008cb00000, 0x000000008cb00000| Untracked 
| 204|0x000000008cc00000, 0x000000008cc00000, 0x000000008cd00000|  0%| F|  |TAMS 0x000000008cc00000, 0x000000008cc00000| Untracked 
| 205|0x000000008cd00000, 0x000000008cd00000, 0x000000008ce00000|  0%| F|  |TAMS 0x000000008cd00000, 0x000000008cd00000| Untracked 
| 206|0x000000008ce00000, 0x000000008ce00000, 0x000000008cf00000|  0%| F|  |TAMS 0x000000008ce00000, 0x000000008ce00000| Untracked 
| 207|0x000000008cf00000, 0x000000008cf00000, 0x000000008d000000|  0%| F|  |TAMS 0x000000008cf00000, 0x000000008cf00000| Untracked 
| 208|0x000000008d000000, 0x000000008d000000, 0x000000008d100000|  0%| F|  |TAMS 0x000000008d000000, 0x000000008d000000| Untracked 
| 209|0x000000008d100000, 0x000000008d100000, 0x000000008d200000|  0%| F|  |TAMS 0x000000008d100000, 0x000000008d100000| Untracked 
| 210|0x000000008d200000, 0x000000008d200000, 0x000000008d300000|  0%| F|  |TAMS 0x000000008d200000, 0x000000008d200000| Untracked 
| 211|0x000000008d300000, 0x000000008d300000, 0x000000008d400000|  0%| F|  |TAMS 0x000000008d300000, 0x000000008d300000| Untracked 
| 212|0x000000008d400000, 0x000000008d400000, 0x000000008d500000|  0%| F|  |TAMS 0x000000008d400000, 0x000000008d400000| Untracked 
| 213|0x000000008d500000, 0x000000008d500000, 0x000000008d600000|  0%| F|  |TAMS 0x000000008d500000, 0x000000008d500000| Untracked 
| 214|0x000000008d600000, 0x000000008d600000, 0x000000008d700000|  0%| F|  |TAMS 0x000000008d600000, 0x000000008d600000| Untracked 
| 215|0x000000008d700000, 0x000000008d700000, 0x000000008d800000|  0%| F|  |TAMS 0x000000008d700000, 0x000000008d700000| Untracked 
| 216|0x000000008d800000, 0x000000008d800000, 0x000000008d900000|  0%| F|  |TAMS 0x000000008d800000, 0x000000008d800000| Untracked 
| 217|0x000000008d900000, 0x000000008d93e430, 0x000000008da00000| 24%| S|CS|TAMS 0x000000008d900000, 0x000000008d900000| Complete 
| 218|0x000000008da00000, 0x000000008db00000, 0x000000008db00000|100%| S|CS|TAMS 0x000000008da00000, 0x000000008da00000| Complete 
| 219|0x000000008db00000, 0x000000008db00000, 0x000000008dc00000|  0%| F|  |TAMS 0x000000008db00000, 0x000000008db00000| Untracked 
| 220|0x000000008dc00000, 0x000000008dc00000, 0x000000008dd00000|  0%| F|  |TAMS 0x000000008dc00000, 0x000000008dc00000| Untracked 
| 221|0x000000008dd00000, 0x000000008dd00000, 0x000000008de00000|  0%| F|  |TAMS 0x000000008dd00000, 0x000000008dd00000| Untracked 

Card table byte_map: [0x000001729ca30000,0x000001729ce30000] _byte_map_base: 0x000001729c630000

Marking Bits (Prev, Next): (CMBitMap*) 0x00000172898408f8, (CMBitMap*) 0x0000017289840930
 Prev Bits: [0x000001729d230000, 0x000001729f230000)
 Next Bits: [0x000001729f230000, 0x00000172a1230000)

Polling page: 0x0000017287820000

Metaspace:

Usage:
  Non-class:     91.83 MB capacity,    90.00 MB ( 98%) used,     1.48 MB (  2%) free+waste,   358.44 KB ( <1%) overhead. 
      Class:     14.47 MB capacity,    13.33 MB ( 92%) used,  1011.22 KB (  7%) free+waste,   160.06 KB (  1%) overhead. 
       Both:    106.31 MB capacity,   103.33 MB ( 97%) used,     2.47 MB (  2%) free+waste,   518.50 KB ( <1%) overhead. 

Virtual space:
  Non-class space:       94.00 MB reserved,      92.79 MB ( 99%) committed 
      Class space:        1.00 GB reserved,      15.13 MB (  1%) committed 
             Both:        1.09 GB reserved,     107.91 MB ( 10%) committed 

Chunk freelists:
   Non-Class:  787.00 KB
       Class:  572.00 KB
        Both:  1.33 MB

MaxMetaspaceSize: 17179869184.00 GB
CompressedClassSpaceSize: 1.00 GB

CodeHeap 'non-profiled nmethods': size=120000Kb used=9521Kb max_used=9521Kb free=110478Kb
 bounds [0x0000017294dc0000, 0x0000017295710000, 0x000001729c2f0000]
CodeHeap 'profiled nmethods': size=120000Kb used=34175Kb max_used=34175Kb free=85825Kb
 bounds [0x000001728d890000, 0x000001728f9f0000, 0x0000017294dc0000]
CodeHeap 'non-nmethods': size=5760Kb used=2316Kb max_used=2374Kb free=3443Kb
 bounds [0x000001728d2f0000, 0x000001728d560000, 0x000001728d890000]
 total_blobs=16635 nmethods=15707 adapters=838
 compilation: enabled
              stopped_count=0, restarted_count=0
 full_count=0

Compilation events (20 events):
Event: 35.282 Thread 0x00000172a4603800 nmethod 16098 0x000001728f9ecf10 code [0x000001728f9ed0c0, 0x000001728f9ed1b8]
Event: 35.282 Thread 0x00000172a4603800 16101       2       com.android.tools.r8.code.T0::hashCode (21 bytes)
Event: 35.283 Thread 0x00000172a4603800 nmethod 16101 0x000001728f9ed290 code [0x000001728f9ed440, 0x000001728f9ed588]
Event: 35.283 Thread 0x00000172a4603800 16106       2       com.android.tools.r8.dex.c::a (32 bytes)
Event: 35.283 Thread 0x00000172a4603800 nmethod 16106 0x000001728f9ed610 code [0x000001728f9ed7c0, 0x000001728f9ed8e8]
Event: 35.283 Thread 0x00000172a4603800 16103       2       com.android.tools.r8.internal.m8::a (9 bytes)
Event: 35.283 Thread 0x00000172a4603800 nmethod 16103 0x000001728f9eda10 code [0x000001728f9edbc0, 0x000001728f9edce8]
Event: 35.283 Thread 0x00000172a4603800 16109   !   2       org.gradle.internal.resources.DefaultResourceLockCoordinationService$DefaultResourceLockState::releaseLocks (76 bytes)
Event: 35.283 Thread 0x00000172a4603800 nmethod 16109 0x000001728f9edd90 code [0x000001728f9edf80, 0x000001728f9ee248]
Event: 35.283 Thread 0x00000172a4603800 16105       2       com.android.tools.r8.code.V0::<init> (84 bytes)
Event: 35.284 Thread 0x00000172a4603800 nmethod 16105 0x000001728f9ee410 code [0x000001728f9ee600, 0x000001728f9ee968]
Event: 35.284 Thread 0x00000172a4603800 16102       2       com.android.tools.r8.code.w0::hashCode (34 bytes)
Event: 35.284 Thread 0x00000172a4603800 nmethod 16102 0x000001728f9eec90 code [0x000001728f9eee40, 0x000001728f9eef88]
Event: 35.284 Thread 0x00000172a4603800 16108       2       com.android.tools.r8.internal.Yu::d (29 bytes)
Event: 35.284 Thread 0x00000172a4603800 nmethod 16108 0x000001728f9ef010 code [0x000001728f9ef1c0, 0x000001728f9ef2b8]
Event: 35.284 Thread 0x00000172a4603800 16111       2       com.android.tools.r8.graph.Q::d (14 bytes)
Event: 35.284 Thread 0x00000172a4603800 nmethod 16111 0x000001728f9ef390 code [0x000001728f9ef560, 0x000001728f9ef758]
Event: 35.284 Thread 0x00000172a4603800 16107       2       com.android.tools.r8.dex.c::e (7 bytes)
Event: 35.284 Thread 0x00000172a4603800 nmethod 16107 0x000001728f9ef890 code [0x000001728f9efa40, 0x000001728f9efb48]
Event: 35.284 Thread 0x00000172a4603800 16104       2       com.android.tools.r8.graph.n::a (45 bytes)

GC Heap History (20 events):
Event: 32.386 GC heap after
{Heap after GC invocations=31 (full 0):
 garbage-first heap   total 189440K, used 108043K [0x0000000080000000, 0x0000000100000000)
  region size 1024K, 6 young (6144K), 6 survivors (6144K)
 Metaspace       used 91372K, capacity 93729K, committed 93736K, reserved 1130496K
  class space    used 11639K, capacity 12539K, committed 12544K, reserved 1048576K
}
Event: 32.729 GC heap before
{Heap before GC invocations=32 (full 0):
 garbage-first heap   total 189440K, used 147979K [0x0000000080000000, 0x0000000100000000)
  region size 1024K, 48 young (49152K), 6 survivors (6144K)
 Metaspace       used 91420K, capacity 93737K, committed 93992K, reserved 1130496K
  class space    used 11643K, capacity 12539K, committed 12544K, reserved 1048576K
}
Event: 32.736 GC heap after
{Heap after GC invocations=33 (full 0):
 garbage-first heap   total 189440K, used 107794K [0x0000000080000000, 0x0000000100000000)
  region size 1024K, 3 young (3072K), 3 survivors (3072K)
 Metaspace       used 91420K, capacity 93737K, committed 93992K, reserved 1130496K
  class space    used 11643K, capacity 12539K, committed 12544K, reserved 1048576K
}
Event: 32.786 GC heap before
{Heap before GC invocations=33 (full 0):
 garbage-first heap   total 189440K, used 112914K [0x0000000080000000, 0x0000000100000000)
  region size 1024K, 9 young (9216K), 3 survivors (3072K)
 Metaspace       used 91461K, capacity 93813K, committed 93992K, reserved 1130496K
  class space    used 11650K, capacity 12543K, committed 12544K, reserved 1048576K
}
Event: 32.792 GC heap after
{Heap after GC invocations=34 (full 0):
 garbage-first heap   total 227328K, used 94640K [0x0000000080000000, 0x0000000100000000)
  region size 1024K, 1 young (1024K), 1 survivors (1024K)
 Metaspace       used 91461K, capacity 93813K, committed 93992K, reserved 1130496K
  class space    used 11650K, capacity 12543K, committed 12544K, reserved 1048576K
}
Event: 33.302 GC heap before
{Heap before GC invocations=34 (full 0):
 garbage-first heap   total 227328K, used 162224K [0x0000000080000000, 0x0000000100000000)
  region size 1024K, 64 young (65536K), 1 survivors (1024K)
 Metaspace       used 95822K, capacity 98454K, committed 98600K, reserved 1134592K
  class space    used 12275K, capacity 13286K, committed 13312K, reserved 1048576K
}
Event: 33.311 GC heap after
{Heap after GC invocations=35 (full 0):
 garbage-first heap   total 227328K, used 104261K [0x0000000080000000, 0x0000000100000000)
  region size 1024K, 8 young (8192K), 8 survivors (8192K)
 Metaspace       used 95822K, capacity 98454K, committed 98600K, reserved 1134592K
  class space    used 12275K, capacity 13286K, committed 13312K, reserved 1048576K
}
Event: 33.743 GC heap before
{Heap before GC invocations=35 (full 0):
 garbage-first heap   total 227328K, used 164677K [0x0000000080000000, 0x0000000100000000)
  region size 1024K, 68 young (69632K), 8 survivors (8192K)
 Metaspace       used 102026K, capacity 105317K, committed 105512K, reserved 1140736K
  class space    used 13424K, capacity 14761K, committed 14848K, reserved 1048576K
}
Event: 33.757 GC heap after
{Heap after GC invocations=36 (full 0):
 garbage-first heap   total 227328K, used 112960K [0x0000000080000000, 0x0000000100000000)
  region size 1024K, 9 young (9216K), 9 survivors (9216K)
 Metaspace       used 102026K, capacity 105317K, committed 105512K, reserved 1140736K
  class space    used 13424K, capacity 14761K, committed 14848K, reserved 1048576K
}
Event: 34.070 GC heap before
{Heap before GC invocations=36 (full 0):
 garbage-first heap   total 227328K, used 170304K [0x0000000080000000, 0x0000000100000000)
  region size 1024K, 66 young (67584K), 9 survivors (9216K)
 Metaspace       used 103603K, capacity 106985K, committed 107304K, reserved 1142784K
  class space    used 13622K, capacity 14990K, committed 15104K, reserved 1048576K
}
Event: 34.086 GC heap after
{Heap after GC invocations=37 (full 0):
 garbage-first heap   total 227328K, used 113794K [0x0000000080000000, 0x0000000100000000)
  region size 1024K, 3 young (3072K), 3 survivors (3072K)
 Metaspace       used 103603K, capacity 106985K, committed 107304K, reserved 1142784K
  class space    used 13622K, capacity 14990K, committed 15104K, reserved 1048576K
}
Event: 34.547 GC heap before
{Heap before GC invocations=38 (full 0):
 garbage-first heap   total 227328K, used 174210K [0x0000000080000000, 0x0000000100000000)
  region size 1024K, 64 young (65536K), 3 survivors (3072K)
 Metaspace       used 105252K, capacity 108694K, committed 108968K, reserved 1142784K
  class space    used 13784K, capacity 15167K, committed 15232K, reserved 1048576K
}
Event: 34.553 GC heap after
{Heap after GC invocations=39 (full 0):
 garbage-first heap   total 227328K, used 116547K [0x0000000080000000, 0x0000000100000000)
  region size 1024K, 5 young (5120K), 5 survivors (5120K)
 Metaspace       used 105252K, capacity 108694K, committed 108968K, reserved 1142784K
  class space    used 13784K, capacity 15167K, committed 15232K, reserved 1048576K
}
Event: 34.586 GC heap before
{Heap before GC invocations=39 (full 0):
 garbage-first heap   total 227328K, used 121667K [0x0000000080000000, 0x0000000100000000)
  region size 1024K, 11 young (11264K), 5 survivors (5120K)
 Metaspace       used 105267K, capacity 108695K, committed 108968K, reserved 1142784K
  class space    used 13785K, capacity 15167K, committed 15232K, reserved 1048576K
}
Event: 34.590 GC heap after
{Heap after GC invocations=40 (full 0):
 garbage-first heap   total 227328K, used 113505K [0x0000000080000000, 0x0000000100000000)
  region size 1024K, 1 young (1024K), 1 survivors (1024K)
 Metaspace       used 105267K, capacity 108695K, committed 108968K, reserved 1142784K
  class space    used 13785K, capacity 15167K, committed 15232K, reserved 1048576K
}
Event: 34.712 GC heap before
{Heap before GC invocations=40 (full 0):
 garbage-first heap   total 227328K, used 135009K [0x0000000080000000, 0x0000000100000000)
  region size 1024K, 24 young (24576K), 1 survivors (1024K)
 Metaspace       used 105342K, capacity 108766K, committed 108968K, reserved 1142784K
  class space    used 13785K, capacity 15167K, committed 15232K, reserved 1048576K
}
Event: 34.715 GC heap after
{Heap after GC invocations=41 (full 0):
 garbage-first heap   total 227328K, used 115449K [0x0000000080000000, 0x0000000100000000)
  region size 1024K, 3 young (3072K), 3 survivors (3072K)
 Metaspace       used 105342K, capacity 108766K, committed 108968K, reserved 1142784K
  class space    used 13785K, capacity 15167K, committed 15232K, reserved 1048576K
}
Event: 35.266 GC heap before
{Heap before GC invocations=42 (full 0):
 garbage-first heap   total 227328K, used 176889K [0x0000000080000000, 0x0000000100000000)
  region size 1024K, 62 young (63488K), 3 survivors (3072K)
 Metaspace       used 105772K, capacity 108836K, committed 110504K, reserved 1144832K
  class space    used 13647K, capacity 14818K, committed 15488K, reserved 1048576K
}
Event: 35.275 GC heap after
{Heap after GC invocations=43 (full 0):
 garbage-first heap   total 227328K, used 122219K [0x0000000080000000, 0x0000000100000000)
  region size 1024K, 8 young (8192K), 8 survivors (8192K)
 Metaspace       used 105772K, capacity 108836K, committed 110504K, reserved 1144832K
  class space    used 13647K, capacity 14818K, committed 15488K, reserved 1048576K
}
Event: 35.285 GC heap before
{Heap before GC invocations=43 (full 0):
 garbage-first heap   total 227328K, used 124267K [0x0000000080000000, 0x0000000100000000)
  region size 1024K, 11 young (11264K), 8 survivors (8192K)
 Metaspace       used 105807K, capacity 108857K, committed 110504K, reserved 1144832K
  class space    used 13648K, capacity 14820K, committed 15488K, reserved 1048576K
}

Deoptimization events (20 events):
Event: 35.251 Thread 0x00000172aa748000 Uncommon trap: trap_request=0xffffffde fr.pc=0x00000172953c0738 relative=0x00000000000063f8
Event: 35.251 Thread 0x00000172aa748000 Uncommon trap: reason=class_check action=maybe_recompile pc=0x00000172953c0738 method=org.gradle.internal.fingerprint.DirectorySensitivity.shouldFingerprint(Lorg/gradle/internal/snapshot/FileSystemLocationSnapshot;)Z @ 5 c2
Event: 35.251 Thread 0x00000172aa748000 DEOPT PACKING pc=0x00000172953c0738 sp=0x0000004e0a7fc590
Event: 35.251 Thread 0x00000172aa748000 DEOPT UNPACKING pc=0x000001728d3178af sp=0x0000004e0a7fc358 mode 2
Event: 35.251 Thread 0x00000172aa748000 Uncommon trap: trap_request=0xffffffde fr.pc=0x00000172953c0738 relative=0x00000000000063f8
Event: 35.251 Thread 0x00000172aa748000 Uncommon trap: reason=class_check action=maybe_recompile pc=0x00000172953c0738 method=org.gradle.internal.fingerprint.DirectorySensitivity.shouldFingerprint(Lorg/gradle/internal/snapshot/FileSystemLocationSnapshot;)Z @ 5 c2
Event: 35.251 Thread 0x00000172aa748000 DEOPT PACKING pc=0x00000172953c0738 sp=0x0000004e0a7fc590
Event: 35.251 Thread 0x00000172aa748000 DEOPT UNPACKING pc=0x000001728d3178af sp=0x0000004e0a7fc358 mode 2
Event: 35.251 Thread 0x00000172aa748000 Uncommon trap: trap_request=0xffffffde fr.pc=0x00000172953c0738 relative=0x00000000000063f8
Event: 35.251 Thread 0x00000172aa748000 Uncommon trap: reason=class_check action=maybe_recompile pc=0x00000172953c0738 method=org.gradle.internal.fingerprint.DirectorySensitivity.shouldFingerprint(Lorg/gradle/internal/snapshot/FileSystemLocationSnapshot;)Z @ 5 c2
Event: 35.251 Thread 0x00000172aa748000 DEOPT PACKING pc=0x00000172953c0738 sp=0x0000004e0a7fc590
Event: 35.251 Thread 0x00000172aa748000 DEOPT UNPACKING pc=0x000001728d3178af sp=0x0000004e0a7fc358 mode 2
Event: 35.251 Thread 0x00000172aa748000 Uncommon trap: trap_request=0xffffffde fr.pc=0x00000172953c0738 relative=0x00000000000063f8
Event: 35.251 Thread 0x00000172adc5a000 DEOPT PACKING pc=0x000001728f4607fe sp=0x0000004e0adfce70
Event: 35.251 Thread 0x00000172adc5a000 DEOPT UNPACKING pc=0x000001728d3176ce sp=0x0000004e0adfc3f8 mode 0
Event: 35.252 Thread 0x00000172aa748000 Uncommon trap: reason=class_check action=maybe_recompile pc=0x00000172953c0738 method=org.gradle.internal.fingerprint.DirectorySensitivity.shouldFingerprint(Lorg/gradle/internal/snapshot/FileSystemLocationSnapshot;)Z @ 5 c2
Event: 35.252 Thread 0x00000172aa748000 DEOPT PACKING pc=0x00000172953c0738 sp=0x0000004e0a7fc590
Event: 35.252 Thread 0x00000172aa748000 DEOPT UNPACKING pc=0x000001728d3178af sp=0x0000004e0a7fc358 mode 2
Event: 35.263 Thread 0x00000172ad49a800 DEOPT PACKING pc=0x000001728eb1f1dc sp=0x0000004e0b1fed80
Event: 35.263 Thread 0x00000172ad49a800 DEOPT UNPACKING pc=0x000001728d3176ce sp=0x0000004e0b1fe350 mode 0

Classes redefined (0 events):
No events

Internal exceptions (20 events):
Event: 34.857 Thread 0x00000172ad494000 Exception <a 'sun/nio/fs/WindowsException'{0x000000008d296860}> (0x000000008d296860) thrown at [./src/hotspot/share/prims/jni.cpp, line 615]
Event: 34.883 Thread 0x00000172ad494000 Exception <a 'sun/nio/fs/WindowsException'{0x000000008d29e130}> (0x000000008d29e130) thrown at [./src/hotspot/share/prims/jni.cpp, line 615]
Event: 34.887 Thread 0x00000172ad494000 Exception <a 'sun/nio/fs/WindowsException'{0x000000008d0cf188}> (0x000000008d0cf188) thrown at [./src/hotspot/share/prims/jni.cpp, line 615]
Event: 34.890 Thread 0x00000172ad494000 Exception <a 'sun/nio/fs/WindowsException'{0x000000008d0dbec0}> (0x000000008d0dbec0) thrown at [./src/hotspot/share/prims/jni.cpp, line 615]
Event: 34.891 Thread 0x00000172ad494000 Exception <a 'sun/nio/fs/WindowsException'{0x000000008d0e35d0}> (0x000000008d0e35d0) thrown at [./src/hotspot/share/prims/jni.cpp, line 615]
Event: 34.893 Thread 0x00000172ad494000 Exception <a 'sun/nio/fs/WindowsException'{0x000000008d0eb9e8}> (0x000000008d0eb9e8) thrown at [./src/hotspot/share/prims/jni.cpp, line 615]
Event: 34.895 Thread 0x00000172ad494000 Exception <a 'sun/nio/fs/WindowsException'{0x000000008d0f3f88}> (0x000000008d0f3f88) thrown at [./src/hotspot/share/prims/jni.cpp, line 615]
Event: 34.898 Thread 0x00000172ad494000 Exception <a 'sun/nio/fs/WindowsException'{0x000000008cfc7b58}> (0x000000008cfc7b58) thrown at [./src/hotspot/share/prims/jni.cpp, line 615]
Event: 34.991 Thread 0x00000172aa745800 Exception <a 'java/lang/NoSuchMethodError'{0x000000008cba58e0}: <clinit>> (0x000000008cba58e0) thrown at [./src/hotspot/share/prims/jni.cpp, line 1362]
Event: 35.087 Thread 0x00000172ad498000 Exception <a 'sun/nio/fs/WindowsException'{0x000000008bd84400}> (0x000000008bd84400) thrown at [./src/hotspot/share/prims/jni.cpp, line 615]
Event: 35.207 Thread 0x00000172ad494800 Exception <a 'sun/nio/fs/WindowsException'{0x000000008b3b2250}> (0x000000008b3b2250) thrown at [./src/hotspot/share/prims/jni.cpp, line 615]
Event: 35.208 Thread 0x00000172ad494000 Exception <a 'sun/nio/fs/WindowsException'{0x000000008cfd3060}> (0x000000008cfd3060) thrown at [./src/hotspot/share/prims/jni.cpp, line 615]
Event: 35.212 Thread 0x00000172ad497000 Exception <a 'sun/nio/fs/WindowsException'{0x000000008ddbf148}> (0x000000008ddbf148) thrown at [./src/hotspot/share/prims/jni.cpp, line 615]
Event: 35.214 Thread 0x00000172ad495800 Exception <a 'sun/nio/fs/WindowsException'{0x000000008a913828}> (0x000000008a913828) thrown at [./src/hotspot/share/prims/jni.cpp, line 615]
Event: 35.221 Thread 0x00000172adc5a000 Exception <a 'sun/nio/fs/WindowsException'{0x000000008ca25c10}> (0x000000008ca25c10) thrown at [./src/hotspot/share/prims/jni.cpp, line 615]
Event: 35.259 Thread 0x00000172ad497000 Exception <a 'sun/nio/fs/WindowsException'{0x000000008a1fc370}> (0x000000008a1fc370) thrown at [./src/hotspot/share/prims/jni.cpp, line 615]
Event: 35.262 Thread 0x00000172ad494000 Exception <a 'sun/nio/fs/WindowsException'{0x000000008a173a18}> (0x000000008a173a18) thrown at [./src/hotspot/share/prims/jni.cpp, line 615]
Event: 35.278 Thread 0x00000172adc54800 Exception <a 'sun/nio/fs/WindowsException'{0x000000008ddc9ed8}> (0x000000008ddc9ed8) thrown at [./src/hotspot/share/prims/jni.cpp, line 615]
Event: 35.279 Thread 0x00000172ad495800 Exception <a 'sun/nio/fs/WindowsException'{0x000000008ddeab20}> (0x000000008ddeab20) thrown at [./src/hotspot/share/prims/jni.cpp, line 615]
Event: 35.283 Thread 0x00000172ad494800 Exception <a 'sun/nio/fs/WindowsException'{0x000000008dd80240}> (0x000000008dd80240) thrown at [./src/hotspot/share/prims/jni.cpp, line 615]

Events (20 events):
Event: 35.242 loading class com/android/tools/r8/code/X done
Event: 35.242 loading class com/android/tools/r8/code/E1
Event: 35.242 loading class com/android/tools/r8/code/E1 done
Event: 35.243 loading class com/android/tools/r8/code/D1
Event: 35.243 loading class com/android/tools/r8/code/D1 done
Event: 35.243 loading class com/android/tools/r8/code/M1
Event: 35.243 loading class com/android/tools/r8/code/M1 done
Event: 35.243 loading class com/android/tools/r8/code/I
Event: 35.243 loading class com/android/tools/r8/code/I done
Event: 35.245 loading class com/android/tools/r8/code/L1
Event: 35.245 loading class com/android/tools/r8/code/L1 done
Event: 35.245 loading class java/nio/HeapShortBuffer
Event: 35.247 loading class java/nio/HeapShortBuffer done
Event: 35.247 loading class com/android/tools/r8/code/w1$a
Event: 35.247 loading class com/android/tools/r8/code/w1$a done
Event: 35.256 loading class java/nio/file/Files$2
Event: 35.257 loading class java/nio/file/Files$2 done
Event: 35.265 Executing VM operation: G1CollectForAllocation
Event: 35.275 Executing VM operation: G1CollectForAllocation done
Event: 35.284 Executing VM operation: G1CollectForAllocation


Dynamic libraries:
0x00007ff607e20000 - 0x00007ff607e2a000 	C:\Program Files\Android\Android Studio\jre\bin\java.exe
0x00007fffffdf0000 - 0x00007ffffffe5000 	C:\WINDOWS\SYSTEM32\ntdll.dll
0x00007fffff280000 - 0x00007fffff33e000 	C:\WINDOWS\System32\KERNEL32.DLL
0x00007ffffdaf0000 - 0x00007ffffddb8000 	C:\WINDOWS\System32\KERNELBASE.dll
0x00007ffffddc0000 - 0x00007ffffdec0000 	C:\WINDOWS\System32\ucrtbase.dll
0x00007ffff9300000 - 0x00007ffff9317000 	C:\Program Files\Android\Android Studio\jre\bin\VCRUNTIME140.dll
0x00007fffe8160000 - 0x00007fffe8179000 	C:\Program Files\Android\Android Studio\jre\bin\jli.dll
0x00007ffffecc0000 - 0x00007ffffee61000 	C:\WINDOWS\System32\USER32.dll
0x00007ffffda60000 - 0x00007ffffda82000 	C:\WINDOWS\System32\win32u.dll
0x00007ff800010000 - 0x00007ff80003b000 	C:\WINDOWS\System32\GDI32.dll
0x00007ffffd950000 - 0x00007ffffda5d000 	C:\WINDOWS\System32\gdi32full.dll
0x00007ffffd6f0000 - 0x00007ffffd78d000 	C:\WINDOWS\System32\msvcp_win.dll
0x00007fffe5ff0000 - 0x00007fffe628a000 	C:\WINDOWS\WinSxS\amd64_microsoft.windows.common-controls_6595b64144ccf1df_6.0.19041.1110_none_60b5254171f9507e\COMCTL32.dll
0x00007fffff130000 - 0x00007fffff1ce000 	C:\WINDOWS\System32\msvcrt.dll
0x00007ffffe390000 - 0x00007ffffe3c0000 	C:\WINDOWS\System32\IMM32.DLL
0x00007fffb3640000 - 0x00007fffb36dd000 	C:\Program Files\Android\Android Studio\jre\bin\msvcp140.dll
0x00007fff92f90000 - 0x00007fff93a5f000 	C:\Program Files\Android\Android Studio\jre\bin\server\jvm.dll
0x00007ffffe3c0000 - 0x00007ffffe46c000 	C:\WINDOWS\System32\ADVAPI32.dll
0x00007ffffefb0000 - 0x00007fffff04b000 	C:\WINDOWS\System32\sechost.dll
0x00007ffffee80000 - 0x00007ffffefaa000 	C:\WINDOWS\System32\RPCRT4.dll
0x00007ffffe320000 - 0x00007ffffe328000 	C:\WINDOWS\System32\PSAPI.DLL
0x00007ffff71b0000 - 0x00007ffff71ba000 	C:\WINDOWS\SYSTEM32\VERSION.dll
0x00007ffff9320000 - 0x00007ffff9329000 	C:\WINDOWS\SYSTEM32\WSOCK32.dll
0x00007fffde170000 - 0x00007fffde197000 	C:\WINDOWS\SYSTEM32\WINMM.dll
0x00007ffffe640000 - 0x00007ffffe6ab000 	C:\WINDOWS\System32\WS2_32.dll
0x00007ffffbf30000 - 0x00007ffffbf42000 	C:\WINDOWS\SYSTEM32\kernel.appcore.dll
0x00007ffff78b0000 - 0x00007ffff78c1000 	C:\Program Files\Android\Android Studio\jre\bin\verify.dll
0x00007ffffb350000 - 0x00007ffffb534000 	C:\WINDOWS\SYSTEM32\DBGHELP.DLL
0x00007fffce230000 - 0x00007fffce25c000 	C:\WINDOWS\SYSTEM32\dbgcore.DLL
0x00007ffffd790000 - 0x00007ffffd812000 	C:\WINDOWS\System32\bcryptPrimitives.dll
0x00007fffee550000 - 0x00007fffee579000 	C:\Program Files\Android\Android Studio\jre\bin\java.dll
0x00007ffff7ae0000 - 0x00007ffff7aeb000 	C:\Program Files\Android\Android Studio\jre\bin\jimage.dll
0x00007fffec3b0000 - 0x00007fffec3c8000 	C:\Program Files\Android\Android Studio\jre\bin\zip.dll
0x00007fffff6a0000 - 0x00007fffffde4000 	C:\WINDOWS\System32\SHELL32.dll
0x00007ffffb780000 - 0x00007ffffbf14000 	C:\WINDOWS\SYSTEM32\windows.storage.dll
0x00007fffff340000 - 0x00007fffff695000 	C:\WINDOWS\System32\combase.dll
0x00007ffffcff0000 - 0x00007ffffd01e000 	C:\WINDOWS\SYSTEM32\Wldp.dll
0x00007ffffe150000 - 0x00007ffffe1fd000 	C:\WINDOWS\System32\SHCORE.dll
0x00007ffffe020000 - 0x00007ffffe075000 	C:\WINDOWS\System32\shlwapi.dll
0x00007ffffd630000 - 0x00007ffffd64f000 	C:\WINDOWS\SYSTEM32\profapi.dll
0x00007fffec2a0000 - 0x00007fffec2ba000 	C:\Program Files\Android\Android Studio\jre\bin\net.dll
0x00007fffeef20000 - 0x00007fffef02c000 	C:\WINDOWS\SYSTEM32\WINHTTP.dll
0x00007ffffcd70000 - 0x00007ffffcdda000 	C:\WINDOWS\system32\mswsock.dll
0x00007fffe7230000 - 0x00007fffe7244000 	C:\Program Files\Android\Android Studio\jre\bin\nio.dll
0x00007fffe9fb0000 - 0x00007fffe9fd7000 	C:\Users\nguye\.gradle\native\8bec1ad78214c89d9ad589b4d07fe93259594b29d510b10fafb7a158f7737e5d\windows-amd64\native-platform.dll
0x00007fffaf020000 - 0x00007fffaf15d000 	C:\Users\nguye\.gradle\native\53dbd7edfb1c66fb8903c78663c9afc45aea4f116125fa6feffd364cf09443e8\windows-amd64\native-platform-file-events.dll
0x00007ffff7540000 - 0x00007ffff754a000 	C:\Program Files\Android\Android Studio\jre\bin\management.dll
0x00007ffff6fe0000 - 0x00007ffff6fec000 	C:\Program Files\Android\Android Studio\jre\bin\management_ext.dll
0x00007ffffd0a0000 - 0x00007ffffd0b8000 	C:\WINDOWS\SYSTEM32\CRYPTSP.dll
0x00007ffffc710000 - 0x00007ffffc744000 	C:\WINDOWS\system32\rsaenh.dll
0x00007ffffd920000 - 0x00007ffffd947000 	C:\WINDOWS\System32\bcrypt.dll
0x00007ffffd5f0000 - 0x00007ffffd61e000 	C:\WINDOWS\SYSTEM32\USERENV.dll
0x00007ffffcf60000 - 0x00007ffffcf6c000 	C:\WINDOWS\SYSTEM32\CRYPTBASE.dll
0x00007ffffca80000 - 0x00007ffffcabb000 	C:\WINDOWS\SYSTEM32\IPHLPAPI.DLL
0x00007ffffee70000 - 0x00007ffffee78000 	C:\WINDOWS\System32\NSI.dll
0x00007ffff5670000 - 0x00007ffff5687000 	C:\WINDOWS\SYSTEM32\dhcpcsvc6.DLL
0x00007ffff5580000 - 0x00007ffff559d000 	C:\WINDOWS\SYSTEM32\dhcpcsvc.DLL
0x00007ffffcac0000 - 0x00007ffffcb8b000 	C:\WINDOWS\SYSTEM32\DNSAPI.dll

dbghelp: loaded successfully - version: 4.0.5 - missing functions: none
symbol engine: initialized successfully - sym options: 0x614 - pdb path: .;C:\Program Files\Android\Android Studio\jre\bin;C:\WINDOWS\SYSTEM32;C:\WINDOWS\WinSxS\amd64_microsoft.windows.common-controls_6595b64144ccf1df_6.0.19041.1110_none_60b5254171f9507e;C:\Program Files\Android\Android Studio\jre\bin\server;C:\Users\nguye\.gradle\native\8bec1ad78214c89d9ad589b4d07fe93259594b29d510b10fafb7a158f7737e5d\windows-amd64;C:\Users\nguye\.gradle\native\53dbd7edfb1c66fb8903c78663c9afc45aea4f116125fa6feffd364cf09443e8\windows-amd64

VM Arguments:
jvm_args: --add-opens=java.base/java.util=ALL-UNNAMED --add-opens=java.base/java.lang=ALL-UNNAMED --add-opens=java.base/java.lang.invoke=ALL-UNNAMED --add-opens=java.base/java.util=ALL-UNNAMED --add-opens=java.prefs/java.util.prefs=ALL-UNNAMED --add-opens=java.prefs/java.util.prefs=ALL-UNNAMED --add-opens=java.base/java.nio.charset=ALL-UNNAMED --add-opens=java.base/java.net=ALL-UNNAMED --add-opens=java.base/java.util.concurrent.atomic=ALL-UNNAMED -Xmx2048m -Dfile.encoding=UTF-8 -Duser.country=US -Duser.language=en -Duser.variant 
java_command: org.gradle.launcher.daemon.bootstrap.GradleDaemon 7.0.2
java_class_path (initial): C:\Users\nguye\.gradle\wrapper\dists\gradle-7.0.2-bin\857tjihv64xamwrf0h14cai3r\gradle-7.0.2\lib\gradle-launcher-7.0.2.jar
Launcher Type: SUN_STANDARD

[Global flags]
     intx CICompilerCount                          = 4                                         {product} {ergonomic}
     uint ConcGCThreads                            = 2                                         {product} {ergonomic}
     uint G1ConcRefinementThreads                  = 8                                         {product} {ergonomic}
   size_t G1HeapRegionSize                         = 1048576                                   {product} {ergonomic}
    uintx GCDrainStackTargetSize                   = 64                                        {product} {ergonomic}
   size_t InitialHeapSize                          = 134217728                                 {product} {ergonomic}
   size_t MarkStackSize                            = 4194304                                   {product} {ergonomic}
   size_t MaxHeapSize                              = 2147483648                                {product} {command line}
   size_t MaxNewSize                               = 1287651328                                {product} {ergonomic}
   size_t MinHeapDeltaBytes                        = 1048576                                   {product} {ergonomic}
    uintx NonNMethodCodeHeapSize                   = 5836300                                {pd product} {ergonomic}
    uintx NonProfiledCodeHeapSize                  = 122910970                              {pd product} {ergonomic}
    uintx ProfiledCodeHeapSize                     = 122910970                              {pd product} {ergonomic}
    uintx ReservedCodeCacheSize                    = 251658240                              {pd product} {ergonomic}
     bool SegmentedCodeCache                       = true                                      {product} {ergonomic}
     bool UseCompressedClassPointers               = true                                 {lp64_product} {ergonomic}
     bool UseCompressedOops                        = true                                 {lp64_product} {ergonomic}
     bool UseG1GC                                  = true                                      {product} {ergonomic}
     bool UseLargePagesIndividualAllocation        = false                                  {pd product} {ergonomic}

Logging:
Log output configuration:
 #0: stdout all=warning uptime,level,tags
 #1: stderr all=off uptime,level,tags

Environment Variables:
JAVA_HOME=C:\Program Files\Java\jdk-17\bin
PATH=C:\Program Files\Common Files\Oracle\Java\javapath;C:\WINDOWS\system32;C:\WINDOWS;C:\WINDOWS\System32\Wbem;C:\WINDOWS\System32\WindowsPowerShell\v1.0\;C:\WINDOWS\System32\OpenSSH\;C:\Program Files\dotnet\;C:\Program Files\NVIDIA Corporation\NVIDIA NvDLISR;C:\Program Files\Microsoft SQL Server\Client SDK\ODBC\170\Tools\Binn\;C:\Program Files (x86)\Microsoft SQL Server\150\Tools\Binn\;C:\Program Files\Microsoft SQL Server\150\Tools\Binn\;C:\Program Files\Microsoft SQL Server\150\DTS\Binn\;C:\Program Files (x86)\Microsoft SQL Server\150\DTS\Binn\;C:\Program Files\Azure Data Studio\bin;C:\Program Files\Microsoft SQL Server\130\Tools\Binn\;C:\Program Files (x86)\dotnet\;C:\Program Files\MiKTeX\miktex\bin\x64\;C:\Strawberry\c\bin;C:\Strawberry\perl\site\bin;C:\Strawberry\perl\bin;C:\Program Files\Git\cmd;C:\xampp\php;C:\ProgramData\ComposerSetup\bin;C:\Program Files\nodejs\;C:\Program Files\Docker\Docker\resources\bin;C:\ProgramData\DockerDesktop\version-bin;C:\Users\nguye\AppData\Local\Microsoft\WindowsApps;C:\Users\nguye\AppData\Local\GitHubDesktop\bin;C:\Users\nguye\AppData\Local\Programs\Microsoft VS Code\bin;;C:\Program Files\Azure Data Studio\bin;C:\Users\nguye\.dotnet\tools;C:\Users\nguye\AppData\Roaming\Composer\vendor\bin;C:\Users\nguye\AppData\Roaming\npm
USERNAME=nguye
OS=Windows_NT
PROCESSOR_IDENTIFIER=Intel64 Family 6 Model 158 Stepping 10, GenuineIntel



---------------  S Y S T E M  ---------------

OS: Windows 10 , 64 bit Build 19041 (10.0.19041.1348)
OS uptime: 3 days 13:53 hours
Hyper-V role detected

CPU:total 8 (initial active 8) (4 cores per cpu, 2 threads per core) family 6 model 158 stepping 10 microcode 0xea, cmov, cx8, fxsr, mmx, sse, sse2, sse3, ssse3, sse4.1, sse4.2, popcnt, avx, avx2, aes, clmul, erms, 3dnowpref, lzcnt, ht, tsc, tscinvbit, bmi1, bmi2, adx, fma

Memory: 4k page, system-wide physical 8072M (604M free)
TotalPageFile size 16264M (AvailPageFile size 22M)
current process WorkingSet (physical memory assigned to process): 561M, peak: 566M
current process commit charge ("private bytes"): 595M, peak: 640M

vm_info: OpenJDK 64-Bit Server VM (11.0.10+0-b96-7249189) for windows-amd64 JRE (11.0.10+0-b96-7249189), built on Mar 31 2021 21:44:00 by "builder" with MS VC++ 14.0 (VS2015)

END.
