#
# There is insufficient memory for the Java Runtime Environment to continue.
# Native memory allocation (malloc) failed to allocate 32744 bytes for ChunkPool::allocate
# Possible reasons:
#   The system is out of physical RAM or swap space
#   The process is running with CompressedOops enabled, and the Java Heap may be blocking the growth of the native heap
# Possible solutions:
#   Reduce memory load on the system
#   Increase physical memory or swap space
#   Check if swap backing store is full
#   Decrease Java heap size (-Xmx/-Xms)
#   Decrease number of Java threads
#   Decrease Java thread stack sizes (-Xss)
#   Set larger code cache with -XX:ReservedCodeCacheSize=
#   JVM is running with Unscaled Compressed Oops mode in which the Java heap is
#     placed in the first 4GB address space. The Java Heap base address is the
#     maximum limit for the native heap growth. Please use -XX:HeapBaseMinAddress
#     to set the Java Heap base and to place the Java Heap above 4GB virtual address.
# This output file may be truncated or incomplete.
#
#  Out of Memory Error (./src/hotspot/share/memory/arena.cpp:81), pid=19060, tid=4872
#
# JRE version: OpenJDK Runtime Environment (11.0.10) (build 11.0.10+0-b96-7249189)
# Java VM: OpenJDK 64-Bit Server VM (11.0.10+0-b96-7249189, mixed mode, tiered, compressed oops, g1 gc, windows-amd64)
# No core dump will be written. Minidumps are not enabled by default on client versions of Windows
#

---------------  S U M M A R Y ------------

Command Line: --add-opens=java.base/java.util=ALL-UNNAMED --add-opens=java.base/java.lang=ALL-UNNAMED --add-opens=java.base/java.lang.invoke=ALL-UNNAMED --add-opens=java.base/java.util=ALL-UNNAMED --add-opens=java.prefs/java.util.prefs=ALL-UNNAMED --add-opens=java.prefs/java.util.prefs=ALL-UNNAMED --add-opens=java.base/java.nio.charset=ALL-UNNAMED --add-opens=java.base/java.net=ALL-UNNAMED --add-opens=java.base/java.util.concurrent.atomic=ALL-UNNAMED -Xmx2048m -Dfile.encoding=UTF-8 -Duser.country=US -Duser.language=en -Duser.variant org.gradle.launcher.daemon.bootstrap.GradleDaemon 7.0.2

Host: Intel(R) Core(TM) i5-9300H CPU @ 2.40GHz, 8 cores, 7G,  Windows 10 , 64 bit Build 19041 (10.0.19041.1348)
Time: Sun Jan  9 22:09:08 2022 SE Asia Standard Time elapsed time: 47.326389 seconds (0d 0h 0m 47s)

---------------  T H R E A D  ---------------

Current thread (0x000001774111e000):  JavaThread "C2 CompilerThread1" daemon [_thread_in_native, id=4872, stack(0x00000059de900000,0x00000059dea00000)]


Current CompileTask:
C2:  47327 17355       4       com.sun.tools.javac.code.Symtab::lookupPackage (243 bytes)

Stack: [0x00000059de900000,0x00000059dea00000]
Native frames: (J=compiled Java code, j=interpreted, Vv=VM code, C=native code)
V  [jvm.dll+0x5ecfaa]
V  [jvm.dll+0x722bd5]
V  [jvm.dll+0x72412d]
V  [jvm.dll+0x7247e3]
V  [jvm.dll+0x242928]
V  [jvm.dll+0xbc75b]
V  [jvm.dll+0xbca0c]
V  [jvm.dll+0x358676]
V  [jvm.dll+0x357ef1]
V  [jvm.dll+0x357f34]
V  [jvm.dll+0x4e9fbe]
V  [jvm.dll+0x4ea6e6]
V  [jvm.dll+0x320b02]
V  [jvm.dll+0x31ffca]
V  [jvm.dll+0x1fb602]
V  [jvm.dll+0x1fa7f4]
V  [jvm.dll+0x18354c]
V  [jvm.dll+0x208ee7]
V  [jvm.dll+0x207731]
V  [jvm.dll+0x6eb1cf]
V  [jvm.dll+0x6e3d45]
V  [jvm.dll+0x5ebe96]
C  [ucrtbase.dll+0x21bb2]
C  [KERNEL32.DLL+0x17034]
C  [ntdll.dll+0x52651]


---------------  P R O C E S S  ---------------

Threads class SMR info:
_java_thread_list=0x000001773d49e890, length=68, elements={
0x000001771c391000, 0x0000017736806000, 0x0000017736813800, 0x0000017736821800,
0x0000017736822000, 0x0000017736824800, 0x0000017736826000, 0x0000017736834800,
0x0000017736839800, 0x00000177372db000, 0x0000017739187000, 0x00000177374c5000,
0x00000177380df000, 0x000001773862d000, 0x000001773827b000, 0x0000017739256000,
0x00000177388ba800, 0x00000177389c2800, 0x000001773770d000, 0x0000017737876800,
0x0000017737874800, 0x0000017737877000, 0x0000017737872000, 0x0000017737873000,
0x0000017737874000, 0x0000017737871800, 0x0000017737875800, 0x0000017737878000,
0x0000017738f3e000, 0x0000017738f3d000, 0x0000017738f38800, 0x0000017738f3f000,
0x0000017738f3b800, 0x0000017738f3a000, 0x0000017738f3b000, 0x000001773b2e5000,
0x000001773b2e4800, 0x000001773b2e7800, 0x000001773b2e6000, 0x000001773b2e7000,
0x000001773b2e3800, 0x000001773b2e2000, 0x000001773b2e8800, 0x000001773b2e3000,
0x000001773b2eb800, 0x000001773b2ec800, 0x000001773b2ee000, 0x000001773b2ed800,
0x000001773b2ef000, 0x000001773b2e9800, 0x000001773b2f0000, 0x000001773b2f0800,
0x000001773b2eb000, 0x0000017741120800, 0x0000017741122000, 0x0000017741121000,
0x000001774111f800, 0x000001774111d000, 0x0000017741122800, 0x0000017741124800,
0x0000017741127800, 0x0000017741128800, 0x0000017741123800, 0x000001774111e800,
0x0000017741127000, 0x000001774112b000, 0x0000017741125000, 0x000001774111e000
}

Java Threads: ( => current thread )
  0x000001771c391000 JavaThread "main" [_thread_blocked, id=18816, stack(0x00000059dc300000,0x00000059dc400000)]
  0x0000017736806000 JavaThread "Reference Handler" daemon [_thread_blocked, id=13320, stack(0x00000059dca00000,0x00000059dcb00000)]
  0x0000017736813800 JavaThread "Finalizer" daemon [_thread_blocked, id=6696, stack(0x00000059dcb00000,0x00000059dcc00000)]
  0x0000017736821800 JavaThread "Signal Dispatcher" daemon [_thread_blocked, id=6392, stack(0x00000059dcc00000,0x00000059dcd00000)]
  0x0000017736822000 JavaThread "Attach Listener" daemon [_thread_blocked, id=19248, stack(0x00000059dcd00000,0x00000059dce00000)]
  0x0000017736824800 JavaThread "Service Thread" daemon [_thread_blocked, id=13084, stack(0x00000059dce00000,0x00000059dcf00000)]
  0x0000017736826000 JavaThread "C2 CompilerThread0" daemon [_thread_in_native, id=20800, stack(0x00000059dcf00000,0x00000059dd000000)]
  0x0000017736834800 JavaThread "C1 CompilerThread0" daemon [_thread_in_vm, id=11972, stack(0x00000059dd000000,0x00000059dd100000)]
  0x0000017736839800 JavaThread "Sweeper thread" daemon [_thread_blocked, id=4520, stack(0x00000059dd100000,0x00000059dd200000)]
  0x00000177372db000 JavaThread "Common-Cleaner" daemon [_thread_blocked, id=8008, stack(0x00000059dd200000,0x00000059dd300000)]
  0x0000017739187000 JavaThread "Daemon health stats" [_thread_blocked, id=5844, stack(0x00000059dd700000,0x00000059dd800000)]
  0x00000177374c5000 JavaThread "Incoming local TCP Connector on port 55325" [_thread_in_native, id=6760, stack(0x00000059dd400000,0x00000059dd500000)]
  0x00000177380df000 JavaThread "Daemon periodic checks" [_thread_blocked, id=14756, stack(0x00000059dd800000,0x00000059dd900000)]
  0x000001773862d000 JavaThread "Daemon" [_thread_blocked, id=5324, stack(0x00000059dd900000,0x00000059dda00000)]
  0x000001773827b000 JavaThread "Handler for socket connection from /127.0.0.1:55325 to /127.0.0.1:55326" [_thread_in_native, id=10604, stack(0x00000059dda00000,0x00000059ddb00000)]
  0x0000017739256000 JavaThread "Cancel handler" [_thread_blocked, id=1896, stack(0x00000059ddb00000,0x00000059ddc00000)]
  0x00000177388ba800 JavaThread "Daemon worker" [_thread_blocked, id=13668, stack(0x00000059ddc00000,0x00000059ddd00000)]
  0x00000177389c2800 JavaThread "Asynchronous log dispatcher for DefaultDaemonConnection: socket connection from /127.0.0.1:55325 to /127.0.0.1:55326" [_thread_blocked, id=16564, stack(0x00000059ddd00000,0x00000059dde00000)]
  0x000001773770d000 JavaThread "Stdin handler" [_thread_blocked, id=14540, stack(0x00000059dde00000,0x00000059ddf00000)]
  0x0000017737876800 JavaThread "Daemon client event forwarder" [_thread_blocked, id=6660, stack(0x00000059ddf00000,0x00000059de000000)]
  0x0000017737874800 JavaThread "Cache worker for file hash cache (C:\Users\nguye\.gradle\caches\7.0.2\fileHashes)" [_thread_blocked, id=13912, stack(0x00000059de500000,0x00000059de600000)]
  0x0000017737877000 JavaThread "File lock request listener" [_thread_in_native, id=21500, stack(0x00000059de600000,0x00000059de700000)]
  0x0000017737872000 JavaThread "Cache worker for journal cache (C:\Users\nguye\.gradle\caches\journal-1)" [_thread_blocked, id=17720, stack(0x00000059de800000,0x00000059de900000)]
  0x0000017737873000 JavaThread "Cache worker for file hash cache (E:\Android\Final\TimePlanner\Time-Planner-App\.gradle\7.0.2\fileHashes)" [_thread_blocked, id=17304, stack(0x00000059dea00000,0x00000059deb00000)]
  0x0000017737874000 JavaThread "File watcher server" daemon [_thread_in_native, id=18460, stack(0x00000059deb00000,0x00000059dec00000)]
  0x0000017737871800 JavaThread "File watcher consumer" daemon [_thread_blocked, id=5392, stack(0x00000059dec00000,0x00000059ded00000)]
  0x0000017737875800 JavaThread "Cache worker for checksums cache (E:\Android\Final\TimePlanner\Time-Planner-App\.gradle\checksums)" [_thread_blocked, id=14720, stack(0x00000059ded00000,0x00000059dee00000)]
  0x0000017737878000 JavaThread "Cache worker for cache directory md-supplier (C:\Users\nguye\.gradle\caches\7.0.2\md-supplier)" [_thread_blocked, id=16460, stack(0x00000059dee00000,0x00000059def00000)]
  0x0000017738f3e000 JavaThread "Cache worker for cache directory md-rule (C:\Users\nguye\.gradle\caches\7.0.2\md-rule)" [_thread_blocked, id=19276, stack(0x00000059def00000,0x00000059df000000)]
  0x0000017738f3d000 JavaThread "Cache worker for execution history cache (C:\Users\nguye\.gradle\caches\7.0.2\executionHistory)" [_thread_blocked, id=4408, stack(0x00000059df000000,0x00000059df100000)]
  0x0000017738f38800 JavaThread "jar transforms" [_thread_blocked, id=21928, stack(0x00000059df100000,0x00000059df200000)]
  0x0000017738f3f000 JavaThread "jar transforms Thread 2" [_thread_blocked, id=3324, stack(0x00000059df200000,0x00000059df300000)]
  0x0000017738f3b800 JavaThread "Cache worker for file content cache (C:\Users\nguye\.gradle\caches\7.0.2\fileContent)" [_thread_blocked, id=7152, stack(0x00000059df300000,0x00000059df400000)]
  0x0000017738f3a000 JavaThread "Cache worker for dependencies-accessors (E:\Android\Final\TimePlanner\Time-Planner-App\.gradle\7.0.2\dependencies-accessors)" [_thread_blocked, id=21832, stack(0x00000059df400000,0x00000059df500000)]
  0x0000017738f3b000 JavaThread "jar transforms Thread 3" [_thread_blocked, id=14052, stack(0x00000059df500000,0x00000059df600000)]
  0x000001773b2e5000 JavaThread "Cache worker for Build Output Cleanup Cache (E:\Android\Final\TimePlanner\Time-Planner-App\.gradle\buildOutputCleanup)" [_thread_blocked, id=14520, stack(0x00000059df600000,0x00000059df700000)]
  0x000001773b2e4800 JavaThread "Build operations" [_thread_blocked, id=22272, stack(0x00000059df700000,0x00000059df800000)]
  0x000001773b2e7800 JavaThread "Build operations Thread 2" [_thread_blocked, id=18696, stack(0x00000059df800000,0x00000059df900000)]
  0x000001773b2e6000 JavaThread "Build operations Thread 3" [_thread_blocked, id=16940, stack(0x00000059df900000,0x00000059dfa00000)]
  0x000001773b2e7000 JavaThread "Build operations Thread 4" [_thread_blocked, id=7888, stack(0x00000059dfa00000,0x00000059dfb00000)]
  0x000001773b2e3800 JavaThread "Build operations Thread 5" [_thread_blocked, id=14492, stack(0x00000059dfb00000,0x00000059dfc00000)]
  0x000001773b2e2000 JavaThread "Build operations Thread 6" [_thread_blocked, id=1044, stack(0x00000059dfc00000,0x00000059dfd00000)]
  0x000001773b2e8800 JavaThread "Build operations Thread 7" [_thread_blocked, id=15952, stack(0x00000059dfd00000,0x00000059dfe00000)]
  0x000001773b2e3000 JavaThread "Build operations Thread 8" [_thread_blocked, id=2964, stack(0x00000059dfe00000,0x00000059dff00000)]
  0x000001773b2eb800 JavaThread "jar transforms Thread 4" [_thread_blocked, id=16184, stack(0x00000059dff00000,0x00000059e0000000)]
  0x000001773b2ec800 JavaThread "jar transforms Thread 5" [_thread_blocked, id=19668, stack(0x00000059e0000000,0x00000059e0100000)]
  0x000001773b2ee000 JavaThread "jar transforms Thread 6" [_thread_blocked, id=19132, stack(0x00000059e0100000,0x00000059e0200000)]
  0x000001773b2ed800 JavaThread "jar transforms Thread 7" [_thread_blocked, id=15236, stack(0x00000059e0200000,0x00000059e0300000)]
  0x000001773b2ef000 JavaThread "jar transforms Thread 8" [_thread_blocked, id=4852, stack(0x00000059e0300000,0x00000059e0400000)]
  0x000001773b2e9800 JavaThread "Memory manager" [_thread_blocked, id=10816, stack(0x00000059e0400000,0x00000059e0500000)]
  0x000001773b2f0000 JavaThread "build event listener" [_thread_blocked, id=9372, stack(0x00000059e0500000,0x00000059e0600000)]
  0x000001773b2f0800 JavaThread "Execution worker for ':'" [_thread_blocked, id=5968, stack(0x00000059e0600000,0x00000059e0700000)]
  0x000001773b2eb000 JavaThread "Execution worker for ':' Thread 2" [_thread_blocked, id=7128, stack(0x00000059e0700000,0x00000059e0800000)]
  0x0000017741120800 JavaThread "Execution worker for ':' Thread 3" [_thread_blocked, id=6716, stack(0x00000059e0800000,0x00000059e0900000)]
  0x0000017741122000 JavaThread "Execution worker for ':' Thread 4" [_thread_blocked, id=21600, stack(0x00000059e0900000,0x00000059e0a00000)]
  0x0000017741121000 JavaThread "Execution worker for ':' Thread 5" [_thread_in_Java, id=5216, stack(0x00000059e0a00000,0x00000059e0b00000)]
  0x000001774111f800 JavaThread "Execution worker for ':' Thread 6" [_thread_blocked, id=3156, stack(0x00000059e0b00000,0x00000059e0c00000)]
  0x000001774111d000 JavaThread "Execution worker for ':' Thread 7" [_thread_blocked, id=20984, stack(0x00000059e0c00000,0x00000059e0d00000)]
  0x0000017741122800 JavaThread "Cache worker for execution history cache (E:\Android\Final\TimePlanner\Time-Planner-App\.gradle\7.0.2\executionHistory)" [_thread_blocked, id=5592, stack(0x00000059e0d00000,0x00000059e0e00000)]
  0x0000017741124800 JavaThread "WorkerExecutor Queue Thread 2" [_thread_blocked, id=21572, stack(0x00000059e1100000,0x00000059e1200000)]
  0x0000017741127800 JavaThread "WorkerExecutor Queue Thread 5" [_thread_blocked, id=4160, stack(0x00000059e1400000,0x00000059e1500000)]
  0x0000017741128800 JavaThread "WorkerExecutor Queue Thread 6" [_thread_blocked, id=15804, stack(0x00000059e1500000,0x00000059e1600000)]
  0x0000017741123800 JavaThread "pool-3-thread-1" [_thread_blocked, id=14980, stack(0x00000059e1000000,0x00000059e1100000)]
  0x000001774111e800 JavaThread "stderr" [_thread_in_native, id=12444, stack(0x00000059e1200000,0x00000059e1300000)]
  0x0000017741127000 JavaThread "stdout" [_thread_in_native, id=8060, stack(0x00000059e1300000,0x00000059e1400000)]
  0x000001774112b000 JavaThread "Cache worker for Java compile cache (C:\Users\nguye\.gradle\caches\7.0.2\javaCompile)" [_thread_blocked, id=22088, stack(0x00000059e1600000,0x00000059e1700000)]
  0x0000017741125000 JavaThread "Cache worker for Java compile cache (E:\Android\Final\TimePlanner\Time-Planner-App\.gradle\7.0.2\javaCompile)" [_thread_blocked, id=148, stack(0x00000059e1700000,0x00000059e1800000)]
=>0x000001774111e000 JavaThread "C2 CompilerThread1" daemon [_thread_in_native, id=4872, stack(0x00000059de900000,0x00000059dea00000)]

Other Threads:
  0x0000017736803800 VMThread "VM Thread" [stack: 0x00000059dc900000,0x00000059dca00000] [id=17968]
  0x00000177372ef000 WatcherThread [stack: 0x00000059dd300000,0x00000059dd400000] [id=1696]
  0x000001771c3a9800 GCTaskThread "GC Thread#0" [stack: 0x00000059dc400000,0x00000059dc500000] [id=20240]
  0x0000017737e61000 GCTaskThread "GC Thread#1" [stack: 0x00000059dd500000,0x00000059dd600000] [id=10656]
  0x0000017737e0d800 GCTaskThread "GC Thread#2" [stack: 0x00000059dd600000,0x00000059dd700000] [id=10612]
  0x000001773770c000 GCTaskThread "GC Thread#3" [stack: 0x00000059de000000,0x00000059de100000] [id=484]
  0x00000177378b6000 GCTaskThread "GC Thread#4" [stack: 0x00000059de100000,0x00000059de200000] [id=1940]
  0x0000017738b5f800 GCTaskThread "GC Thread#5" [stack: 0x00000059de200000,0x00000059de300000] [id=8516]
  0x0000017738a71800 GCTaskThread "GC Thread#6" [stack: 0x00000059de300000,0x00000059de400000] [id=2212]
  0x00000177386cc800 GCTaskThread "GC Thread#7" [stack: 0x00000059de400000,0x00000059de500000] [id=21604]
  0x000001771c3da800 ConcurrentGCThread "G1 Main Marker" [stack: 0x00000059dc500000,0x00000059dc600000] [id=13300]
  0x000001771c3db800 ConcurrentGCThread "G1 Conc#0" [stack: 0x00000059dc600000,0x00000059dc700000] [id=21532]
  0x0000017739356800 ConcurrentGCThread "G1 Conc#1" [stack: 0x00000059de700000,0x00000059de800000] [id=11436]
  0x0000017736650800 ConcurrentGCThread "G1 Refine#0" [stack: 0x00000059dc700000,0x00000059dc800000] [id=13696]
  0x000001773a82d000 ConcurrentGCThread "G1 Refine#1" [stack: 0x00000059e0f00000,0x00000059e1000000] [id=12908]
  0x0000017736651800 ConcurrentGCThread "G1 Young RemSet Sampling" [stack: 0x00000059dc800000,0x00000059dc900000] [id=19988]

Threads with active compile tasks:
C2 CompilerThread0  47387 17410   !   4       com.sun.tools.javac.code.Symbol$ClassSymbol::complete (52 bytes)
C1 CompilerThread0  47387 17583       2       com.sun.tools.javac.code.Types::membersClosure (50 bytes)
C2 CompilerThread1  47387 17355       4       com.sun.tools.javac.code.Symtab::lookupPackage (243 bytes)

VM state:not at safepoint (normal execution)

VM Mutex/Monitor currently owned by a thread:  ([mutex/lock_event])
[0x000001771c38df50] Heap_lock - owner thread: 0x0000017741121000

Heap address: 0x0000000080000000, size: 2048 MB, Compressed Oops mode: 32-bit
Narrow klass base: 0x0000000000000000, Narrow klass shift: 3
Compressed class space size: 1073741824 Address: 0x0000000100000000

Heap:
 garbage-first heap   total 364544K, used 167936K [0x0000000080000000, 0x0000000100000000)
  region size 1024K, 44 young (45056K), 12 survivors (12288K)
 Metaspace       used 115916K, capacity 118483K, committed 118748K, reserved 1153024K
  class space    used 14440K, capacity 15406K, committed 15488K, reserved 1048576K
Heap Regions: E=young(eden), S=young(survivor), O=old, HS=humongous(starts), HC=humongous(continues), CS=collection set, F=free, A=archive, TAMS=top-at-mark-start (previous, next)
|   0|0x0000000080000000, 0x0000000080100000, 0x0000000080100000|100%| O|  |TAMS 0x0000000080100000, 0x0000000080000000| Untracked 
|   1|0x0000000080100000, 0x0000000080200000, 0x0000000080200000|100%| O|  |TAMS 0x0000000080200000, 0x0000000080100000| Untracked 
|   2|0x0000000080200000, 0x0000000080300000, 0x0000000080300000|100%| O|  |TAMS 0x0000000080300000, 0x0000000080200000| Untracked 
|   3|0x0000000080300000, 0x0000000080400000, 0x0000000080400000|100%|HS|  |TAMS 0x0000000080400000, 0x0000000080300000| Complete 
|   4|0x0000000080400000, 0x0000000080500000, 0x0000000080500000|100%|HC|  |TAMS 0x0000000080500000, 0x0000000080400000| Complete 
|   5|0x0000000080500000, 0x0000000080600000, 0x0000000080600000|100%|HC|  |TAMS 0x0000000080600000, 0x0000000080500000| Complete 
|   6|0x0000000080600000, 0x0000000080700000, 0x0000000080700000|100%| O|  |TAMS 0x0000000080700000, 0x0000000080600000| Untracked 
|   7|0x0000000080700000, 0x0000000080800000, 0x0000000080800000|100%| O|  |TAMS 0x0000000080800000, 0x0000000080700000| Untracked 
|   8|0x0000000080800000, 0x0000000080900000, 0x0000000080900000|100%| O|  |TAMS 0x0000000080900000, 0x0000000080800000| Untracked 
|   9|0x0000000080900000, 0x0000000080a00000, 0x0000000080a00000|100%| O|  |TAMS 0x0000000080a00000, 0x0000000080900000| Untracked 
|  10|0x0000000080a00000, 0x0000000080b00000, 0x0000000080b00000|100%| O|  |TAMS 0x0000000080b00000, 0x0000000080a00000| Untracked 
|  11|0x0000000080b00000, 0x0000000080c00000, 0x0000000080c00000|100%| O|  |TAMS 0x0000000080c00000, 0x0000000080b00000| Untracked 
|  12|0x0000000080c00000, 0x0000000080d00000, 0x0000000080d00000|100%| O|  |TAMS 0x0000000080d00000, 0x0000000080c00000| Untracked 
|  13|0x0000000080d00000, 0x0000000080e00000, 0x0000000080e00000|100%| O|  |TAMS 0x0000000080e00000, 0x0000000080d00000| Untracked 
|  14|0x0000000080e00000, 0x0000000080f00000, 0x0000000080f00000|100%| O|  |TAMS 0x0000000080f00000, 0x0000000080e00000| Untracked 
|  15|0x0000000080f00000, 0x0000000081000000, 0x0000000081000000|100%| O|  |TAMS 0x0000000081000000, 0x0000000080f00000| Untracked 
|  16|0x0000000081000000, 0x0000000081100000, 0x0000000081100000|100%| O|  |TAMS 0x0000000081100000, 0x0000000081000000| Untracked 
|  17|0x0000000081100000, 0x0000000081200000, 0x0000000081200000|100%|HS|  |TAMS 0x0000000081200000, 0x0000000081100000| Complete 
|  18|0x0000000081200000, 0x0000000081300000, 0x0000000081300000|100%| O|  |TAMS 0x0000000081300000, 0x0000000081200000| Untracked 
|  19|0x0000000081300000, 0x0000000081400000, 0x0000000081400000|100%| O|  |TAMS 0x0000000081400000, 0x0000000081300000| Untracked 
|  20|0x0000000081400000, 0x0000000081500000, 0x0000000081500000|100%| O|  |TAMS 0x0000000081500000, 0x0000000081400000| Untracked 
|  21|0x0000000081500000, 0x0000000081600000, 0x0000000081600000|100%| O|  |TAMS 0x0000000081600000, 0x0000000081500000| Untracked 
|  22|0x0000000081600000, 0x0000000081700000, 0x0000000081700000|100%| O|  |TAMS 0x0000000081700000, 0x0000000081600000| Untracked 
|  23|0x0000000081700000, 0x0000000081800000, 0x0000000081800000|100%| O|  |TAMS 0x0000000081800000, 0x0000000081700000| Untracked 
|  24|0x0000000081800000, 0x0000000081900000, 0x0000000081900000|100%| O|  |TAMS 0x0000000081900000, 0x0000000081800000| Untracked 
|  25|0x0000000081900000, 0x0000000081a00000, 0x0000000081a00000|100%| O|  |TAMS 0x0000000081a00000, 0x0000000081900000| Untracked 
|  26|0x0000000081a00000, 0x0000000081b00000, 0x0000000081b00000|100%| O|  |TAMS 0x0000000081b00000, 0x0000000081a00000| Untracked 
|  27|0x0000000081b00000, 0x0000000081c00000, 0x0000000081c00000|100%| O|  |TAMS 0x0000000081c00000, 0x0000000081b00000| Untracked 
|  28|0x0000000081c00000, 0x0000000081d00000, 0x0000000081d00000|100%|HS|  |TAMS 0x0000000081d00000, 0x0000000081c00000| Complete 
|  29|0x0000000081d00000, 0x0000000081e00000, 0x0000000081e00000|100%|HS|  |TAMS 0x0000000081e00000, 0x0000000081d00000| Complete 
|  30|0x0000000081e00000, 0x0000000081f00000, 0x0000000081f00000|100%|HC|  |TAMS 0x0000000081f00000, 0x0000000081e00000| Complete 
|  31|0x0000000081f00000, 0x0000000082000000, 0x0000000082000000|100%| O|  |TAMS 0x0000000082000000, 0x0000000081f00000| Untracked 
|  32|0x0000000082000000, 0x0000000082100000, 0x0000000082100000|100%| O|  |TAMS 0x0000000082100000, 0x0000000082000000| Untracked 
|  33|0x0000000082100000, 0x0000000082200000, 0x0000000082200000|100%| O|  |TAMS 0x0000000082200000, 0x0000000082100000| Untracked 
|  34|0x0000000082200000, 0x0000000082300000, 0x0000000082300000|100%| O|  |TAMS 0x0000000082300000, 0x0000000082200000| Untracked 
|  35|0x0000000082300000, 0x0000000082400000, 0x0000000082400000|100%| O|  |TAMS 0x0000000082400000, 0x0000000082300000| Untracked 
|  36|0x0000000082400000, 0x0000000082500000, 0x0000000082500000|100%| O|  |TAMS 0x0000000082500000, 0x0000000082400000| Untracked 
|  37|0x0000000082500000, 0x0000000082600000, 0x0000000082600000|100%| O|  |TAMS 0x0000000082600000, 0x0000000082500000| Untracked 
|  38|0x0000000082600000, 0x0000000082700000, 0x0000000082700000|100%| O|  |TAMS 0x0000000082700000, 0x0000000082600000| Untracked 
|  39|0x0000000082700000, 0x0000000082800000, 0x0000000082800000|100%| O|  |TAMS 0x0000000082800000, 0x0000000082700000| Untracked 
|  40|0x0000000082800000, 0x0000000082900000, 0x0000000082900000|100%| O|  |TAMS 0x0000000082900000, 0x0000000082800000| Untracked 
|  41|0x0000000082900000, 0x0000000082a00000, 0x0000000082a00000|100%| O|  |TAMS 0x0000000082a00000, 0x0000000082900000| Untracked 
|  42|0x0000000082a00000, 0x0000000082b00000, 0x0000000082b00000|100%| O|  |TAMS 0x0000000082b00000, 0x0000000082a00000| Untracked 
|  43|0x0000000082b00000, 0x0000000082c00000, 0x0000000082c00000|100%| O|  |TAMS 0x0000000082c00000, 0x0000000082b00000| Untracked 
|  44|0x0000000082c00000, 0x0000000082d00000, 0x0000000082d00000|100%| O|  |TAMS 0x0000000082d00000, 0x0000000082c00000| Untracked 
|  45|0x0000000082d00000, 0x0000000082e00000, 0x0000000082e00000|100%| O|  |TAMS 0x0000000082e00000, 0x0000000082d00000| Untracked 
|  46|0x0000000082e00000, 0x0000000082f00000, 0x0000000082f00000|100%| O|  |TAMS 0x0000000082f00000, 0x0000000082e00000| Untracked 
|  47|0x0000000082f00000, 0x0000000083000000, 0x0000000083000000|100%| O|  |TAMS 0x0000000083000000, 0x0000000082f00000| Untracked 
|  48|0x0000000083000000, 0x0000000083100000, 0x0000000083100000|100%| O|  |TAMS 0x0000000083100000, 0x0000000083000000| Untracked 
|  49|0x0000000083100000, 0x0000000083200000, 0x0000000083200000|100%| O|  |TAMS 0x0000000083200000, 0x0000000083100000| Untracked 
|  50|0x0000000083200000, 0x0000000083300000, 0x0000000083300000|100%| O|  |TAMS 0x0000000083300000, 0x0000000083200000| Untracked 
|  51|0x0000000083300000, 0x0000000083400000, 0x0000000083400000|100%| O|  |TAMS 0x0000000083400000, 0x0000000083300000| Untracked 
|  52|0x0000000083400000, 0x0000000083500000, 0x0000000083500000|100%| O|  |TAMS 0x0000000083500000, 0x0000000083400000| Untracked 
|  53|0x0000000083500000, 0x0000000083600000, 0x0000000083600000|100%| O|  |TAMS 0x0000000083600000, 0x0000000083500000| Untracked 
|  54|0x0000000083600000, 0x0000000083700000, 0x0000000083700000|100%| O|  |TAMS 0x0000000083700000, 0x0000000083600000| Untracked 
|  55|0x0000000083700000, 0x0000000083800000, 0x0000000083800000|100%| O|  |TAMS 0x0000000083800000, 0x0000000083700000| Untracked 
|  56|0x0000000083800000, 0x0000000083900000, 0x0000000083900000|100%| O|  |TAMS 0x0000000083900000, 0x0000000083800000| Untracked 
|  57|0x0000000083900000, 0x0000000083a00000, 0x0000000083a00000|100%| O|  |TAMS 0x0000000083a00000, 0x0000000083900000| Untracked 
|  58|0x0000000083a00000, 0x0000000083b00000, 0x0000000083b00000|100%| O|  |TAMS 0x0000000083b00000, 0x0000000083a00000| Untracked 
|  59|0x0000000083b00000, 0x0000000083c00000, 0x0000000083c00000|100%| O|  |TAMS 0x0000000083c00000, 0x0000000083b00000| Untracked 
|  60|0x0000000083c00000, 0x0000000083d00000, 0x0000000083d00000|100%| O|  |TAMS 0x0000000083d00000, 0x0000000083c00000| Untracked 
|  61|0x0000000083d00000, 0x0000000083e00000, 0x0000000083e00000|100%| O|  |TAMS 0x0000000083e00000, 0x0000000083d00000| Untracked 
|  62|0x0000000083e00000, 0x0000000083f00000, 0x0000000083f00000|100%| O|  |TAMS 0x0000000083f00000, 0x0000000083e00000| Untracked 
|  63|0x0000000083f00000, 0x0000000084000000, 0x0000000084000000|100%| O|  |TAMS 0x0000000084000000, 0x0000000083f00000| Untracked 
|  64|0x0000000084000000, 0x0000000084100000, 0x0000000084100000|100%| O|  |TAMS 0x0000000084100000, 0x0000000084000000| Untracked 
|  65|0x0000000084100000, 0x0000000084200000, 0x0000000084200000|100%| O|  |TAMS 0x0000000084200000, 0x0000000084100000| Untracked 
|  66|0x0000000084200000, 0x0000000084300000, 0x0000000084300000|100%| O|  |TAMS 0x0000000084300000, 0x0000000084200000| Untracked 
|  67|0x0000000084300000, 0x0000000084400000, 0x0000000084400000|100%| O|  |TAMS 0x0000000084400000, 0x0000000084300000| Untracked 
|  68|0x0000000084400000, 0x0000000084500000, 0x0000000084500000|100%| O|  |TAMS 0x0000000084500000, 0x0000000084400000| Untracked 
|  69|0x0000000084500000, 0x0000000084600000, 0x0000000084600000|100%| O|  |TAMS 0x0000000084600000, 0x0000000084500000| Untracked 
|  70|0x0000000084600000, 0x0000000084700000, 0x0000000084700000|100%| O|  |TAMS 0x0000000084700000, 0x0000000084600000| Untracked 
|  71|0x0000000084700000, 0x0000000084800000, 0x0000000084800000|100%| O|  |TAMS 0x0000000084800000, 0x0000000084700000| Untracked 
|  72|0x0000000084800000, 0x0000000084900000, 0x0000000084900000|100%| O|  |TAMS 0x0000000084900000, 0x0000000084800000| Untracked 
|  73|0x0000000084900000, 0x0000000084a00000, 0x0000000084a00000|100%| O|  |TAMS 0x0000000084a00000, 0x0000000084900000| Untracked 
|  74|0x0000000084a00000, 0x0000000084b00000, 0x0000000084b00000|100%| O|  |TAMS 0x0000000084b00000, 0x0000000084a00000| Untracked 
|  75|0x0000000084b00000, 0x0000000084c00000, 0x0000000084c00000|100%| O|  |TAMS 0x0000000084c00000, 0x0000000084b00000| Untracked 
|  76|0x0000000084c00000, 0x0000000084d00000, 0x0000000084d00000|100%| O|  |TAMS 0x0000000084c00000, 0x0000000084c00000| Untracked 
|  77|0x0000000084d00000, 0x0000000084e00000, 0x0000000084e00000|100%| O|  |TAMS 0x0000000084d00000, 0x0000000084d00000| Untracked 
|  78|0x0000000084e00000, 0x0000000084f00000, 0x0000000084f00000|100%| O|  |TAMS 0x0000000084e00000, 0x0000000084e00000| Untracked 
|  79|0x0000000084f00000, 0x0000000085000000, 0x0000000085000000|100%| O|  |TAMS 0x0000000084f00000, 0x0000000084f00000| Untracked 
|  80|0x0000000085000000, 0x0000000085100000, 0x0000000085100000|100%| O|  |TAMS 0x0000000085000000, 0x0000000085000000| Untracked 
|  81|0x0000000085100000, 0x0000000085200000, 0x0000000085200000|100%| O|  |TAMS 0x0000000085100000, 0x0000000085100000| Untracked 
|  82|0x0000000085200000, 0x0000000085300000, 0x0000000085300000|100%| O|  |TAMS 0x0000000085200000, 0x0000000085200000| Untracked 
|  83|0x0000000085300000, 0x0000000085400000, 0x0000000085400000|100%| O|  |TAMS 0x0000000085300000, 0x0000000085300000| Untracked 
|  84|0x0000000085400000, 0x0000000085500000, 0x0000000085500000|100%| O|  |TAMS 0x0000000085400000, 0x0000000085400000| Untracked 
|  85|0x0000000085500000, 0x0000000085600000, 0x0000000085600000|100%| O|  |TAMS 0x0000000085500000, 0x0000000085500000| Untracked 
|  86|0x0000000085600000, 0x0000000085700000, 0x0000000085700000|100%| O|  |TAMS 0x0000000085600000, 0x0000000085600000| Untracked 
|  87|0x0000000085700000, 0x0000000085800000, 0x0000000085800000|100%| O|  |TAMS 0x0000000085700000, 0x0000000085700000| Untracked 
|  88|0x0000000085800000, 0x0000000085900000, 0x0000000085900000|100%| O|  |TAMS 0x0000000085900000, 0x0000000085800000| Untracked 
|  89|0x0000000085900000, 0x0000000085a00000, 0x0000000085a00000|100%| O|  |TAMS 0x0000000085900000, 0x0000000085900000| Untracked 
|  90|0x0000000085a00000, 0x0000000085b00000, 0x0000000085b00000|100%| O|  |TAMS 0x0000000085a00000, 0x0000000085a00000| Untracked 
|  91|0x0000000085b00000, 0x0000000085c00000, 0x0000000085c00000|100%| O|  |TAMS 0x0000000085b00000, 0x0000000085b00000| Untracked 
|  92|0x0000000085c00000, 0x0000000085d00000, 0x0000000085d00000|100%| O|  |TAMS 0x0000000085d00000, 0x0000000085c00000| Untracked 
|  93|0x0000000085d00000, 0x0000000085e00000, 0x0000000085e00000|100%| O|  |TAMS 0x0000000085e00000, 0x0000000085d00000| Untracked 
|  94|0x0000000085e00000, 0x0000000085f00000, 0x0000000085f00000|100%| O|  |TAMS 0x0000000085f00000, 0x0000000085e00000| Untracked 
|  95|0x0000000085f00000, 0x0000000086000000, 0x0000000086000000|100%| O|  |TAMS 0x0000000085f00000, 0x0000000085f00000| Untracked 
|  96|0x0000000086000000, 0x0000000086100000, 0x0000000086100000|100%| O|  |TAMS 0x0000000086000000, 0x0000000086000000| Untracked 
|  97|0x0000000086100000, 0x0000000086200000, 0x0000000086200000|100%| O|  |TAMS 0x0000000086100000, 0x0000000086100000| Untracked 
|  98|0x0000000086200000, 0x0000000086300000, 0x0000000086300000|100%| O|  |TAMS 0x0000000086200000, 0x0000000086200000| Untracked 
|  99|0x0000000086300000, 0x0000000086400000, 0x0000000086400000|100%| O|  |TAMS 0x0000000086300000, 0x0000000086300000| Untracked 
| 100|0x0000000086400000, 0x0000000086500000, 0x0000000086500000|100%| O|  |TAMS 0x0000000086400000, 0x0000000086400000| Untracked 
| 101|0x0000000086500000, 0x0000000086600000, 0x0000000086600000|100%| O|  |TAMS 0x0000000086500000, 0x0000000086500000| Untracked 
| 102|0x0000000086600000, 0x0000000086700000, 0x0000000086700000|100%| O|  |TAMS 0x0000000086600000, 0x0000000086600000| Untracked 
| 103|0x0000000086700000, 0x0000000086800000, 0x0000000086800000|100%| O|  |TAMS 0x0000000086700000, 0x0000000086700000| Untracked 
| 104|0x0000000086800000, 0x0000000086900000, 0x0000000086900000|100%|HS|  |TAMS 0x0000000086800000, 0x0000000086800000| Complete 
| 105|0x0000000086900000, 0x0000000086a00000, 0x0000000086a00000|100%|HC|  |TAMS 0x0000000086900000, 0x0000000086900000| Complete 
| 106|0x0000000086a00000, 0x0000000086b00000, 0x0000000086b00000|100%| O|  |TAMS 0x0000000086a00000, 0x0000000086a00000| Untracked 
| 107|0x0000000086b00000, 0x0000000086c00000, 0x0000000086c00000|100%| O|  |TAMS 0x0000000086b00000, 0x0000000086b00000| Untracked 
| 108|0x0000000086c00000, 0x0000000086d00000, 0x0000000086d00000|100%| O|  |TAMS 0x0000000086c00000, 0x0000000086c00000| Untracked 
| 109|0x0000000086d00000, 0x0000000086e00000, 0x0000000086e00000|100%| O|  |TAMS 0x0000000086d00000, 0x0000000086d00000| Untracked 
| 110|0x0000000086e00000, 0x0000000086f00000, 0x0000000086f00000|100%| O|  |TAMS 0x0000000086e00000, 0x0000000086e00000| Untracked 
| 111|0x0000000086f00000, 0x0000000086f00000, 0x0000000087000000|  0%| F|  |TAMS 0x0000000086f00000, 0x0000000086f00000| Untracked 
| 112|0x0000000087000000, 0x0000000087000000, 0x0000000087100000|  0%| F|  |TAMS 0x0000000087000000, 0x0000000087000000| Untracked 
| 113|0x0000000087100000, 0x0000000087100000, 0x0000000087200000|  0%| F|  |TAMS 0x0000000087100000, 0x0000000087100000| Untracked 
| 114|0x0000000087200000, 0x0000000087200000, 0x0000000087300000|  0%| F|  |TAMS 0x0000000087200000, 0x0000000087200000| Untracked 
| 115|0x0000000087300000, 0x0000000087300000, 0x0000000087400000|  0%| F|  |TAMS 0x0000000087300000, 0x0000000087300000| Untracked 
| 116|0x0000000087400000, 0x0000000087400000, 0x0000000087500000|  0%| F|  |TAMS 0x0000000087400000, 0x0000000087400000| Untracked 
| 117|0x0000000087500000, 0x0000000087500000, 0x0000000087600000|  0%| F|  |TAMS 0x0000000087500000, 0x0000000087500000| Untracked 
| 118|0x0000000087600000, 0x0000000087700000, 0x0000000087700000|100%| O|  |TAMS 0x0000000087700000, 0x0000000087600000| Untracked 
| 119|0x0000000087700000, 0x0000000087800000, 0x0000000087800000|100%| O|  |TAMS 0x0000000087800000, 0x0000000087700000| Untracked 
| 120|0x0000000087800000, 0x0000000087800000, 0x0000000087900000|  0%| F|  |TAMS 0x0000000087800000, 0x0000000087800000| Untracked 
| 121|0x0000000087900000, 0x0000000087900000, 0x0000000087a00000|  0%| F|  |TAMS 0x0000000087900000, 0x0000000087900000| Untracked 
| 122|0x0000000087a00000, 0x0000000087a00000, 0x0000000087b00000|  0%| F|  |TAMS 0x0000000087a00000, 0x0000000087a00000| Untracked 
| 123|0x0000000087b00000, 0x0000000087b00000, 0x0000000087c00000|  0%| F|  |TAMS 0x0000000087b00000, 0x0000000087b00000| Untracked 
| 124|0x0000000087c00000, 0x0000000087c00000, 0x0000000087d00000|  0%| F|  |TAMS 0x0000000087c00000, 0x0000000087c00000| Untracked 
| 125|0x0000000087d00000, 0x0000000087e00000, 0x0000000087e00000|100%| O|  |TAMS 0x0000000087e00000, 0x0000000087d00000| Untracked 
| 126|0x0000000087e00000, 0x0000000087e00000, 0x0000000087f00000|  0%| F|  |TAMS 0x0000000087e00000, 0x0000000087e00000| Untracked 
| 127|0x0000000087f00000, 0x0000000088000000, 0x0000000088000000|100%| O|  |TAMS 0x0000000088000000, 0x0000000087f00000| Untracked 
| 128|0x0000000088000000, 0x0000000088100000, 0x0000000088100000|100%| O|  |TAMS 0x0000000088100000, 0x0000000088000000| Untracked 
| 129|0x0000000088100000, 0x0000000088200000, 0x0000000088200000|100%| O|  |TAMS 0x0000000088200000, 0x0000000088100000| Untracked 
| 130|0x0000000088200000, 0x0000000088300000, 0x0000000088300000|100%| O|  |TAMS 0x0000000088300000, 0x0000000088200000| Untracked 
| 131|0x0000000088300000, 0x0000000088400000, 0x0000000088400000|100%| O|  |TAMS 0x0000000088400000, 0x0000000088300000| Untracked 
| 132|0x0000000088400000, 0x0000000088500000, 0x0000000088500000|100%| O|  |TAMS 0x000000008840fe00, 0x0000000088400000| Untracked 
| 133|0x0000000088500000, 0x0000000088500000, 0x0000000088600000|  0%| F|  |TAMS 0x0000000088500000, 0x0000000088500000| Untracked 
| 134|0x0000000088600000, 0x0000000088600000, 0x0000000088700000|  0%| F|  |TAMS 0x0000000088600000, 0x0000000088600000| Untracked 
| 135|0x0000000088700000, 0x0000000088700000, 0x0000000088800000|  0%| F|  |TAMS 0x0000000088700000, 0x0000000088700000| Untracked 
| 136|0x0000000088800000, 0x0000000088800000, 0x0000000088900000|  0%| F|  |TAMS 0x0000000088800000, 0x0000000088800000| Untracked 
| 137|0x0000000088900000, 0x0000000088900000, 0x0000000088a00000|  0%| F|  |TAMS 0x0000000088900000, 0x0000000088900000| Untracked 
| 138|0x0000000088a00000, 0x0000000088a00000, 0x0000000088b00000|  0%| F|  |TAMS 0x0000000088a00000, 0x0000000088a00000| Untracked 
| 139|0x0000000088b00000, 0x0000000088b00000, 0x0000000088c00000|  0%| F|  |TAMS 0x0000000088b00000, 0x0000000088b00000| Untracked 
| 140|0x0000000088c00000, 0x0000000088c00000, 0x0000000088d00000|  0%| F|  |TAMS 0x0000000088c00000, 0x0000000088c00000| Untracked 
| 141|0x0000000088d00000, 0x0000000088d00000, 0x0000000088e00000|  0%| F|  |TAMS 0x0000000088d00000, 0x0000000088d00000| Untracked 
| 142|0x0000000088e00000, 0x0000000088e00000, 0x0000000088f00000|  0%| F|  |TAMS 0x0000000088e00000, 0x0000000088e00000| Untracked 
| 143|0x0000000088f00000, 0x0000000088f00000, 0x0000000089000000|  0%| F|  |TAMS 0x0000000088f00000, 0x0000000088f00000| Untracked 
| 144|0x0000000089000000, 0x0000000089000000, 0x0000000089100000|  0%| F|  |TAMS 0x0000000089000000, 0x0000000089000000| Untracked 
| 145|0x0000000089100000, 0x0000000089100000, 0x0000000089200000|  0%| F|  |TAMS 0x0000000089100000, 0x0000000089100000| Untracked 
| 146|0x0000000089200000, 0x0000000089300000, 0x0000000089300000|100%| O|  |TAMS 0x0000000089300000, 0x0000000089200000| Untracked 
| 147|0x0000000089300000, 0x0000000089300000, 0x0000000089400000|  0%| F|  |TAMS 0x0000000089300000, 0x0000000089300000| Untracked 
| 148|0x0000000089400000, 0x0000000089400000, 0x0000000089500000|  0%| F|  |TAMS 0x0000000089400000, 0x0000000089400000| Untracked 
| 149|0x0000000089500000, 0x0000000089500000, 0x0000000089600000|  0%| F|  |TAMS 0x0000000089500000, 0x0000000089500000| Untracked 
| 150|0x0000000089600000, 0x0000000089600000, 0x0000000089700000|  0%| F|  |TAMS 0x0000000089600000, 0x0000000089600000| Untracked 
| 151|0x0000000089700000, 0x0000000089700000, 0x0000000089800000|  0%| F|  |TAMS 0x0000000089700000, 0x0000000089700000| Untracked 
| 152|0x0000000089800000, 0x0000000089800000, 0x0000000089900000|  0%| F|  |TAMS 0x0000000089800000, 0x0000000089800000| Untracked 
| 153|0x0000000089900000, 0x0000000089900000, 0x0000000089a00000|  0%| F|  |TAMS 0x0000000089900000, 0x0000000089900000| Untracked 
| 154|0x0000000089a00000, 0x0000000089a00000, 0x0000000089b00000|  0%| F|  |TAMS 0x0000000089a00000, 0x0000000089a00000| Untracked 
| 155|0x0000000089b00000, 0x0000000089b00000, 0x0000000089c00000|  0%| F|  |TAMS 0x0000000089b00000, 0x0000000089b00000| Untracked 
| 156|0x0000000089c00000, 0x0000000089c00000, 0x0000000089d00000|  0%| F|  |TAMS 0x0000000089c00000, 0x0000000089c00000| Untracked 
| 157|0x0000000089d00000, 0x0000000089d00000, 0x0000000089e00000|  0%| F|  |TAMS 0x0000000089d00000, 0x0000000089d00000| Untracked 
| 158|0x0000000089e00000, 0x0000000089e00000, 0x0000000089f00000|  0%| F|  |TAMS 0x0000000089e00000, 0x0000000089e00000| Untracked 
| 159|0x0000000089f00000, 0x000000008a000000, 0x000000008a000000|100%| S|CS|TAMS 0x0000000089f00000, 0x0000000089f00000| Complete 
| 160|0x000000008a000000, 0x000000008a100000, 0x000000008a100000|100%| S|CS|TAMS 0x000000008a000000, 0x000000008a000000| Complete 
| 161|0x000000008a100000, 0x000000008a200000, 0x000000008a200000|100%| S|CS|TAMS 0x000000008a100000, 0x000000008a100000| Complete 
| 162|0x000000008a200000, 0x000000008a300000, 0x000000008a300000|100%| S|CS|TAMS 0x000000008a200000, 0x000000008a200000| Complete 
| 163|0x000000008a300000, 0x000000008a400000, 0x000000008a400000|100%| S|CS|TAMS 0x000000008a300000, 0x000000008a300000| Complete 
| 164|0x000000008a400000, 0x000000008a500000, 0x000000008a500000|100%| S|CS|TAMS 0x000000008a400000, 0x000000008a400000| Complete 
| 165|0x000000008a500000, 0x000000008a600000, 0x000000008a600000|100%| S|CS|TAMS 0x000000008a500000, 0x000000008a500000| Complete 
| 166|0x000000008a600000, 0x000000008a700000, 0x000000008a700000|100%| S|CS|TAMS 0x000000008a600000, 0x000000008a600000| Complete 
| 167|0x000000008a700000, 0x000000008a800000, 0x000000008a800000|100%| S|CS|TAMS 0x000000008a700000, 0x000000008a700000| Complete 
| 168|0x000000008a800000, 0x000000008a900000, 0x000000008a900000|100%| S|CS|TAMS 0x000000008a800000, 0x000000008a800000| Complete 
| 169|0x000000008a900000, 0x000000008aa00000, 0x000000008aa00000|100%| S|CS|TAMS 0x000000008a900000, 0x000000008a900000| Complete 
| 170|0x000000008aa00000, 0x000000008ab00000, 0x000000008ab00000|100%| S|CS|TAMS 0x000000008aa00000, 0x000000008aa00000| Complete 
| 171|0x000000008ab00000, 0x000000008ab00000, 0x000000008ac00000|  0%| F|  |TAMS 0x000000008ab00000, 0x000000008ab00000| Untracked 
| 172|0x000000008ac00000, 0x000000008ac00000, 0x000000008ad00000|  0%| F|  |TAMS 0x000000008ac00000, 0x000000008ac00000| Untracked 
| 173|0x000000008ad00000, 0x000000008ad00000, 0x000000008ae00000|  0%| F|  |TAMS 0x000000008ad00000, 0x000000008ad00000| Untracked 
| 174|0x000000008ae00000, 0x000000008ae00000, 0x000000008af00000|  0%| F|  |TAMS 0x000000008ae00000, 0x000000008ae00000| Untracked 
| 175|0x000000008af00000, 0x000000008af00000, 0x000000008b000000|  0%| F|  |TAMS 0x000000008af00000, 0x000000008af00000| Untracked 
| 176|0x000000008b000000, 0x000000008b000000, 0x000000008b100000|  0%| F|  |TAMS 0x000000008b000000, 0x000000008b000000| Untracked 
| 177|0x000000008b100000, 0x000000008b100000, 0x000000008b200000|  0%| F|  |TAMS 0x000000008b100000, 0x000000008b100000| Untracked 
| 178|0x000000008b200000, 0x000000008b200000, 0x000000008b300000|  0%| F|  |TAMS 0x000000008b200000, 0x000000008b200000| Untracked 
| 179|0x000000008b300000, 0x000000008b300000, 0x000000008b400000|  0%| F|  |TAMS 0x000000008b300000, 0x000000008b300000| Untracked 
| 180|0x000000008b400000, 0x000000008b400000, 0x000000008b500000|  0%| F|  |TAMS 0x000000008b400000, 0x000000008b400000| Untracked 
| 181|0x000000008b500000, 0x000000008b500000, 0x000000008b600000|  0%| F|  |TAMS 0x000000008b500000, 0x000000008b500000| Untracked 
| 182|0x000000008b600000, 0x000000008b600000, 0x000000008b700000|  0%| F|  |TAMS 0x000000008b600000, 0x000000008b600000| Untracked 
| 183|0x000000008b700000, 0x000000008b700000, 0x000000008b800000|  0%| F|  |TAMS 0x000000008b700000, 0x000000008b700000| Untracked 
| 184|0x000000008b800000, 0x000000008b800000, 0x000000008b900000|  0%| F|  |TAMS 0x000000008b800000, 0x000000008b800000| Untracked 
| 185|0x000000008b900000, 0x000000008b900000, 0x000000008ba00000|  0%| F|  |TAMS 0x000000008b900000, 0x000000008b900000| Untracked 
| 186|0x000000008ba00000, 0x000000008ba00000, 0x000000008bb00000|  0%| F|  |TAMS 0x000000008ba00000, 0x000000008ba00000| Untracked 
| 187|0x000000008bb00000, 0x000000008bb00000, 0x000000008bc00000|  0%| F|  |TAMS 0x000000008bb00000, 0x000000008bb00000| Untracked 
| 188|0x000000008bc00000, 0x000000008bc00000, 0x000000008bd00000|  0%| F|  |TAMS 0x000000008bc00000, 0x000000008bc00000| Untracked 
| 189|0x000000008bd00000, 0x000000008bd00000, 0x000000008be00000|  0%| F|  |TAMS 0x000000008bd00000, 0x000000008bd00000| Untracked 
| 190|0x000000008be00000, 0x000000008be00000, 0x000000008bf00000|  0%| F|  |TAMS 0x000000008be00000, 0x000000008be00000| Untracked 
| 191|0x000000008bf00000, 0x000000008bf00000, 0x000000008c000000|  0%| F|  |TAMS 0x000000008bf00000, 0x000000008bf00000| Untracked 
| 192|0x000000008c000000, 0x000000008c000000, 0x000000008c100000|  0%| F|  |TAMS 0x000000008c000000, 0x000000008c000000| Untracked 
| 193|0x000000008c100000, 0x000000008c100000, 0x000000008c200000|  0%| F|  |TAMS 0x000000008c100000, 0x000000008c100000| Untracked 
| 194|0x000000008c200000, 0x000000008c200000, 0x000000008c300000|  0%| F|  |TAMS 0x000000008c200000, 0x000000008c200000| Untracked 
| 195|0x000000008c300000, 0x000000008c300000, 0x000000008c400000|  0%| F|  |TAMS 0x000000008c300000, 0x000000008c300000| Untracked 
| 196|0x000000008c400000, 0x000000008c400000, 0x000000008c500000|  0%| F|  |TAMS 0x000000008c400000, 0x000000008c400000| Untracked 
| 197|0x000000008c500000, 0x000000008c500000, 0x000000008c600000|  0%| F|  |TAMS 0x000000008c500000, 0x000000008c500000| Untracked 
| 198|0x000000008c600000, 0x000000008c600000, 0x000000008c700000|  0%| F|  |TAMS 0x000000008c600000, 0x000000008c600000| Untracked 
| 199|0x000000008c700000, 0x000000008c700000, 0x000000008c800000|  0%| F|  |TAMS 0x000000008c700000, 0x000000008c700000| Untracked 
| 200|0x000000008c800000, 0x000000008c800000, 0x000000008c900000|  0%| F|  |TAMS 0x000000008c800000, 0x000000008c800000| Untracked 
| 201|0x000000008c900000, 0x000000008c900000, 0x000000008ca00000|  0%| F|  |TAMS 0x000000008c900000, 0x000000008c900000| Untracked 
| 202|0x000000008ca00000, 0x000000008ca00000, 0x000000008cb00000|  0%| F|  |TAMS 0x000000008ca00000, 0x000000008ca00000| Untracked 
| 203|0x000000008cb00000, 0x000000008cb00000, 0x000000008cc00000|  0%| F|  |TAMS 0x000000008cb00000, 0x000000008cb00000| Untracked 
| 204|0x000000008cc00000, 0x000000008cc00000, 0x000000008cd00000|  0%| F|  |TAMS 0x000000008cc00000, 0x000000008cc00000| Untracked 
| 205|0x000000008cd00000, 0x000000008cd00000, 0x000000008ce00000|  0%| F|  |TAMS 0x000000008cd00000, 0x000000008cd00000| Untracked 
| 206|0x000000008ce00000, 0x000000008ce00000, 0x000000008cf00000|  0%| F|  |TAMS 0x000000008ce00000, 0x000000008ce00000| Untracked 
| 207|0x000000008cf00000, 0x000000008cf00000, 0x000000008d000000|  0%| F|  |TAMS 0x000000008cf00000, 0x000000008cf00000| Untracked 
| 208|0x000000008d000000, 0x000000008d000000, 0x000000008d100000|  0%| F|  |TAMS 0x000000008d000000, 0x000000008d000000| Untracked 
| 209|0x000000008d100000, 0x000000008d100000, 0x000000008d200000|  0%| F|  |TAMS 0x000000008d100000, 0x000000008d100000| Untracked 
| 210|0x000000008d200000, 0x000000008d200000, 0x000000008d300000|  0%| F|  |TAMS 0x000000008d200000, 0x000000008d200000| Untracked 
| 211|0x000000008d300000, 0x000000008d300000, 0x000000008d400000|  0%| F|  |TAMS 0x000000008d300000, 0x000000008d300000| Untracked 
| 212|0x000000008d400000, 0x000000008d400000, 0x000000008d500000|  0%| F|  |TAMS 0x000000008d400000, 0x000000008d400000| Untracked 
| 213|0x000000008d500000, 0x000000008d500000, 0x000000008d600000|  0%| F|  |TAMS 0x000000008d500000, 0x000000008d500000| Untracked 
| 214|0x000000008d600000, 0x000000008d600000, 0x000000008d700000|  0%| F|  |TAMS 0x000000008d600000, 0x000000008d600000| Untracked 
| 215|0x000000008d700000, 0x000000008d700000, 0x000000008d800000|  0%| F|  |TAMS 0x000000008d700000, 0x000000008d700000| Untracked 
| 216|0x000000008d800000, 0x000000008d800000, 0x000000008d900000|  0%| F|  |TAMS 0x000000008d800000, 0x000000008d800000| Untracked 
| 217|0x000000008d900000, 0x000000008d900000, 0x000000008da00000|  0%| F|  |TAMS 0x000000008d900000, 0x000000008d900000| Untracked 
| 218|0x000000008da00000, 0x000000008da00000, 0x000000008db00000|  0%| F|  |TAMS 0x000000008da00000, 0x000000008da00000| Untracked 
| 219|0x000000008db00000, 0x000000008db00000, 0x000000008dc00000|  0%| F|  |TAMS 0x000000008db00000, 0x000000008db00000| Untracked 
| 220|0x000000008dc00000, 0x000000008dc00000, 0x000000008dd00000|  0%| F|  |TAMS 0x000000008dc00000, 0x000000008dc00000| Untracked 
| 221|0x000000008dd00000, 0x000000008dd00000, 0x000000008de00000|  0%| F|  |TAMS 0x000000008dd00000, 0x000000008dd00000| Untracked 
| 222|0x000000008de00000, 0x000000008de00000, 0x000000008df00000|  0%| F|  |TAMS 0x000000008de00000, 0x000000008de00000| Untracked 
| 223|0x000000008df00000, 0x000000008df00000, 0x000000008e000000|  0%| F|  |TAMS 0x000000008df00000, 0x000000008df00000| Untracked 
| 224|0x000000008e000000, 0x000000008e000000, 0x000000008e100000|  0%| F|  |TAMS 0x000000008e000000, 0x000000008e000000| Untracked 
| 225|0x000000008e100000, 0x000000008e100000, 0x000000008e200000|  0%| F|  |TAMS 0x000000008e100000, 0x000000008e100000| Untracked 
| 226|0x000000008e200000, 0x000000008e200000, 0x000000008e300000|  0%| F|  |TAMS 0x000000008e200000, 0x000000008e200000| Untracked 
| 227|0x000000008e300000, 0x000000008e300000, 0x000000008e400000|  0%| F|  |TAMS 0x000000008e300000, 0x000000008e300000| Untracked 
| 228|0x000000008e400000, 0x000000008e400000, 0x000000008e500000|  0%| F|  |TAMS 0x000000008e400000, 0x000000008e400000| Untracked 
| 229|0x000000008e500000, 0x000000008e500000, 0x000000008e600000|  0%| F|  |TAMS 0x000000008e500000, 0x000000008e500000| Untracked 
| 230|0x000000008e600000, 0x000000008e600000, 0x000000008e700000|  0%| F|  |TAMS 0x000000008e600000, 0x000000008e600000| Untracked 
| 231|0x000000008e700000, 0x000000008e700000, 0x000000008e800000|  0%| F|  |TAMS 0x000000008e700000, 0x000000008e700000| Untracked 
| 232|0x000000008e800000, 0x000000008e800000, 0x000000008e900000|  0%| F|  |TAMS 0x000000008e800000, 0x000000008e800000| Untracked 
| 233|0x000000008e900000, 0x000000008e900000, 0x000000008ea00000|  0%| F|  |TAMS 0x000000008e900000, 0x000000008e900000| Untracked 
| 234|0x000000008ea00000, 0x000000008ea00000, 0x000000008eb00000|  0%| F|  |TAMS 0x000000008ea00000, 0x000000008ea00000| Untracked 
| 235|0x000000008eb00000, 0x000000008eb00000, 0x000000008ec00000|  0%| F|  |TAMS 0x000000008eb00000, 0x000000008eb00000| Untracked 
| 236|0x000000008ec00000, 0x000000008ec00000, 0x000000008ed00000|  0%| F|  |TAMS 0x000000008ec00000, 0x000000008ec00000| Untracked 
| 237|0x000000008ed00000, 0x000000008ed00000, 0x000000008ee00000|  0%| F|  |TAMS 0x000000008ed00000, 0x000000008ed00000| Untracked 
| 238|0x000000008ee00000, 0x000000008ee00000, 0x000000008ef00000|  0%| F|  |TAMS 0x000000008ee00000, 0x000000008ee00000| Untracked 
| 239|0x000000008ef00000, 0x000000008ef00000, 0x000000008f000000|  0%| F|  |TAMS 0x000000008ef00000, 0x000000008ef00000| Untracked 
| 240|0x000000008f000000, 0x000000008f000000, 0x000000008f100000|  0%| F|  |TAMS 0x000000008f000000, 0x000000008f000000| Untracked 
| 241|0x000000008f100000, 0x000000008f100000, 0x000000008f200000|  0%| F|  |TAMS 0x000000008f100000, 0x000000008f100000| Untracked 
| 242|0x000000008f200000, 0x000000008f200000, 0x000000008f300000|  0%| F|  |TAMS 0x000000008f200000, 0x000000008f200000| Untracked 
| 243|0x000000008f300000, 0x000000008f300000, 0x000000008f400000|  0%| F|  |TAMS 0x000000008f300000, 0x000000008f300000| Untracked 
| 244|0x000000008f400000, 0x000000008f400000, 0x000000008f500000|  0%| F|  |TAMS 0x000000008f400000, 0x000000008f400000| Untracked 
| 245|0x000000008f500000, 0x000000008f500000, 0x000000008f600000|  0%| F|  |TAMS 0x000000008f500000, 0x000000008f500000| Untracked 
| 246|0x000000008f600000, 0x000000008f600000, 0x000000008f700000|  0%| F|  |TAMS 0x000000008f600000, 0x000000008f600000| Untracked 
| 247|0x000000008f700000, 0x000000008f700000, 0x000000008f800000|  0%| F|  |TAMS 0x000000008f700000, 0x000000008f700000| Untracked 
| 248|0x000000008f800000, 0x000000008f800000, 0x000000008f900000|  0%| F|  |TAMS 0x000000008f800000, 0x000000008f800000| Untracked 
| 249|0x000000008f900000, 0x000000008f900000, 0x000000008fa00000|  0%| F|  |TAMS 0x000000008f900000, 0x000000008f900000| Untracked 
| 250|0x000000008fa00000, 0x000000008fa00000, 0x000000008fb00000|  0%| F|  |TAMS 0x000000008fa00000, 0x000000008fa00000| Untracked 
| 251|0x000000008fb00000, 0x000000008fb00000, 0x000000008fc00000|  0%| F|  |TAMS 0x000000008fb00000, 0x000000008fb00000| Untracked 
| 252|0x000000008fc00000, 0x000000008fc00000, 0x000000008fd00000|  0%| F|  |TAMS 0x000000008fc00000, 0x000000008fc00000| Untracked 
| 253|0x000000008fd00000, 0x000000008fd00000, 0x000000008fe00000|  0%| F|  |TAMS 0x000000008fd00000, 0x000000008fd00000| Untracked 
| 254|0x000000008fe00000, 0x000000008fe00000, 0x000000008ff00000|  0%| F|  |TAMS 0x000000008fe00000, 0x000000008fe00000| Untracked 
| 255|0x000000008ff00000, 0x000000008ff00000, 0x0000000090000000|  0%| F|  |TAMS 0x000000008ff00000, 0x000000008ff00000| Untracked 
| 256|0x0000000090000000, 0x0000000090000000, 0x0000000090100000|  0%| F|  |TAMS 0x0000000090000000, 0x0000000090000000| Untracked 
| 257|0x0000000090100000, 0x0000000090100000, 0x0000000090200000|  0%| F|  |TAMS 0x0000000090100000, 0x0000000090100000| Untracked 
| 258|0x0000000090200000, 0x0000000090200000, 0x0000000090300000|  0%| F|  |TAMS 0x0000000090200000, 0x0000000090200000| Untracked 
| 259|0x0000000090300000, 0x0000000090300000, 0x0000000090400000|  0%| F|  |TAMS 0x0000000090300000, 0x0000000090300000| Untracked 
| 260|0x0000000090400000, 0x0000000090400000, 0x0000000090500000|  0%| F|  |TAMS 0x0000000090400000, 0x0000000090400000| Untracked 
| 261|0x0000000090500000, 0x0000000090500000, 0x0000000090600000|  0%| F|  |TAMS 0x0000000090500000, 0x0000000090500000| Untracked 
| 262|0x0000000090600000, 0x0000000090600000, 0x0000000090700000|  0%| F|  |TAMS 0x0000000090600000, 0x0000000090600000| Untracked 
| 263|0x0000000090700000, 0x0000000090700000, 0x0000000090800000|  0%| F|  |TAMS 0x0000000090700000, 0x0000000090700000| Untracked 
| 264|0x0000000090800000, 0x0000000090800000, 0x0000000090900000|  0%| F|  |TAMS 0x0000000090800000, 0x0000000090800000| Untracked 
| 265|0x0000000090900000, 0x0000000090900000, 0x0000000090a00000|  0%| F|  |TAMS 0x0000000090900000, 0x0000000090900000| Untracked 
| 266|0x0000000090a00000, 0x0000000090a00000, 0x0000000090b00000|  0%| F|  |TAMS 0x0000000090a00000, 0x0000000090a00000| Untracked 
| 267|0x0000000090b00000, 0x0000000090b00000, 0x0000000090c00000|  0%| F|  |TAMS 0x0000000090b00000, 0x0000000090b00000| Untracked 
| 268|0x0000000090c00000, 0x0000000090c00000, 0x0000000090d00000|  0%| F|  |TAMS 0x0000000090c00000, 0x0000000090c00000| Untracked 
| 269|0x0000000090d00000, 0x0000000090d00000, 0x0000000090e00000|  0%| F|  |TAMS 0x0000000090d00000, 0x0000000090d00000| Untracked 
| 270|0x0000000090e00000, 0x0000000090e00000, 0x0000000090f00000|  0%| F|  |TAMS 0x0000000090e00000, 0x0000000090e00000| Untracked 
| 271|0x0000000090f00000, 0x0000000090f00000, 0x0000000091000000|  0%| F|  |TAMS 0x0000000090f00000, 0x0000000090f00000| Untracked 
| 272|0x0000000091000000, 0x0000000091000000, 0x0000000091100000|  0%| F|  |TAMS 0x0000000091000000, 0x0000000091000000| Untracked 
| 273|0x0000000091100000, 0x0000000091100000, 0x0000000091200000|  0%| F|  |TAMS 0x0000000091100000, 0x0000000091100000| Untracked 
| 274|0x0000000091200000, 0x0000000091200000, 0x0000000091300000|  0%| F|  |TAMS 0x0000000091200000, 0x0000000091200000| Untracked 
| 275|0x0000000091300000, 0x0000000091300000, 0x0000000091400000|  0%| F|  |TAMS 0x0000000091300000, 0x0000000091300000| Untracked 
| 276|0x0000000091400000, 0x0000000091400000, 0x0000000091500000|  0%| F|  |TAMS 0x0000000091400000, 0x0000000091400000| Untracked 
| 277|0x0000000091500000, 0x0000000091500000, 0x0000000091600000|  0%| F|  |TAMS 0x0000000091500000, 0x0000000091500000| Untracked 
| 278|0x0000000091600000, 0x0000000091600000, 0x0000000091700000|  0%| F|  |TAMS 0x0000000091600000, 0x0000000091600000| Untracked 
| 279|0x0000000091700000, 0x0000000091700000, 0x0000000091800000|  0%| F|  |TAMS 0x0000000091700000, 0x0000000091700000| Untracked 
| 280|0x0000000091800000, 0x0000000091800000, 0x0000000091900000|  0%| F|  |TAMS 0x0000000091800000, 0x0000000091800000| Untracked 
| 281|0x0000000091900000, 0x0000000091900000, 0x0000000091a00000|  0%| F|  |TAMS 0x0000000091900000, 0x0000000091900000| Untracked 
| 282|0x0000000091a00000, 0x0000000091a00000, 0x0000000091b00000|  0%| F|  |TAMS 0x0000000091a00000, 0x0000000091a00000| Untracked 
| 283|0x0000000091b00000, 0x0000000091b00000, 0x0000000091c00000|  0%| F|  |TAMS 0x0000000091b00000, 0x0000000091b00000| Untracked 
| 284|0x0000000091c00000, 0x0000000091c00000, 0x0000000091d00000|  0%| F|  |TAMS 0x0000000091c00000, 0x0000000091c00000| Untracked 
| 285|0x0000000091d00000, 0x0000000091d00000, 0x0000000091e00000|  0%| F|  |TAMS 0x0000000091d00000, 0x0000000091d00000| Untracked 
| 286|0x0000000091e00000, 0x0000000091e00000, 0x0000000091f00000|  0%| F|  |TAMS 0x0000000091e00000, 0x0000000091e00000| Untracked 
| 287|0x0000000091f00000, 0x0000000091f00000, 0x0000000092000000|  0%| F|  |TAMS 0x0000000091f00000, 0x0000000091f00000| Untracked 
| 288|0x0000000092000000, 0x0000000092000000, 0x0000000092100000|  0%| F|  |TAMS 0x0000000092000000, 0x0000000092000000| Untracked 
| 289|0x0000000092100000, 0x0000000092100000, 0x0000000092200000|  0%| F|  |TAMS 0x0000000092100000, 0x0000000092100000| Untracked 
| 290|0x0000000092200000, 0x0000000092200000, 0x0000000092300000|  0%| F|  |TAMS 0x0000000092200000, 0x0000000092200000| Untracked 
| 291|0x0000000092300000, 0x0000000092300000, 0x0000000092400000|  0%| F|  |TAMS 0x0000000092300000, 0x0000000092300000| Untracked 
| 292|0x0000000092400000, 0x0000000092400000, 0x0000000092500000|  0%| F|  |TAMS 0x0000000092400000, 0x0000000092400000| Untracked 
| 293|0x0000000092500000, 0x0000000092500000, 0x0000000092600000|  0%| F|  |TAMS 0x0000000092500000, 0x0000000092500000| Untracked 
| 294|0x0000000092600000, 0x0000000092600000, 0x0000000092700000|  0%| F|  |TAMS 0x0000000092600000, 0x0000000092600000| Untracked 
| 295|0x0000000092700000, 0x0000000092700000, 0x0000000092800000|  0%| F|  |TAMS 0x0000000092700000, 0x0000000092700000| Untracked 
| 296|0x0000000092800000, 0x0000000092800000, 0x0000000092900000|  0%| F|  |TAMS 0x0000000092800000, 0x0000000092800000| Untracked 
| 297|0x0000000092900000, 0x0000000092900000, 0x0000000092a00000|  0%| F|  |TAMS 0x0000000092900000, 0x0000000092900000| Untracked 
| 298|0x0000000092a00000, 0x0000000092a00000, 0x0000000092b00000|  0%| F|  |TAMS 0x0000000092a00000, 0x0000000092a00000| Untracked 
| 299|0x0000000092b00000, 0x0000000092b00000, 0x0000000092c00000|  0%| F|  |TAMS 0x0000000092b00000, 0x0000000092b00000| Untracked 
| 300|0x0000000092c00000, 0x0000000092c00000, 0x0000000092d00000|  0%| F|  |TAMS 0x0000000092c00000, 0x0000000092c00000| Untracked 
| 301|0x0000000092d00000, 0x0000000092d00000, 0x0000000092e00000|  0%| F|  |TAMS 0x0000000092d00000, 0x0000000092d00000| Untracked 
| 302|0x0000000092e00000, 0x0000000092e00000, 0x0000000092f00000|  0%| F|  |TAMS 0x0000000092e00000, 0x0000000092e00000| Untracked 
| 303|0x0000000092f00000, 0x0000000092f00000, 0x0000000093000000|  0%| F|  |TAMS 0x0000000092f00000, 0x0000000092f00000| Untracked 
| 304|0x0000000093000000, 0x0000000093000000, 0x0000000093100000|  0%| F|  |TAMS 0x0000000093000000, 0x0000000093000000| Untracked 
| 305|0x0000000093100000, 0x0000000093100000, 0x0000000093200000|  0%| F|  |TAMS 0x0000000093100000, 0x0000000093100000| Untracked 
| 306|0x0000000093200000, 0x0000000093200000, 0x0000000093300000|  0%| F|  |TAMS 0x0000000093200000, 0x0000000093200000| Untracked 
| 307|0x0000000093300000, 0x0000000093300000, 0x0000000093400000|  0%| F|  |TAMS 0x0000000093300000, 0x0000000093300000| Untracked 
| 308|0x0000000093400000, 0x0000000093400000, 0x0000000093500000|  0%| F|  |TAMS 0x0000000093400000, 0x0000000093400000| Untracked 
| 309|0x0000000093500000, 0x0000000093500000, 0x0000000093600000|  0%| F|  |TAMS 0x0000000093500000, 0x0000000093500000| Untracked 
| 310|0x0000000093600000, 0x0000000093600000, 0x0000000093700000|  0%| F|  |TAMS 0x0000000093600000, 0x0000000093600000| Untracked 
| 311|0x0000000093700000, 0x0000000093700000, 0x0000000093800000|  0%| F|  |TAMS 0x0000000093700000, 0x0000000093700000| Untracked 
| 312|0x0000000093800000, 0x0000000093800000, 0x0000000093900000|  0%| F|  |TAMS 0x0000000093800000, 0x0000000093800000| Untracked 
| 313|0x0000000093900000, 0x0000000093900000, 0x0000000093a00000|  0%| F|  |TAMS 0x0000000093900000, 0x0000000093900000| Untracked 
| 314|0x0000000093a00000, 0x0000000093a00000, 0x0000000093b00000|  0%| F|  |TAMS 0x0000000093a00000, 0x0000000093a00000| Untracked 
| 315|0x0000000093b00000, 0x0000000093b00000, 0x0000000093c00000|  0%| F|  |TAMS 0x0000000093b00000, 0x0000000093b00000| Untracked 
| 316|0x0000000093c00000, 0x0000000093c00000, 0x0000000093d00000|  0%| F|  |TAMS 0x0000000093c00000, 0x0000000093c00000| Untracked 
| 317|0x0000000093d00000, 0x0000000093d00000, 0x0000000093e00000|  0%| F|  |TAMS 0x0000000093d00000, 0x0000000093d00000| Untracked 
| 318|0x0000000093e00000, 0x0000000093e00000, 0x0000000093f00000|  0%| F|  |TAMS 0x0000000093e00000, 0x0000000093e00000| Untracked 
| 319|0x0000000093f00000, 0x0000000093f00000, 0x0000000094000000|  0%| F|  |TAMS 0x0000000093f00000, 0x0000000093f00000| Untracked 
| 320|0x0000000094000000, 0x0000000094000000, 0x0000000094100000|  0%| F|  |TAMS 0x0000000094000000, 0x0000000094000000| Untracked 
| 321|0x0000000094100000, 0x0000000094100000, 0x0000000094200000|  0%| F|  |TAMS 0x0000000094100000, 0x0000000094100000| Untracked 
| 322|0x0000000094200000, 0x0000000094200000, 0x0000000094300000|  0%| F|  |TAMS 0x0000000094200000, 0x0000000094200000| Untracked 
| 323|0x0000000094300000, 0x0000000094300000, 0x0000000094400000|  0%| F|  |TAMS 0x0000000094300000, 0x0000000094300000| Untracked 
| 324|0x0000000094400000, 0x0000000094480800, 0x0000000094500000| 50%| E|  |TAMS 0x0000000094400000, 0x0000000094400000| Complete 
| 325|0x0000000094500000, 0x0000000094600000, 0x0000000094600000|100%| E|CS|TAMS 0x0000000094500000, 0x0000000094500000| Complete 
| 326|0x0000000094600000, 0x0000000094700000, 0x0000000094700000|100%| E|CS|TAMS 0x0000000094600000, 0x0000000094600000| Complete 
| 327|0x0000000094700000, 0x0000000094800000, 0x0000000094800000|100%| E|CS|TAMS 0x0000000094700000, 0x0000000094700000| Complete 
| 328|0x0000000094800000, 0x0000000094900000, 0x0000000094900000|100%| E|CS|TAMS 0x0000000094800000, 0x0000000094800000| Complete 
| 329|0x0000000094900000, 0x0000000094a00000, 0x0000000094a00000|100%| E|CS|TAMS 0x0000000094900000, 0x0000000094900000| Complete 
| 330|0x0000000094a00000, 0x0000000094b00000, 0x0000000094b00000|100%| E|CS|TAMS 0x0000000094a00000, 0x0000000094a00000| Complete 
| 331|0x0000000094b00000, 0x0000000094c00000, 0x0000000094c00000|100%| E|CS|TAMS 0x0000000094b00000, 0x0000000094b00000| Complete 
| 332|0x0000000094c00000, 0x0000000094d00000, 0x0000000094d00000|100%| E|CS|TAMS 0x0000000094c00000, 0x0000000094c00000| Complete 
| 333|0x0000000094d00000, 0x0000000094e00000, 0x0000000094e00000|100%| E|CS|TAMS 0x0000000094d00000, 0x0000000094d00000| Complete 
| 334|0x0000000094e00000, 0x0000000094f00000, 0x0000000094f00000|100%| E|CS|TAMS 0x0000000094e00000, 0x0000000094e00000| Complete 
| 335|0x0000000094f00000, 0x0000000095000000, 0x0000000095000000|100%| E|CS|TAMS 0x0000000094f00000, 0x0000000094f00000| Complete 
| 336|0x0000000095000000, 0x0000000095100000, 0x0000000095100000|100%| E|CS|TAMS 0x0000000095000000, 0x0000000095000000| Complete 
| 337|0x0000000095100000, 0x0000000095200000, 0x0000000095200000|100%| E|CS|TAMS 0x0000000095100000, 0x0000000095100000| Complete 
| 338|0x0000000095200000, 0x0000000095300000, 0x0000000095300000|100%| E|CS|TAMS 0x0000000095200000, 0x0000000095200000| Complete 
| 339|0x0000000095300000, 0x0000000095400000, 0x0000000095400000|100%| E|CS|TAMS 0x0000000095300000, 0x0000000095300000| Complete 
| 340|0x0000000095400000, 0x0000000095500000, 0x0000000095500000|100%| E|CS|TAMS 0x0000000095400000, 0x0000000095400000| Complete 
| 341|0x0000000095500000, 0x0000000095600000, 0x0000000095600000|100%| E|CS|TAMS 0x0000000095500000, 0x0000000095500000| Complete 
| 342|0x0000000095600000, 0x0000000095700000, 0x0000000095700000|100%| E|CS|TAMS 0x0000000095600000, 0x0000000095600000| Complete 
| 343|0x0000000095700000, 0x0000000095800000, 0x0000000095800000|100%| E|CS|TAMS 0x0000000095700000, 0x0000000095700000| Complete 
| 344|0x0000000095800000, 0x0000000095900000, 0x0000000095900000|100%| E|CS|TAMS 0x0000000095800000, 0x0000000095800000| Complete 
| 345|0x0000000095900000, 0x0000000095a00000, 0x0000000095a00000|100%| E|CS|TAMS 0x0000000095900000, 0x0000000095900000| Complete 
| 346|0x0000000095a00000, 0x0000000095b00000, 0x0000000095b00000|100%| E|CS|TAMS 0x0000000095a00000, 0x0000000095a00000| Complete 
| 347|0x0000000095b00000, 0x0000000095c00000, 0x0000000095c00000|100%| E|CS|TAMS 0x0000000095b00000, 0x0000000095b00000| Complete 
| 348|0x0000000095c00000, 0x0000000095d00000, 0x0000000095d00000|100%| E|CS|TAMS 0x0000000095c00000, 0x0000000095c00000| Complete 
| 349|0x0000000095d00000, 0x0000000095e00000, 0x0000000095e00000|100%| E|CS|TAMS 0x0000000095d00000, 0x0000000095d00000| Complete 
| 350|0x0000000095e00000, 0x0000000095f00000, 0x0000000095f00000|100%| E|CS|TAMS 0x0000000095e00000, 0x0000000095e00000| Complete 
| 351|0x0000000095f00000, 0x0000000096000000, 0x0000000096000000|100%| E|CS|TAMS 0x0000000095f00000, 0x0000000095f00000| Complete 
| 352|0x0000000096000000, 0x0000000096100000, 0x0000000096100000|100%| E|CS|TAMS 0x0000000096000000, 0x0000000096000000| Complete 
| 353|0x0000000096100000, 0x0000000096200000, 0x0000000096200000|100%| E|CS|TAMS 0x0000000096100000, 0x0000000096100000| Complete 
| 354|0x0000000096200000, 0x0000000096300000, 0x0000000096300000|100%| E|CS|TAMS 0x0000000096200000, 0x0000000096200000| Complete 
| 355|0x0000000096300000, 0x0000000096400000, 0x0000000096400000|100%| E|CS|TAMS 0x0000000096300000, 0x0000000096300000| Complete 

Card table byte_map: [0x000001772f5b0000,0x000001772f9b0000] _byte_map_base: 0x000001772f1b0000

Marking Bits (Prev, Next): (CMBitMap*) 0x000001771c3d1d98, (CMBitMap*) 0x000001771c3d1dd0
 Prev Bits: [0x000001772fdb0000, 0x0000017731db0000)
 Next Bits: [0x0000017731db0000, 0x0000017733db0000)

Polling page: 0x000001771a340000

Metaspace:

Usage:
  Non-class:    100.73 MB capacity,    99.14 MB ( 98%) used,     1.28 MB (  1%) free+waste,   316.00 KB ( <1%) overhead. 
      Class:     15.04 MB capacity,    14.10 MB ( 94%) used,   824.59 KB (  5%) free+waste,   138.63 KB ( <1%) overhead. 
       Both:    115.77 MB capacity,   113.24 MB ( 98%) used,     2.09 MB (  2%) free+waste,   454.63 KB ( <1%) overhead. 

Virtual space:
  Non-class space:      102.00 MB reserved,     100.84 MB ( 99%) committed 
      Class space:        1.00 GB reserved,      15.13 MB (  1%) committed 
             Both:        1.10 GB reserved,     115.96 MB ( 10%) committed 

Chunk freelists:
   Non-Class:  50.00 KB
       Class:  18.00 KB
        Both:  68.00 KB

MaxMetaspaceSize: 17179869184.00 GB
CompressedClassSpaceSize: 1.00 GB

CodeHeap 'non-profiled nmethods': size=120000Kb used=10216Kb max_used=10216Kb free=109783Kb
 bounds [0x0000017727950000, 0x0000017728350000, 0x000001772ee80000]
CodeHeap 'profiled nmethods': size=120000Kb used=36898Kb max_used=36898Kb free=83101Kb
 bounds [0x0000017720420000, 0x0000017722830000, 0x0000017727950000]
CodeHeap 'non-nmethods': size=5760Kb used=2352Kb max_used=2392Kb free=3407Kb
 bounds [0x000001771fe80000, 0x00000177200f0000, 0x0000017720420000]
 total_blobs=18131 nmethods=17153 adapters=888
 compilation: enabled
              stopped_count=0, restarted_count=0
 full_count=0

Compilation events (20 events):
Event: 47.237 Thread 0x0000017736834800 17501       2       com.sun.tools.javac.code.Type::typeNoMetadata (19 bytes)
Event: 47.237 Thread 0x0000017736834800 nmethod 17501 0x00000177227f9e90 code [0x00000177227fa040, 0x00000177227fa168]
Event: 47.238 Thread 0x0000017736834800 17502       1       com.sun.tools.javac.code.Type::isPartial (2 bytes)
Event: 47.241 Thread 0x0000017736834800 nmethod 17502 0x0000017728347f90 code [0x0000017728348140, 0x00000177283481f8]
Event: 47.241 Thread 0x0000017736834800 17504       2       com.sun.tools.javac.code.Types$12::visitClassType (10 bytes)
Event: 47.245 Thread 0x0000017736834800 nmethod 17504 0x00000177227fa210 code [0x00000177227fa3c0, 0x00000177227fa508]
Event: 47.246 Thread 0x0000017736834800 17505   !   2       com.sun.tools.javac.jvm.ClassReader$AnnotationDeproxy::findAccessMethod (241 bytes)
Event: 47.252 Thread 0x0000017736834800 nmethod 17505 0x00000177227fa610 code [0x00000177227fa9c0, 0x00000177227fc038]
Event: 47.252 Thread 0x0000017736834800 17503       2       com.sun.tools.javac.code.Types::asSuper (35 bytes)
Event: 47.253 Thread 0x0000017736834800 nmethod 17503 0x00000177227fce90 code [0x00000177227fd060, 0x00000177227fd208]
Event: 47.268 Thread 0x0000017736834800 17506       1       com.sun.tools.javac.util.ListBuffer::size (5 bytes)
Event: 47.269 Thread 0x0000017736834800 nmethod 17506 0x0000017728348290 code [0x0000017728348440, 0x00000177283484f8]
Event: 47.269 Thread 0x0000017736834800 17507   !   2       com.sun.tools.javac.comp.Annotate$TypeAnnotate::visitVarDef (74 bytes)
Event: 47.271 Thread 0x0000017736834800 nmethod 17507 0x00000177227fd310 code [0x00000177227fd500, 0x00000177227fd888]
Event: 47.272 Thread 0x0000017736834800 17510       2       com.sun.tools.javac.code.Types::isSubtype (183 bytes)
Event: 47.277 Thread 0x0000017736834800 nmethod 17510 0x00000177227fdb10 code [0x00000177227fde80, 0x00000177227feab8]
Event: 47.277 Thread 0x0000017736834800 17508       2       com.sun.tools.javac.comp.Annotate$TypeAnnotate::visitMethodDef (57 bytes)
Event: 47.279 Thread 0x0000017736834800 nmethod 17508 0x00000177227ff190 code [0x00000177227ff3c0, 0x00000177227ff8e8]
Event: 47.279 Thread 0x0000017736834800 17511       2       com.sun.tools.javac.file.PathFileObject::openInputStream (19 bytes)
Event: 47.281 Thread 0x0000017736834800 nmethod 17511 0x00000177227ffc90 code [0x00000177227ffe80, 0x0000017722800268]

GC Heap History (20 events):
Event: 37.097 GC heap before
{Heap before GC invocations=44 (full 0):
 garbage-first heap   total 189440K, used 129498K [0x0000000080000000, 0x0000000100000000)
  region size 1024K, 21 young (21504K), 2 survivors (2048K)
 Metaspace       used 98324K, capacity 100613K, committed 101084K, reserved 1136640K
  class space    used 12466K, capacity 13317K, committed 13440K, reserved 1048576K
}
Event: 37.102 GC heap after
{Heap after GC invocations=45 (full 0):
 garbage-first heap   total 227328K, used 110850K [0x0000000080000000, 0x0000000100000000)
  region size 1024K, 3 young (3072K), 3 survivors (3072K)
 Metaspace       used 98324K, capacity 100613K, committed 101084K, reserved 1136640K
  class space    used 12466K, capacity 13317K, committed 13440K, reserved 1048576K
}
Event: 37.513 GC heap before
{Heap before GC invocations=46 (full 0):
 garbage-first heap   total 227328K, used 161026K [0x0000000080000000, 0x0000000100000000)
  region size 1024K, 52 young (53248K), 3 survivors (3072K)
 Metaspace       used 99411K, capacity 101706K, committed 102236K, reserved 1138688K
  class space    used 12538K, capacity 13382K, committed 13568K, reserved 1048576K
}
Event: 37.520 GC heap after
{Heap after GC invocations=47 (full 0):
 garbage-first heap   total 227328K, used 116000K [0x0000000080000000, 0x0000000100000000)
  region size 1024K, 7 young (7168K), 7 survivors (7168K)
 Metaspace       used 99411K, capacity 101706K, committed 102236K, reserved 1138688K
  class space    used 12538K, capacity 13382K, committed 13568K, reserved 1048576K
}
Event: 37.563 GC heap before
{Heap before GC invocations=47 (full 0):
 garbage-first heap   total 227328K, used 120096K [0x0000000080000000, 0x0000000100000000)
  region size 1024K, 11 young (11264K), 7 survivors (7168K)
 Metaspace       used 99419K, capacity 101770K, committed 102236K, reserved 1138688K
  class space    used 12538K, capacity 13382K, committed 13568K, reserved 1048576K
}
Event: 37.568 GC heap after
{Heap after GC invocations=48 (full 0):
 garbage-first heap   total 227328K, used 95415K [0x0000000080000000, 0x0000000100000000)
  region size 1024K, 2 young (2048K), 2 survivors (2048K)
 Metaspace       used 99419K, capacity 101770K, committed 102236K, reserved 1138688K
  class space    used 12538K, capacity 13382K, committed 13568K, reserved 1048576K
}
Event: 38.134 GC heap before
{Heap before GC invocations=48 (full 0):
 garbage-first heap   total 227328K, used 156855K [0x0000000080000000, 0x0000000100000000)
  region size 1024K, 63 young (64512K), 2 survivors (2048K)
 Metaspace       used 100971K, capacity 103305K, committed 103644K, reserved 1138688K
  class space    used 12714K, capacity 13568K, committed 13696K, reserved 1048576K
}
Event: 38.136 GC heap after
{Heap after GC invocations=49 (full 0):
 garbage-first heap   total 227328K, used 95351K [0x0000000080000000, 0x0000000100000000)
  region size 1024K, 2 young (2048K), 2 survivors (2048K)
 Metaspace       used 100971K, capacity 103305K, committed 103644K, reserved 1138688K
  class space    used 12714K, capacity 13568K, committed 13696K, reserved 1048576K
}
Event: 38.666 GC heap before
{Heap before GC invocations=49 (full 0):
 garbage-first heap   total 227328K, used 161911K [0x0000000080000000, 0x0000000100000000)
  region size 1024K, 68 young (69632K), 2 survivors (2048K)
 Metaspace       used 104095K, capacity 106322K, committed 106588K, reserved 1142784K
  class space    used 13102K, capacity 13927K, committed 14080K, reserved 1048576K
}
Event: 38.670 GC heap after
{Heap after GC invocations=50 (full 0):
 garbage-first heap   total 227328K, used 98609K [0x0000000080000000, 0x0000000100000000)
  region size 1024K, 5 young (5120K), 5 survivors (5120K)
 Metaspace       used 104095K, capacity 106322K, committed 106588K, reserved 1142784K
  class space    used 13102K, capacity 13927K, committed 14080K, reserved 1048576K
}
Event: 39.160 GC heap before
{Heap before GC invocations=50 (full 0):
 garbage-first heap   total 227328K, used 168241K [0x0000000080000000, 0x0000000100000000)
  region size 1024K, 74 young (75776K), 5 survivors (5120K)
 Metaspace       used 105131K, capacity 107437K, committed 107740K, reserved 1142784K
  class space    used 13222K, capacity 14054K, committed 14208K, reserved 1048576K
}
Event: 39.170 GC heap after
{Heap after GC invocations=51 (full 0):
 garbage-first heap   total 273408K, used 103315K [0x0000000080000000, 0x0000000100000000)
  region size 1024K, 9 young (9216K), 9 survivors (9216K)
 Metaspace       used 105131K, capacity 107437K, committed 107740K, reserved 1142784K
  class space    used 13222K, capacity 14054K, committed 14208K, reserved 1048576K
}
Event: 40.100 GC heap before
{Heap before GC invocations=51 (full 0):
 garbage-first heap   total 273408K, used 198547K [0x0000000080000000, 0x0000000100000000)
  region size 1024K, 103 young (105472K), 9 survivors (9216K)
 Metaspace       used 105367K, capacity 107688K, committed 107996K, reserved 1142784K
  class space    used 13240K, capacity 14091K, committed 14208K, reserved 1048576K
}
Event: 40.127 GC heap after
{Heap after GC invocations=52 (full 0):
 garbage-first heap   total 273408K, used 113815K [0x0000000080000000, 0x0000000100000000)
  region size 1024K, 13 young (13312K), 13 survivors (13312K)
 Metaspace       used 105367K, capacity 107688K, committed 107996K, reserved 1142784K
  class space    used 13240K, capacity 14091K, committed 14208K, reserved 1048576K
}
Event: 43.433 GC heap before
{Heap before GC invocations=52 (full 0):
 garbage-first heap   total 273408K, used 204951K [0x0000000080000000, 0x0000000100000000)
  region size 1024K, 103 young (105472K), 13 survivors (13312K)
 Metaspace       used 106990K, capacity 109463K, committed 109788K, reserved 1144832K
  class space    used 13425K, capacity 14346K, committed 14464K, reserved 1048576K
}
Event: 43.463 GC heap after
{Heap after GC invocations=53 (full 0):
 garbage-first heap   total 273408K, used 118838K [0x0000000080000000, 0x0000000100000000)
  region size 1024K, 9 young (9216K), 9 survivors (9216K)
 Metaspace       used 106990K, capacity 109463K, committed 109788K, reserved 1144832K
  class space    used 13425K, capacity 14346K, committed 14464K, reserved 1048576K
}
Event: 44.078 GC heap before
{Heap before GC invocations=53 (full 0):
 garbage-first heap   total 273408K, used 208950K [0x0000000080000000, 0x0000000100000000)
  region size 1024K, 98 young (100352K), 9 survivors (9216K)
 Metaspace       used 108149K, capacity 110745K, committed 110940K, reserved 1146880K
  class space    used 13554K, capacity 14475K, committed 14592K, reserved 1048576K
}
Event: 44.102 GC heap after
{Heap after GC invocations=54 (full 0):
 garbage-first heap   total 273408K, used 118826K [0x0000000080000000, 0x0000000100000000)
  region size 1024K, 3 young (3072K), 3 survivors (3072K)
 Metaspace       used 108149K, capacity 110745K, committed 110940K, reserved 1146880K
  class space    used 13554K, capacity 14475K, committed 14592K, reserved 1048576K
}
Event: 46.702 GC heap before
{Heap before GC invocations=54 (full 0):
 garbage-first heap   total 273408K, used 215082K [0x0000000080000000, 0x0000000100000000)
  region size 1024K, 96 young (98304K), 3 survivors (3072K)
 Metaspace       used 115194K, capacity 117782K, committed 117852K, reserved 1153024K
  class space    used 14396K, capacity 15349K, committed 15360K, reserved 1048576K
}
Event: 46.728 GC heap after
{Heap after GC invocations=55 (full 0):
 garbage-first heap   total 364544K, used 136192K [0x0000000080000000, 0x0000000100000000)
  region size 1024K, 12 young (12288K), 12 survivors (12288K)
 Metaspace       used 115194K, capacity 117782K, committed 117852K, reserved 1153024K
  class space    used 14396K, capacity 15349K, committed 15360K, reserved 1048576K
}

Deoptimization events (20 events):
Event: 46.662 Thread 0x0000017741121000 DEOPT PACKING pc=0x0000017728325b5c sp=0x00000059e0af8790
Event: 46.662 Thread 0x0000017741121000 DEOPT UNPACKING pc=0x000001771fea78af sp=0x00000059e0af86f8 mode 2
Event: 46.662 Thread 0x0000017741121000 Uncommon trap: trap_request=0xffffffbe fr.pc=0x0000017728325b5c relative=0x000000000000077c
Event: 46.662 Thread 0x0000017741121000 Uncommon trap: reason=profile_predicate action=maybe_recompile pc=0x0000017728325b5c method=sun.nio.fs.WindowsPath.compareTo(Ljava/nio/file/Path;)I @ 53 c2
Event: 46.662 Thread 0x0000017741121000 DEOPT PACKING pc=0x0000017728325b5c sp=0x00000059e0af8790
Event: 46.662 Thread 0x0000017741121000 DEOPT UNPACKING pc=0x000001771fea78af sp=0x00000059e0af86f8 mode 2
Event: 46.662 Thread 0x0000017741121000 Uncommon trap: trap_request=0xffffffbe fr.pc=0x0000017728325b5c relative=0x000000000000077c
Event: 46.662 Thread 0x0000017741121000 Uncommon trap: reason=profile_predicate action=maybe_recompile pc=0x0000017728325b5c method=sun.nio.fs.WindowsPath.compareTo(Ljava/nio/file/Path;)I @ 53 c2
Event: 46.662 Thread 0x0000017741121000 DEOPT PACKING pc=0x0000017728325b5c sp=0x00000059e0af8790
Event: 46.662 Thread 0x0000017741121000 DEOPT UNPACKING pc=0x000001771fea78af sp=0x00000059e0af86f8 mode 2
Event: 46.729 Thread 0x0000017741121000 Uncommon trap: trap_request=0xfffffff4 fr.pc=0x00000177283279e4 relative=0x0000000000000de4
Event: 46.729 Thread 0x0000017741121000 Uncommon trap: reason=null_check action=make_not_entrant pc=0x00000177283279e4 method=com.sun.tools.javac.util.UnsharedNameTable.fromUtf([BII)Lcom/sun/tools/javac/util/Name; @ 50 c2
Event: 46.729 Thread 0x0000017741121000 DEOPT PACKING pc=0x00000177283279e4 sp=0x00000059e0af87d0
Event: 46.729 Thread 0x0000017741121000 DEOPT UNPACKING pc=0x000001771fea78af sp=0x00000059e0af8788 mode 2
Event: 47.029 Thread 0x0000017741121000 DEOPT PACKING pc=0x00000177218ac32b sp=0x00000059e0af82d0
Event: 47.029 Thread 0x0000017741121000 DEOPT UNPACKING pc=0x000001771fea76ce sp=0x00000059e0af77d0 mode 0
Event: 47.218 Thread 0x0000017741121000 Uncommon trap: trap_request=0xffffff4d fr.pc=0x000001772833a6f0 relative=0x0000000000000130
Event: 47.218 Thread 0x0000017741121000 Uncommon trap: reason=unstable_if action=reinterpret pc=0x000001772833a6f0 method=com.sun.tools.javac.file.BaseFileManager.getKind(Ljava/lang/String;)Ljavax/tools/JavaFileObject$Kind; @ 10 c2
Event: 47.218 Thread 0x0000017741121000 DEOPT PACKING pc=0x000001772833a6f0 sp=0x00000059e0af8670
Event: 47.218 Thread 0x0000017741121000 DEOPT UNPACKING pc=0x000001771fea78af sp=0x00000059e0af8618 mode 2

Classes redefined (0 events):
No events

Internal exceptions (20 events):
Event: 40.239 Thread 0x0000017741121000 Exception <a 'java/lang/NoSuchMethodError'{0x000000008fc17660}: <clinit>> (0x000000008fc17660) thrown at [./src/hotspot/share/prims/jni.cpp, line 1362]
Event: 40.239 Thread 0x0000017741121000 Exception <a 'java/lang/NoSuchMethodError'{0x000000008fc18b40}: <clinit>> (0x000000008fc18b40) thrown at [./src/hotspot/share/prims/jni.cpp, line 1362]
Event: 40.284 Thread 0x0000017741121000 Exception <a 'java/lang/NoSuchMethodError'{0x000000008f8dec90}: <clinit>> (0x000000008f8dec90) thrown at [./src/hotspot/share/prims/jni.cpp, line 1362]
Event: 40.290 Thread 0x0000017741121000 Exception <a 'java/lang/NoSuchMethodError'{0x000000008f4069a8}: <clinit>> (0x000000008f4069a8) thrown at [./src/hotspot/share/prims/jni.cpp, line 1362]
Event: 40.292 Thread 0x0000017741121000 Exception <a 'java/lang/NoSuchMethodError'{0x000000008f419500}: <clinit>> (0x000000008f419500) thrown at [./src/hotspot/share/prims/jni.cpp, line 1362]
Event: 40.561 Thread 0x0000017741124800 Exception <a 'java/lang/NoSuchMethodError'{0x000000008d462660}: 'void java.lang.invoke.DirectMethodHandle$Holder.invokeStatic(java.lang.Object, long)'> (0x000000008d462660) thrown at [./src/hotspot/share/interpreter/linkResolver.cpp, line 773]
Event: 40.566 Thread 0x0000017741124800 Exception <a 'java/lang/NoSuchMethodError'{0x000000008d467878}: 'java.lang.Object java.lang.invoke.DirectMethodHandle$Holder.invokeStatic(java.lang.Object, long)'> (0x000000008d467878) thrown at [./src/hotspot/share/interpreter/linkResolver.cpp, line 773]
Event: 40.572 Thread 0x0000017741124800 Exception <a 'java/lang/NoSuchMethodError'{0x000000008d475d50}: 'java.lang.Object java.lang.invoke.DirectMethodHandle$Holder.invokeStaticInit(java.lang.Object, java.lang.Object, long, java.lang.Object)'> (0x000000008d475d50) thrown at [./src/hotspot/share/interpreter/linkResolver.cpp, line 773]
Event: 40.573 Thread 0x0000017741124800 Exception <a 'java/lang/NoSuchMethodError'{0x000000008d47bee8}: 'java.lang.Object java.lang.invoke.DirectMethodHandle$Holder.invokeStatic(java.lang.Object, java.lang.Object, long)'> (0x000000008d47bee8) thrown at [./src/hotspot/share/interpreter/linkResolver.cpp, line 773]
Event: 40.575 Thread 0x0000017741124800 Exception <a 'java/lang/NoSuchMethodError'{0x000000008d482460}: 'java.lang.Object java.lang.invoke.Invokers$Holder.linkToTargetMethod(java.lang.Object, long, java.lang.Object)'> (0x000000008d482460) thrown at [./src/hotspot/share/interpreter/linkResolver.cpp, line 773]
Event: 40.962 Thread 0x0000017741124800 Exception <a 'java/lang/NoSuchMethodError'{0x000000008d1c7890}: 'int java.lang.invoke.DirectMethodHandle$Holder.invokeSpecialIFC(java.lang.Object, java.lang.Object, java.lang.Object)'> (0x000000008d1c7890) thrown at [./src/hotspot/share/interpreter/linkResolver.cpp, line 773]
Event: 43.483 Thread 0x0000017741124800 Exception <a 'sun/nio/fs/WindowsException'{0x00000000903050d0}> (0x00000000903050d0) thrown at [./src/hotspot/share/prims/jni.cpp, line 615]
Event: 43.485 Thread 0x0000017741124800 Exception <a 'sun/nio/fs/WindowsException'{0x000000009031e578}> (0x000000009031e578) thrown at [./src/hotspot/share/prims/jni.cpp, line 615]
Event: 43.485 Thread 0x0000017741124800 Exception <a 'sun/nio/fs/WindowsException'{0x000000009031e660}> (0x000000009031e660) thrown at [./src/hotspot/share/prims/jni.cpp, line 615]
Event: 44.924 Thread 0x0000017741121000 Exception <a 'java/lang/NoSuchMethodError'{0x000000008ddbff88}: 'java.lang.Object java.lang.invoke.Invokers$Holder.linkToTargetMethod(java.lang.Object, java.lang.Object, java.lang.Object, int, int, java.lang.Object)'> (0x000000008ddbff88) thrown at [./src/hotspot/share/interpreter/linkResolver.cpp, line 773]
Event: 45.120 Thread 0x0000017741121000 Exception <a 'java/lang/NoSuchMethodError'{0x000000008cc53680}: 'int java.lang.invoke.DirectMethodHandle$Holder.invokeVirtual(java.lang.Object, java.lang.Object, java.lang.Object)'> (0x000000008cc53680) thrown at [./src/hotspot/share/interpreter/linkResolver.cpp, line 773]
Event: 45.225 Thread 0x0000017741121000 Exception <a 'sun/nio/fs/WindowsException'{0x000000008c6a3158}> (0x000000008c6a3158) thrown at [./src/hotspot/share/prims/jni.cpp, line 615]
Event: 45.226 Thread 0x0000017741121000 Exception <a 'sun/nio/fs/WindowsException'{0x000000008c6a3260}> (0x000000008c6a3260) thrown at [./src/hotspot/share/prims/jni.cpp, line 615]
Event: 45.227 Thread 0x0000017741121000 Implicit null exception at 0x0000017727ab722c to 0x0000017727ab73da
Event: 46.729 Thread 0x0000017741121000 Implicit null exception at 0x0000017728326e11 to 0x00000177283279a0

Events (20 events):
Event: 47.078 Executing VM operation: Deoptimize
Event: 47.080 Executing VM operation: Deoptimize done
Event: 47.252 loading class com/sun/tools/javac/code/Type
Event: 47.252 loading class com/sun/tools/javac/code/Type done
Event: 47.253 loading class com/sun/tools/javac/comp/Resolve
Event: 47.253 loading class com/sun/tools/javac/comp/Resolve done
Event: 47.259 loading class com/sun/tools/javac/code/Type
Event: 47.259 loading class com/sun/tools/javac/code/Type done
Event: 47.259 loading class com/sun/tools/javac/code/Type
Event: 47.259 loading class com/sun/tools/javac/code/Type done
Event: 47.307 loading class com/sun/tools/javac/code/Attribute
Event: 47.307 loading class com/sun/tools/javac/code/Attribute done
Event: 47.310 loading class com/sun/tools/javac/code/Attribute
Event: 47.310 loading class com/sun/tools/javac/code/Attribute done
Event: 47.316 loading class com/sun/tools/javac/code/Symbol
Event: 47.316 loading class com/sun/tools/javac/code/Symbol done
Event: 47.317 loading class com/sun/tools/javac/code/Attribute
Event: 47.317 loading class com/sun/tools/javac/code/Attribute done
Event: 47.317 loading class com/sun/tools/javac/code/TypeAnnotations
Event: 47.317 loading class com/sun/tools/javac/code/TypeAnnotations done


Dynamic libraries:
0x00007ff607e20000 - 0x00007ff607e2a000 	C:\Program Files\Android\Android Studio\jre\bin\java.exe
0x00007fffffdf0000 - 0x00007ffffffe5000 	C:\WINDOWS\SYSTEM32\ntdll.dll
0x00007fffff280000 - 0x00007fffff33e000 	C:\WINDOWS\System32\KERNEL32.DLL
0x00007ffffdaf0000 - 0x00007ffffddb8000 	C:\WINDOWS\System32\KERNELBASE.dll
0x00007ffffddc0000 - 0x00007ffffdec0000 	C:\WINDOWS\System32\ucrtbase.dll
0x00007fffdda40000 - 0x00007fffdda57000 	C:\Program Files\Android\Android Studio\jre\bin\VCRUNTIME140.dll
0x00007fffceff0000 - 0x00007fffcf009000 	C:\Program Files\Android\Android Studio\jre\bin\jli.dll
0x00007ffffecc0000 - 0x00007ffffee61000 	C:\WINDOWS\System32\USER32.dll
0x00007ffffda60000 - 0x00007ffffda82000 	C:\WINDOWS\System32\win32u.dll
0x00007ff800010000 - 0x00007ff80003b000 	C:\WINDOWS\System32\GDI32.dll
0x00007ffffd950000 - 0x00007ffffda5d000 	C:\WINDOWS\System32\gdi32full.dll
0x00007fffe5ff0000 - 0x00007fffe628a000 	C:\WINDOWS\WinSxS\amd64_microsoft.windows.common-controls_6595b64144ccf1df_6.0.19041.1110_none_60b5254171f9507e\COMCTL32.dll
0x00007ffffd6f0000 - 0x00007ffffd78d000 	C:\WINDOWS\System32\msvcp_win.dll
0x00007fffff130000 - 0x00007fffff1ce000 	C:\WINDOWS\System32\msvcrt.dll
0x00007ffffe390000 - 0x00007ffffe3c0000 	C:\WINDOWS\System32\IMM32.DLL
0x00007fffb24a0000 - 0x00007fffb253d000 	C:\Program Files\Android\Android Studio\jre\bin\msvcp140.dll
0x00007fff92f90000 - 0x00007fff93a5f000 	C:\Program Files\Android\Android Studio\jre\bin\server\jvm.dll
0x00007ffffe3c0000 - 0x00007ffffe46c000 	C:\WINDOWS\System32\ADVAPI32.dll
0x00007ffffefb0000 - 0x00007fffff04b000 	C:\WINDOWS\System32\sechost.dll
0x00007ffffee80000 - 0x00007ffffefaa000 	C:\WINDOWS\System32\RPCRT4.dll
0x00007ffffe320000 - 0x00007ffffe328000 	C:\WINDOWS\System32\PSAPI.DLL
0x00007fffde170000 - 0x00007fffde197000 	C:\WINDOWS\SYSTEM32\WINMM.dll
0x00007ffff9320000 - 0x00007ffff9329000 	C:\WINDOWS\SYSTEM32\WSOCK32.dll
0x00007ffff71b0000 - 0x00007ffff71ba000 	C:\WINDOWS\SYSTEM32\VERSION.dll
0x00007ffffe640000 - 0x00007ffffe6ab000 	C:\WINDOWS\System32\WS2_32.dll
0x00007ffffbf30000 - 0x00007ffffbf42000 	C:\WINDOWS\SYSTEM32\kernel.appcore.dll
0x00007ffff78b0000 - 0x00007ffff78c1000 	C:\Program Files\Android\Android Studio\jre\bin\verify.dll
0x00007ffffb350000 - 0x00007ffffb534000 	C:\WINDOWS\SYSTEM32\DBGHELP.DLL
0x00007fffce230000 - 0x00007fffce25c000 	C:\WINDOWS\SYSTEM32\dbgcore.DLL
0x00007ffffd790000 - 0x00007ffffd812000 	C:\WINDOWS\System32\bcryptPrimitives.dll
0x00007fffee550000 - 0x00007fffee579000 	C:\Program Files\Android\Android Studio\jre\bin\java.dll
0x00007ffff7ae0000 - 0x00007ffff7aeb000 	C:\Program Files\Android\Android Studio\jre\bin\jimage.dll
0x00007fffec3b0000 - 0x00007fffec3c8000 	C:\Program Files\Android\Android Studio\jre\bin\zip.dll
0x00007fffff6a0000 - 0x00007fffffde4000 	C:\WINDOWS\System32\SHELL32.dll
0x00007ffffb780000 - 0x00007ffffbf14000 	C:\WINDOWS\SYSTEM32\windows.storage.dll
0x00007fffff340000 - 0x00007fffff695000 	C:\WINDOWS\System32\combase.dll
0x00007ffffcff0000 - 0x00007ffffd01e000 	C:\WINDOWS\SYSTEM32\Wldp.dll
0x00007ffffe150000 - 0x00007ffffe1fd000 	C:\WINDOWS\System32\SHCORE.dll
0x00007ffffe020000 - 0x00007ffffe075000 	C:\WINDOWS\System32\shlwapi.dll
0x00007ffffd630000 - 0x00007ffffd64f000 	C:\WINDOWS\SYSTEM32\profapi.dll
0x00007fffec2a0000 - 0x00007fffec2ba000 	C:\Program Files\Android\Android Studio\jre\bin\net.dll
0x00007fffeef20000 - 0x00007fffef02c000 	C:\WINDOWS\SYSTEM32\WINHTTP.dll
0x00007ffffcd70000 - 0x00007ffffcdda000 	C:\WINDOWS\system32\mswsock.dll
0x00007fffe7230000 - 0x00007fffe7244000 	C:\Program Files\Android\Android Studio\jre\bin\nio.dll
0x00007fffe9fb0000 - 0x00007fffe9fd7000 	C:\Users\nguye\.gradle\native\8bec1ad78214c89d9ad589b4d07fe93259594b29d510b10fafb7a158f7737e5d\windows-amd64\native-platform.dll
0x00007fffaf020000 - 0x00007fffaf15d000 	C:\Users\nguye\.gradle\native\53dbd7edfb1c66fb8903c78663c9afc45aea4f116125fa6feffd364cf09443e8\windows-amd64\native-platform-file-events.dll
0x00007ffff7540000 - 0x00007ffff754a000 	C:\Program Files\Android\Android Studio\jre\bin\management.dll
0x00007ffff6fe0000 - 0x00007ffff6fec000 	C:\Program Files\Android\Android Studio\jre\bin\management_ext.dll
0x00007ffffd0a0000 - 0x00007ffffd0b8000 	C:\WINDOWS\SYSTEM32\CRYPTSP.dll
0x00007ffffc710000 - 0x00007ffffc744000 	C:\WINDOWS\system32\rsaenh.dll
0x00007ffffd920000 - 0x00007ffffd947000 	C:\WINDOWS\System32\bcrypt.dll
0x00007ffffd5f0000 - 0x00007ffffd61e000 	C:\WINDOWS\SYSTEM32\USERENV.dll
0x00007ffffcf60000 - 0x00007ffffcf6c000 	C:\WINDOWS\SYSTEM32\CRYPTBASE.dll
0x00007ffffca80000 - 0x00007ffffcabb000 	C:\WINDOWS\SYSTEM32\IPHLPAPI.DLL
0x00007ffffee70000 - 0x00007ffffee78000 	C:\WINDOWS\System32\NSI.dll
0x00007ffff5670000 - 0x00007ffff5687000 	C:\WINDOWS\SYSTEM32\dhcpcsvc6.DLL
0x00007ffff5580000 - 0x00007ffff559d000 	C:\WINDOWS\SYSTEM32\dhcpcsvc.DLL
0x00007ffffcac0000 - 0x00007ffffcb8b000 	C:\WINDOWS\SYSTEM32\DNSAPI.dll
0x00007fffcd120000 - 0x00007fffcd147000 	C:\Program Files\Android\Android Studio\jre\bin\sunec.dll
0x00007fffede70000 - 0x00007fffede7a000 	C:\Windows\System32\rasadhlp.dll
0x00007fffeec20000 - 0x00007fffeec9f000 	C:\WINDOWS\System32\fwpuclnt.dll

dbghelp: loaded successfully - version: 4.0.5 - missing functions: none
symbol engine: initialized successfully - sym options: 0x614 - pdb path: .;C:\Program Files\Android\Android Studio\jre\bin;C:\WINDOWS\SYSTEM32;C:\WINDOWS\WinSxS\amd64_microsoft.windows.common-controls_6595b64144ccf1df_6.0.19041.1110_none_60b5254171f9507e;C:\Program Files\Android\Android Studio\jre\bin\server;C:\Users\nguye\.gradle\native\8bec1ad78214c89d9ad589b4d07fe93259594b29d510b10fafb7a158f7737e5d\windows-amd64;C:\Users\nguye\.gradle\native\53dbd7edfb1c66fb8903c78663c9afc45aea4f116125fa6feffd364cf09443e8\windows-amd64

VM Arguments:
jvm_args: --add-opens=java.base/java.util=ALL-UNNAMED --add-opens=java.base/java.lang=ALL-UNNAMED --add-opens=java.base/java.lang.invoke=ALL-UNNAMED --add-opens=java.base/java.util=ALL-UNNAMED --add-opens=java.prefs/java.util.prefs=ALL-UNNAMED --add-opens=java.prefs/java.util.prefs=ALL-UNNAMED --add-opens=java.base/java.nio.charset=ALL-UNNAMED --add-opens=java.base/java.net=ALL-UNNAMED --add-opens=java.base/java.util.concurrent.atomic=ALL-UNNAMED -Xmx2048m -Dfile.encoding=UTF-8 -Duser.country=US -Duser.language=en -Duser.variant 
java_command: org.gradle.launcher.daemon.bootstrap.GradleDaemon 7.0.2
java_class_path (initial): C:\Users\nguye\.gradle\wrapper\dists\gradle-7.0.2-bin\857tjihv64xamwrf0h14cai3r\gradle-7.0.2\lib\gradle-launcher-7.0.2.jar
Launcher Type: SUN_STANDARD

[Global flags]
     intx CICompilerCount                          = 4                                         {product} {ergonomic}
     uint ConcGCThreads                            = 2                                         {product} {ergonomic}
     uint G1ConcRefinementThreads                  = 8                                         {product} {ergonomic}
   size_t G1HeapRegionSize                         = 1048576                                   {product} {ergonomic}
    uintx GCDrainStackTargetSize                   = 64                                        {product} {ergonomic}
   size_t InitialHeapSize                          = 134217728                                 {product} {ergonomic}
   size_t MarkStackSize                            = 4194304                                   {product} {ergonomic}
   size_t MaxHeapSize                              = 2147483648                                {product} {command line}
   size_t MaxNewSize                               = 1287651328                                {product} {ergonomic}
   size_t MinHeapDeltaBytes                        = 1048576                                   {product} {ergonomic}
    uintx NonNMethodCodeHeapSize                   = 5836300                                {pd product} {ergonomic}
    uintx NonProfiledCodeHeapSize                  = 122910970                              {pd product} {ergonomic}
    uintx ProfiledCodeHeapSize                     = 122910970                              {pd product} {ergonomic}
    uintx ReservedCodeCacheSize                    = 251658240                              {pd product} {ergonomic}
     bool SegmentedCodeCache                       = true                                      {product} {ergonomic}
     bool UseCompressedClassPointers               = true                                 {lp64_product} {ergonomic}
     bool UseCompressedOops                        = true                                 {lp64_product} {ergonomic}
     bool UseG1GC                                  = true                                      {product} {ergonomic}
     bool UseLargePagesIndividualAllocation        = false                                  {pd product} {ergonomic}

Logging:
Log output configuration:
 #0: stdout all=warning uptime,level,tags
 #1: stderr all=off uptime,level,tags

Environment Variables:
JAVA_HOME=C:\Program Files\Java\jdk-17\bin
PATH=C:\Program Files\Common Files\Oracle\Java\javapath;C:\WINDOWS\system32;C:\WINDOWS;C:\WINDOWS\System32\Wbem;C:\WINDOWS\System32\WindowsPowerShell\v1.0\;C:\WINDOWS\System32\OpenSSH\;C:\Program Files\dotnet\;C:\Program Files\NVIDIA Corporation\NVIDIA NvDLISR;C:\Program Files\Microsoft SQL Server\Client SDK\ODBC\170\Tools\Binn\;C:\Program Files (x86)\Microsoft SQL Server\150\Tools\Binn\;C:\Program Files\Microsoft SQL Server\150\Tools\Binn\;C:\Program Files\Microsoft SQL Server\150\DTS\Binn\;C:\Program Files (x86)\Microsoft SQL Server\150\DTS\Binn\;C:\Program Files\Azure Data Studio\bin;C:\Program Files\Microsoft SQL Server\130\Tools\Binn\;C:\Program Files (x86)\dotnet\;C:\Program Files\MiKTeX\miktex\bin\x64\;C:\Strawberry\c\bin;C:\Strawberry\perl\site\bin;C:\Strawberry\perl\bin;C:\Program Files\Git\cmd;C:\xampp\php;C:\ProgramData\ComposerSetup\bin;C:\Program Files\nodejs\;C:\Program Files\Docker\Docker\resources\bin;C:\ProgramData\DockerDesktop\version-bin;C:\Users\nguye\AppData\Local\Microsoft\WindowsApps;C:\Users\nguye\AppData\Local\GitHubDesktop\bin;C:\Users\nguye\AppData\Local\Programs\Microsoft VS Code\bin;;C:\Program Files\Azure Data Studio\bin;C:\Users\nguye\.dotnet\tools;C:\Users\nguye\AppData\Roaming\Composer\vendor\bin;C:\Users\nguye\AppData\Roaming\npm
USERNAME=nguye
OS=Windows_NT
PROCESSOR_IDENTIFIER=Intel64 Family 6 Model 158 Stepping 10, GenuineIntel



---------------  S Y S T E M  ---------------

OS: Windows 10 , 64 bit Build 19041 (10.0.19041.1348)
OS uptime: 3 days 13:51 hours
Hyper-V role detected

CPU:total 8 (initial active 8) (4 cores per cpu, 2 threads per core) family 6 model 158 stepping 10 microcode 0xea, cmov, cx8, fxsr, mmx, sse, sse2, sse3, ssse3, sse4.1, sse4.2, popcnt, avx, avx2, aes, clmul, erms, 3dnowpref, lzcnt, ht, tsc, tscinvbit, bmi1, bmi2, adx, fma

Memory: 4k page, system-wide physical 8072M (396M free)
TotalPageFile size 16264M (AvailPageFile size 2M)
current process WorkingSet (physical memory assigned to process): 412M, peak: 468M
current process commit charge ("private bytes"): 717M, peak: 717M

vm_info: OpenJDK 64-Bit Server VM (11.0.10+0-b96-7249189) for windows-amd64 JRE (11.0.10+0-b96-7249189), built on Mar 31 2021 21:44:00 by "builder" with MS VC++ 14.0 (VS2015)

END.
